[4.637s] Invoking command in '/home/jetson/capstone_ws/rob498_drone': PYTHONPATH=/home/jetson/capstone_ws/build/rob498_drone/prefix_override:/usr/lib/python3/dist-packages/colcon_core/task/python/colcon_distutils_commands:/home/jetson/capstone_ws/install/rob498_drone/lib/python3.8/site-packages:${PYTHONPATH} /usr/bin/python3 -W ignore:setup.py install is deprecated -W ignore:easy_install command is deprecated setup.py egg_info --egg-base ../build/rob498_drone build --build-base /home/jetson/capstone_ws/build/rob498_drone/build install --record /home/jetson/capstone_ws/build/rob498_drone/install.log --install-scripts $base/lib/rob498_drone --single-version-externally-managed
[6.160s] /usr/local/lib/python3.8/dist-packages/setuptools/dist.py:717: UserWarning: Usage of dash-separated 'script-dir' will not be supported in future versions. Please use the underscore name 'script_dir' instead
[6.160s]   warnings.warn(
[6.372s] running egg_info
[6.374s] writing ../build/rob498_drone/rob498_drone.egg-info/PKG-INFO
[6.375s] writing dependency_links to ../build/rob498_drone/rob498_drone.egg-info/dependency_links.txt
[6.377s] writing entry points to ../build/rob498_drone/rob498_drone.egg-info/entry_points.txt
[6.378s] writing requirements to ../build/rob498_drone/rob498_drone.egg-info/requires.txt
[6.378s] writing top-level names to ../build/rob498_drone/rob498_drone.egg-info/top_level.txt
[6.399s] reading manifest file '../build/rob498_drone/rob498_drone.egg-info/SOURCES.txt'
[6.408s] writing manifest file '../build/rob498_drone/rob498_drone.egg-info/SOURCES.txt'
[6.409s] running build
[6.411s] running build_py
[6.413s] copying rob498_drone/comm_node.py -> /home/jetson/capstone_ws/build/rob498_drone/build/lib/rob498_drone
[6.415s] running install
[6.420s] running install_lib
[6.426s] copying /home/jetson/capstone_ws/build/rob498_drone/build/lib/rob498_drone/comm_node.py -> /home/jetson/capstone_ws/install/rob498_drone/lib/python3.8/site-packages/rob498_drone
[6.429s] byte-compiling /home/jetson/capstone_ws/install/rob498_drone/lib/python3.8/site-packages/rob498_drone/comm_node.py to comm_node.cpython-38.pyc
[6.431s] running install_egg_info
[6.443s] Copying ../build/rob498_drone/rob498_drone.egg-info to /home/jetson/capstone_ws/install/rob498_drone/lib/python3.8/site-packages/rob498_drone-0.0.1-py3.8.egg-info
[6.453s] running install_scripts
[6.559s] Installing comm_node script to /home/jetson/capstone_ws/install/rob498_drone/lib/rob498_drone
[6.562s] writing list of installed files to '/home/jetson/capstone_ws/build/rob498_drone/install.log'
[6.715s] Invoked command in '/home/jetson/capstone_ws/rob498_drone' returned '0': PYTHONPATH=/home/jetson/capstone_ws/build/rob498_drone/prefix_override:/usr/lib/python3/dist-packages/colcon_core/task/python/colcon_distutils_commands:/home/jetson/capstone_ws/install/rob498_drone/lib/python3.8/site-packages:${PYTHONPATH} /usr/bin/python3 -W ignore:setup.py install is deprecated -W ignore:easy_install command is deprecated setup.py egg_info --egg-base ../build/rob498_drone build --build-base /home/jetson/capstone_ws/build/rob498_drone/build install --record /home/jetson/capstone_ws/build/rob498_drone/install.log --install-scripts $base/lib/rob498_drone --single-version-externally-managed
