[0.100s] Invoking command in '/home/jetson/capstone_ws/build/px4_autonomy_modules': CMAKE_PREFIX_PATH=/home/jetson/capstone_ws/install/rob498_drone:/opt/ros/foxy /usr/bin/cmake /home/jetson/capstone_ws/src/px4_autonomy_modules -DCMAKE_INSTALL_PREFIX=/home/jetson/capstone_ws/install/px4_autonomy_modules
[1.010s] -- The C compiler identification is GNU 8.4.0
[1.524s] -- The CXX compiler identification is GNU 8.4.0
[1.569s] -- Check for working C compiler: /usr/bin/cc
[2.033s] -- Check for working C compiler: /usr/bin/cc -- works
[2.048s] -- Detecting C compiler ABI info
[2.519s] -- Detecting C compiler ABI info - done
[2.604s] -- Detecting C compile features
[2.608s] -- Detecting C compile features - done
[2.625s] -- Check for working CXX compiler: /usr/bin/c++
[2.987s] -- Check for working CXX compiler: /usr/bin/c++ -- works
[2.993s] -- Detecting CXX compiler ABI info
[3.355s] -- Detecting CXX compiler ABI info - done
[3.416s] -- Detecting CXX compile features
[3.418s] -- Detecting CXX compile features - done
[3.457s] -- Found ament_cmake: 0.9.12 (/opt/ros/foxy/share/ament_cmake/cmake)
[3.607s] -- Found PythonInterp: /usr/bin/python3 (found suitable version "3.8.10", minimum required is "3") 
[3.608s] -- Using PYTHON_EXECUTABLE: /usr/bin/python3
[5.017s] -- Found rclcpp: 2.4.3 (/opt/ros/foxy/share/rclcpp/cmake)
[5.380s] -- Using all available rosidl_typesupport_c: rosidl_typesupport_fastrtps_c;rosidl_typesupport_introspection_c
[5.439s] -- Found rosidl_adapter: 1.3.1 (/opt/ros/foxy/share/rosidl_adapter/cmake)
[5.965s] -- Found OpenSSL: /usr/lib/aarch64-linux-gnu/libcrypto.so (found version "1.1.1f")  
[6.102s] -- Found FastRTPS: /opt/ros/foxy/include  
[6.557s] -- Using all available rosidl_typesupport_cpp: rosidl_typesupport_fastrtps_cpp;rosidl_typesupport_introspection_cpp
[6.926s] -- Found rmw_implementation_cmake: 1.0.4 (/opt/ros/foxy/share/rmw_implementation_cmake/cmake)
[6.937s] -- Using RMW implementation 'rmw_fastrtps_cpp' as default
[6.946s] -- Looking for pthread.h
[7.339s] -- Looking for pthread.h - found
[7.339s] -- Performing Test CMAKE_HAVE_LIBC_PTHREAD
[7.658s] -- Performing Test CMAKE_HAVE_LIBC_PTHREAD - Failed
[7.659s] -- Looking for pthread_create in pthreads
[7.888s] -- Looking for pthread_create in pthreads - not found
[7.889s] -- Looking for pthread_create in pthread
[8.171s] -- Looking for pthread_create in pthread - found
[8.175s] -- Found Threads: TRUE  
[9.032s] -- Found geometry_msgs: 2.0.5 (/opt/ros/foxy/share/geometry_msgs/cmake)
[9.227s] -- Found std_srvs: 2.0.5 (/opt/ros/foxy/share/std_srvs/cmake)
[9.291s] -- Found mavros_msgs: 2.4.0 (/opt/ros/foxy/share/mavros_msgs/cmake)
[12.094s] -- Found mavros: 2.4.0 (/opt/ros/foxy/share/mavros/cmake)
[12.487s] -- Configuring done
[12.496s] -- Generating done
[12.505s] -- Build files have been written to: /home/jetson/capstone_ws/build/px4_autonomy_modules
[12.546s] Invoked command in '/home/jetson/capstone_ws/build/px4_autonomy_modules' returned '0': CMAKE_PREFIX_PATH=/home/jetson/capstone_ws/install/rob498_drone:/opt/ros/foxy /usr/bin/cmake /home/jetson/capstone_ws/src/px4_autonomy_modules -DCMAKE_INSTALL_PREFIX=/home/jetson/capstone_ws/install/px4_autonomy_modules
[12.556s] Invoking command in '/home/jetson/capstone_ws/build/px4_autonomy_modules': CMAKE_PREFIX_PATH=/home/jetson/capstone_ws/install/rob498_drone:/opt/ros/foxy /usr/bin/cmake --build /home/jetson/capstone_ws/build/px4_autonomy_modules -- -j4 -l4
[12.737s] Invoked command in '/home/jetson/capstone_ws/build/px4_autonomy_modules' returned '0': CMAKE_PREFIX_PATH=/home/jetson/capstone_ws/install/rob498_drone:/opt/ros/foxy /usr/bin/cmake --build /home/jetson/capstone_ws/build/px4_autonomy_modules -- -j4 -l4
[12.791s] Invoking command in '/home/jetson/capstone_ws/build/px4_autonomy_modules': CMAKE_PREFIX_PATH=/home/jetson/capstone_ws/install/rob498_drone:/opt/ros/foxy /usr/bin/cmake --install /home/jetson/capstone_ws/build/px4_autonomy_modules
[12.823s] -- Install configuration: ""
[12.823s] -- Installing: /home/jetson/capstone_ws/install/px4_autonomy_modules/share/px4_autonomy_modules/launch
[12.824s] -- Installing: /home/jetson/capstone_ws/install/px4_autonomy_modules/share/px4_autonomy_modules/launch/px4_config.yaml
[12.825s] -- Installing: /home/jetson/capstone_ws/install/px4_autonomy_modules/share/px4_autonomy_modules/launch/px4_pluginlists.yaml
[12.827s] -- Installing: /home/jetson/capstone_ws/install/px4_autonomy_modules/share/px4_autonomy_modules/launch/mavros.launch.py
[12.830s] -- Installing: /home/jetson/capstone_ws/install/px4_autonomy_modules/share/ament_index/resource_index/package_run_dependencies/px4_autonomy_modules
[12.831s] -- Installing: /home/jetson/capstone_ws/install/px4_autonomy_modules/share/ament_index/resource_index/parent_prefix_path/px4_autonomy_modules
[12.832s] -- Installing: /home/jetson/capstone_ws/install/px4_autonomy_modules/share/px4_autonomy_modules/environment/ament_prefix_path.sh
[12.832s] -- Installing: /home/jetson/capstone_ws/install/px4_autonomy_modules/share/px4_autonomy_modules/environment/ament_prefix_path.dsv
[12.833s] -- Installing: /home/jetson/capstone_ws/install/px4_autonomy_modules/share/px4_autonomy_modules/environment/path.sh
[12.833s] -- Installing: /home/jetson/capstone_ws/install/px4_autonomy_modules/share/px4_autonomy_modules/environment/path.dsv
[12.833s] -- Installing: /home/jetson/capstone_ws/install/px4_autonomy_modules/share/px4_autonomy_modules/local_setup.bash
[12.834s] -- Installing: /home/jetson/capstone_ws/install/px4_autonomy_modules/share/px4_autonomy_modules/local_setup.sh
[12.835s] -- Installing: /home/jetson/capstone_ws/install/px4_autonomy_modules/share/px4_autonomy_modules/local_setup.zsh
[12.835s] -- Installing: /home/jetson/capstone_ws/install/px4_autonomy_modules/share/px4_autonomy_modules/local_setup.dsv
[12.836s] -- Installing: /home/jetson/capstone_ws/install/px4_autonomy_modules/share/px4_autonomy_modules/package.dsv
[12.836s] -- Installing: /home/jetson/capstone_ws/install/px4_autonomy_modules/share/ament_index/resource_index/packages/px4_autonomy_modules
[12.837s] -- Installing: /home/jetson/capstone_ws/install/px4_autonomy_modules/share/px4_autonomy_modules/cmake/px4_autonomy_modulesConfig.cmake
[12.837s] -- Installing: /home/jetson/capstone_ws/install/px4_autonomy_modules/share/px4_autonomy_modules/cmake/px4_autonomy_modulesConfig-version.cmake
[12.838s] -- Installing: /home/jetson/capstone_ws/install/px4_autonomy_modules/share/px4_autonomy_modules/package.xml
[12.848s] Invoked command in '/home/jetson/capstone_ws/build/px4_autonomy_modules' returned '0': CMAKE_PREFIX_PATH=/home/jetson/capstone_ws/install/rob498_drone:/opt/ros/foxy /usr/bin/cmake --install /home/jetson/capstone_ws/build/px4_autonomy_modules
