[0.251s] DEBUG:colcon:Command line arguments: ['/usr/bin/colcon', 'build']
[0.251s] DEBUG:colcon:Parsed command line arguments: Namespace(allow_overriding=[], ament_cmake_args=None, base_paths=['.'], build_base='build', catkin_cmake_args=None, catkin_skip_building_tests=False, cmake_args=None, cmake_clean_cache=False, cmake_clean_first=False, cmake_force_configure=False, cmake_target=None, cmake_target_skip_unavailable=False, continue_on_error=False, event_handlers=None, executor='parallel', ignore_user_meta=False, install_base='install', log_base=None, log_level=None, main=<bound method BuildVerb.main of <colcon_core.verb.build.BuildVerb object at 0x7fd80476b850>>, merge_install=False, metas=['./colcon.meta'], mixin=None, mixin_files=None, mixin_verb=('build',), packages_above=None, packages_above_and_dependencies=None, packages_above_depth=None, packages_end=None, packages_ignore=None, packages_ignore_regex=None, packages_select=None, packages_select_build_failed=False, packages_select_by_dep=None, packages_select_regex=None, packages_select_test_failures=False, packages_skip=None, packages_skip_build_finished=False, packages_skip_by_dep=None, packages_skip_regex=None, packages_skip_test_passed=False, packages_skip_up_to=None, packages_start=None, packages_up_to=None, packages_up_to_regex=None, parallel_workers=8, paths=None, symlink_install=False, test_result_base=None, verb_extension=<colcon_core.verb.build.BuildVerb object at 0x7fd80476b850>, verb_name='build', verb_parser=<colcon_mixin.mixin.mixin_argument.MixinArgumentDecorator object at 0x7fd80477a1c0>)
[0.317s] Level 1:colcon.colcon_core.package_discovery:discover_packages(colcon_meta) check parameters
[0.317s] Level 1:colcon.colcon_core.package_discovery:discover_packages(recursive) check parameters
[0.317s] Level 1:colcon.colcon_core.package_discovery:discover_packages(ignore) check parameters
[0.317s] Level 1:colcon.colcon_core.package_discovery:discover_packages(path) check parameters
[0.317s] Level 1:colcon.colcon_core.package_discovery:discover_packages(colcon_meta) discover
[0.317s] Level 1:colcon.colcon_core.package_discovery:discover_packages(recursive) discover
[0.317s] INFO:colcon.colcon_core.package_discovery:Crawling recursively for packages in '/home/autoronto/capstone_ws'
[0.317s] Level 1:colcon.colcon_core.package_identification:_identify(.) by extensions ['ignore', 'ignore_ament_install']
[0.317s] Level 1:colcon.colcon_core.package_identification:_identify(.) by extension 'ignore'
[0.318s] Level 1:colcon.colcon_core.package_identification:_identify(.) by extension 'ignore_ament_install'
[0.318s] Level 1:colcon.colcon_core.package_identification:_identify(.) by extensions ['colcon_pkg']
[0.318s] Level 1:colcon.colcon_core.package_identification:_identify(.) by extension 'colcon_pkg'
[0.318s] Level 1:colcon.colcon_core.package_identification:_identify(.) by extensions ['colcon_meta']
[0.318s] Level 1:colcon.colcon_core.package_identification:_identify(.) by extension 'colcon_meta'
[0.318s] Level 1:colcon.colcon_core.package_identification:_identify(.) by extensions ['ros']
[0.318s] Level 1:colcon.colcon_core.package_identification:_identify(.) by extension 'ros'
[0.321s] Level 1:colcon.colcon_core.package_identification:_identify(.) by extensions ['cmake', 'python']
[0.321s] Level 1:colcon.colcon_core.package_identification:_identify(.) by extension 'cmake'
[0.322s] Level 1:colcon.colcon_core.package_identification:_identify(.) by extension 'python'
[0.322s] Level 1:colcon.colcon_core.package_identification:_identify(.) by extensions ['python_setup_py']
[0.322s] Level 1:colcon.colcon_core.package_identification:_identify(.) by extension 'python_setup_py'
[0.322s] Level 1:colcon.colcon_core.package_identification:_identify(build) by extensions ['ignore', 'ignore_ament_install']
[0.322s] Level 1:colcon.colcon_core.package_identification:_identify(build) by extension 'ignore'
[0.322s] Level 1:colcon.colcon_core.package_identification:_identify(build) ignored
[0.322s] Level 1:colcon.colcon_core.package_identification:_identify(install) by extensions ['ignore', 'ignore_ament_install']
[0.322s] Level 1:colcon.colcon_core.package_identification:_identify(install) by extension 'ignore'
[0.322s] Level 1:colcon.colcon_core.package_identification:_identify(install) ignored
[0.322s] Level 1:colcon.colcon_core.package_identification:_identify(log) by extensions ['ignore', 'ignore_ament_install']
[0.323s] Level 1:colcon.colcon_core.package_identification:_identify(log) by extension 'ignore'
[0.323s] Level 1:colcon.colcon_core.package_identification:_identify(log) ignored
[0.323s] Level 1:colcon.colcon_core.package_identification:_identify(src) by extensions ['ignore', 'ignore_ament_install']
[0.323s] Level 1:colcon.colcon_core.package_identification:_identify(src) by extension 'ignore'
[0.323s] Level 1:colcon.colcon_core.package_identification:_identify(src) by extension 'ignore_ament_install'
[0.323s] Level 1:colcon.colcon_core.package_identification:_identify(src) by extensions ['colcon_pkg']
[0.323s] Level 1:colcon.colcon_core.package_identification:_identify(src) by extension 'colcon_pkg'
[0.323s] Level 1:colcon.colcon_core.package_identification:_identify(src) by extensions ['colcon_meta']
[0.323s] Level 1:colcon.colcon_core.package_identification:_identify(src) by extension 'colcon_meta'
[0.323s] Level 1:colcon.colcon_core.package_identification:_identify(src) by extensions ['ros']
[0.323s] Level 1:colcon.colcon_core.package_identification:_identify(src) by extension 'ros'
[0.323s] Level 1:colcon.colcon_core.package_identification:_identify(src) by extensions ['cmake', 'python']
[0.323s] Level 1:colcon.colcon_core.package_identification:_identify(src) by extension 'cmake'
[0.323s] Level 1:colcon.colcon_core.package_identification:_identify(src) by extension 'python'
[0.323s] Level 1:colcon.colcon_core.package_identification:_identify(src) by extensions ['python_setup_py']
[0.323s] Level 1:colcon.colcon_core.package_identification:_identify(src) by extension 'python_setup_py'
[0.323s] Level 1:colcon.colcon_core.package_identification:_identify(src/px4_autonomy_modules) by extensions ['ignore', 'ignore_ament_install']
[0.323s] Level 1:colcon.colcon_core.package_identification:_identify(src/px4_autonomy_modules) by extension 'ignore'
[0.324s] Level 1:colcon.colcon_core.package_identification:_identify(src/px4_autonomy_modules) by extension 'ignore_ament_install'
[0.324s] Level 1:colcon.colcon_core.package_identification:_identify(src/px4_autonomy_modules) by extensions ['colcon_pkg']
[0.324s] Level 1:colcon.colcon_core.package_identification:_identify(src/px4_autonomy_modules) by extension 'colcon_pkg'
[0.324s] Level 1:colcon.colcon_core.package_identification:_identify(src/px4_autonomy_modules) by extensions ['colcon_meta']
[0.324s] Level 1:colcon.colcon_core.package_identification:_identify(src/px4_autonomy_modules) by extension 'colcon_meta'
[0.324s] Level 1:colcon.colcon_core.package_identification:_identify(src/px4_autonomy_modules) by extensions ['ros']
[0.324s] Level 1:colcon.colcon_core.package_identification:_identify(src/px4_autonomy_modules) by extension 'ros'
[0.328s] DEBUG:colcon.colcon_core.package_identification:Package 'src/px4_autonomy_modules' with type 'ros.ament_cmake' and name 'px4_autonomy_modules'
[0.328s] Level 1:colcon.colcon_core.package_discovery:discover_packages(recursive) using defaults
[0.328s] Level 1:colcon.colcon_core.package_discovery:discover_packages(ignore) discover
[0.328s] Level 1:colcon.colcon_core.package_discovery:discover_packages(ignore) using defaults
[0.328s] Level 1:colcon.colcon_core.package_discovery:discover_packages(path) discover
[0.328s] Level 1:colcon.colcon_core.package_discovery:discover_packages(path) using defaults
[0.366s] Level 1:colcon.colcon_core.package_discovery:discover_packages(prefix_path) check parameters
[0.366s] Level 1:colcon.colcon_core.package_discovery:discover_packages(prefix_path) discover
[0.368s] DEBUG:colcon.colcon_installed_package_information.package_discovery:Found 1 installed packages in /home/autoronto/px4_ws/install
[0.369s] DEBUG:colcon.colcon_installed_package_information.package_discovery:Found 1 installed packages in /home/autoronto/rob498_ws/install
[0.369s] DEBUG:colcon.colcon_installed_package_information.package_discovery:Found 1 installed packages in /home/autoronto/rob498_ws/src/ROB498-Capstone-Project/rob498_drone/install
[0.370s] DEBUG:colcon.colcon_installed_package_information.package_discovery:Found 273 installed packages in /opt/ros/foxy
[0.372s] Level 1:colcon.colcon_core.package_discovery:discover_packages(prefix_path) using defaults
[0.433s] Level 5:colcon.colcon_core.verb:set package 'px4_autonomy_modules' build argument 'cmake_args' from command line to 'None'
[0.434s] Level 5:colcon.colcon_core.verb:set package 'px4_autonomy_modules' build argument 'cmake_target' from command line to 'None'
[0.434s] Level 5:colcon.colcon_core.verb:set package 'px4_autonomy_modules' build argument 'cmake_target_skip_unavailable' from command line to 'False'
[0.434s] Level 5:colcon.colcon_core.verb:set package 'px4_autonomy_modules' build argument 'cmake_clean_cache' from command line to 'False'
[0.434s] Level 5:colcon.colcon_core.verb:set package 'px4_autonomy_modules' build argument 'cmake_clean_first' from command line to 'False'
[0.434s] Level 5:colcon.colcon_core.verb:set package 'px4_autonomy_modules' build argument 'cmake_force_configure' from command line to 'False'
[0.434s] Level 5:colcon.colcon_core.verb:set package 'px4_autonomy_modules' build argument 'ament_cmake_args' from command line to 'None'
[0.434s] Level 5:colcon.colcon_core.verb:set package 'px4_autonomy_modules' build argument 'catkin_cmake_args' from command line to 'None'
[0.434s] Level 5:colcon.colcon_core.verb:set package 'px4_autonomy_modules' build argument 'catkin_skip_building_tests' from command line to 'False'
[0.434s] DEBUG:colcon.colcon_core.verb:Building package 'px4_autonomy_modules' with the following arguments: {'ament_cmake_args': None, 'build_base': '/home/autoronto/capstone_ws/build/px4_autonomy_modules', 'catkin_cmake_args': None, 'catkin_skip_building_tests': False, 'cmake_args': None, 'cmake_clean_cache': False, 'cmake_clean_first': False, 'cmake_force_configure': False, 'cmake_target': None, 'cmake_target_skip_unavailable': False, 'install_base': '/home/autoronto/capstone_ws/install/px4_autonomy_modules', 'merge_install': False, 'path': '/home/autoronto/capstone_ws/src/px4_autonomy_modules', 'symlink_install': False, 'test_result_base': None}
[0.434s] INFO:colcon.colcon_core.executor:Executing jobs using 'parallel' executor
[0.435s] DEBUG:colcon.colcon_parallel_executor.executor.parallel:run_until_complete
[0.435s] INFO:colcon.colcon_ros.task.ament_cmake.build:Building ROS package in '/home/autoronto/capstone_ws/src/px4_autonomy_modules' with build type 'ament_cmake'
[0.436s] INFO:colcon.colcon_cmake.task.cmake.build:Building CMake package in '/home/autoronto/capstone_ws/src/px4_autonomy_modules'
[0.439s] INFO:colcon.colcon_core.plugin_system:Skipping extension 'colcon_core.shell.bat': Not used on non-Windows systems
[0.439s] INFO:colcon.colcon_core.shell:Skip shell extension 'powershell' for command environment: Not usable outside of PowerShell
[0.439s] DEBUG:colcon.colcon_core.shell:Skip shell extension 'dsv' for command environment
[0.457s] DEBUG:colcon.colcon_core.event_handler.log_command:Invoking command in '/home/autoronto/capstone_ws/build/px4_autonomy_modules': CMAKE_PREFIX_PATH=/home/autoronto/px4_ws/install/px4:/opt/ros/foxy:/home/autoronto/rob498_ws/install/rob498_ws:/home/autoronto/rob498_ws/src/ROB498-Capstone-Project/rob498_drone/install/rob498_drone /usr/local/bin/cmake /home/autoronto/capstone_ws/src/px4_autonomy_modules -DCMAKE_INSTALL_PREFIX=/home/autoronto/capstone_ws/install/px4_autonomy_modules
[2.327s] DEBUG:colcon.colcon_core.event_handler.log_command:Invoked command in '/home/autoronto/capstone_ws/build/px4_autonomy_modules' returned '0': CMAKE_PREFIX_PATH=/home/autoronto/px4_ws/install/px4:/opt/ros/foxy:/home/autoronto/rob498_ws/install/rob498_ws:/home/autoronto/rob498_ws/src/ROB498-Capstone-Project/rob498_drone/install/rob498_drone /usr/local/bin/cmake /home/autoronto/capstone_ws/src/px4_autonomy_modules -DCMAKE_INSTALL_PREFIX=/home/autoronto/capstone_ws/install/px4_autonomy_modules
[2.330s] DEBUG:colcon.colcon_core.event_handler.log_command:Invoking command in '/home/autoronto/capstone_ws/build/px4_autonomy_modules': CMAKE_PREFIX_PATH=/home/autoronto/px4_ws/install/px4:/opt/ros/foxy:/home/autoronto/rob498_ws/install/rob498_ws:/home/autoronto/rob498_ws/src/ROB498-Capstone-Project/rob498_drone/install/rob498_drone /usr/local/bin/cmake --build /home/autoronto/capstone_ws/build/px4_autonomy_modules -- -j8 -l8
[2.356s] DEBUG:colcon.colcon_core.event_handler.log_command:Invoked command in '/home/autoronto/capstone_ws/build/px4_autonomy_modules' returned '0': CMAKE_PREFIX_PATH=/home/autoronto/px4_ws/install/px4:/opt/ros/foxy:/home/autoronto/rob498_ws/install/rob498_ws:/home/autoronto/rob498_ws/src/ROB498-Capstone-Project/rob498_drone/install/rob498_drone /usr/local/bin/cmake --build /home/autoronto/capstone_ws/build/px4_autonomy_modules -- -j8 -l8
[2.366s] DEBUG:colcon.colcon_core.event_handler.log_command:Invoking command in '/home/autoronto/capstone_ws/build/px4_autonomy_modules': CMAKE_PREFIX_PATH=/home/autoronto/px4_ws/install/px4:/opt/ros/foxy:/home/autoronto/rob498_ws/install/rob498_ws:/home/autoronto/rob498_ws/src/ROB498-Capstone-Project/rob498_drone/install/rob498_drone /usr/local/bin/cmake --install /home/autoronto/capstone_ws/build/px4_autonomy_modules
[2.374s] Level 1:colcon.colcon_core.environment:create_environment_scripts_only(px4_autonomy_modules)
[2.376s] DEBUG:colcon.colcon_core.event_handler.log_command:Invoked command in '/home/autoronto/capstone_ws/build/px4_autonomy_modules' returned '0': CMAKE_PREFIX_PATH=/home/autoronto/px4_ws/install/px4:/opt/ros/foxy:/home/autoronto/rob498_ws/install/rob498_ws:/home/autoronto/rob498_ws/src/ROB498-Capstone-Project/rob498_drone/install/rob498_drone /usr/local/bin/cmake --install /home/autoronto/capstone_ws/build/px4_autonomy_modules
[2.380s] Level 1:colcon.colcon_core.environment:checking '/home/autoronto/capstone_ws/install/px4_autonomy_modules' for CMake module files
[2.380s] Level 1:colcon.colcon_core.environment:checking '/home/autoronto/capstone_ws/install/px4_autonomy_modules' for CMake config files
[2.380s] Level 1:colcon.colcon_core.shell:create_environment_hook('px4_autonomy_modules', 'cmake_prefix_path')
[2.381s] INFO:colcon.colcon_core.shell:Creating environment hook '/home/autoronto/capstone_ws/install/px4_autonomy_modules/share/px4_autonomy_modules/hook/cmake_prefix_path.ps1'
[2.382s] INFO:colcon.colcon_core.shell:Creating environment descriptor '/home/autoronto/capstone_ws/install/px4_autonomy_modules/share/px4_autonomy_modules/hook/cmake_prefix_path.dsv'
[2.382s] INFO:colcon.colcon_core.shell:Creating environment hook '/home/autoronto/capstone_ws/install/px4_autonomy_modules/share/px4_autonomy_modules/hook/cmake_prefix_path.sh'
[2.384s] Level 1:colcon.colcon_core.environment:checking '/home/autoronto/capstone_ws/install/px4_autonomy_modules/bin'
[2.384s] Level 1:colcon.colcon_core.environment:checking '/home/autoronto/capstone_ws/install/px4_autonomy_modules/lib/pkgconfig/px4_autonomy_modules.pc'
[2.384s] Level 1:colcon.colcon_core.environment:checking '/home/autoronto/capstone_ws/install/px4_autonomy_modules/lib/python3.8/site-packages'
[2.384s] Level 1:colcon.colcon_core.environment:checking '/home/autoronto/capstone_ws/install/px4_autonomy_modules/bin'
[2.384s] INFO:colcon.colcon_core.shell:Creating package script '/home/autoronto/capstone_ws/install/px4_autonomy_modules/share/px4_autonomy_modules/package.ps1'
[2.385s] INFO:colcon.colcon_core.shell:Creating package descriptor '/home/autoronto/capstone_ws/install/px4_autonomy_modules/share/px4_autonomy_modules/package.dsv'
[2.386s] INFO:colcon.colcon_core.shell:Creating package script '/home/autoronto/capstone_ws/install/px4_autonomy_modules/share/px4_autonomy_modules/package.sh'
[2.387s] INFO:colcon.colcon_core.shell:Creating package script '/home/autoronto/capstone_ws/install/px4_autonomy_modules/share/px4_autonomy_modules/package.bash'
[2.388s] INFO:colcon.colcon_core.shell:Creating package script '/home/autoronto/capstone_ws/install/px4_autonomy_modules/share/px4_autonomy_modules/package.zsh'
[2.388s] Level 1:colcon.colcon_core.environment:create_file_with_runtime_dependencies(/home/autoronto/capstone_ws/install/px4_autonomy_modules/share/colcon-core/packages/px4_autonomy_modules)
[2.389s] Level 1:colcon.colcon_core.environment:create_environment_scripts_only(px4_autonomy_modules)
[2.389s] Level 1:colcon.colcon_core.environment:checking '/home/autoronto/capstone_ws/install/px4_autonomy_modules' for CMake module files
[2.389s] Level 1:colcon.colcon_core.environment:checking '/home/autoronto/capstone_ws/install/px4_autonomy_modules' for CMake config files
[2.390s] Level 1:colcon.colcon_core.shell:create_environment_hook('px4_autonomy_modules', 'cmake_prefix_path')
[2.390s] INFO:colcon.colcon_core.shell:Creating environment hook '/home/autoronto/capstone_ws/install/px4_autonomy_modules/share/px4_autonomy_modules/hook/cmake_prefix_path.ps1'
[2.390s] INFO:colcon.colcon_core.shell:Creating environment descriptor '/home/autoronto/capstone_ws/install/px4_autonomy_modules/share/px4_autonomy_modules/hook/cmake_prefix_path.dsv'
[2.391s] INFO:colcon.colcon_core.shell:Creating environment hook '/home/autoronto/capstone_ws/install/px4_autonomy_modules/share/px4_autonomy_modules/hook/cmake_prefix_path.sh'
[2.391s] Level 1:colcon.colcon_core.environment:checking '/home/autoronto/capstone_ws/install/px4_autonomy_modules/bin'
[2.391s] Level 1:colcon.colcon_core.environment:checking '/home/autoronto/capstone_ws/install/px4_autonomy_modules/lib/pkgconfig/px4_autonomy_modules.pc'
[2.391s] Level 1:colcon.colcon_core.environment:checking '/home/autoronto/capstone_ws/install/px4_autonomy_modules/lib/python3.8/site-packages'
[2.392s] Level 1:colcon.colcon_core.environment:checking '/home/autoronto/capstone_ws/install/px4_autonomy_modules/bin'
[2.392s] INFO:colcon.colcon_core.shell:Creating package script '/home/autoronto/capstone_ws/install/px4_autonomy_modules/share/px4_autonomy_modules/package.ps1'
[2.392s] INFO:colcon.colcon_core.shell:Creating package descriptor '/home/autoronto/capstone_ws/install/px4_autonomy_modules/share/px4_autonomy_modules/package.dsv'
[2.393s] INFO:colcon.colcon_core.shell:Creating package script '/home/autoronto/capstone_ws/install/px4_autonomy_modules/share/px4_autonomy_modules/package.sh'
[2.393s] INFO:colcon.colcon_core.shell:Creating package script '/home/autoronto/capstone_ws/install/px4_autonomy_modules/share/px4_autonomy_modules/package.bash'
[2.394s] INFO:colcon.colcon_core.shell:Creating package script '/home/autoronto/capstone_ws/install/px4_autonomy_modules/share/px4_autonomy_modules/package.zsh'
[2.394s] Level 1:colcon.colcon_core.environment:create_file_with_runtime_dependencies(/home/autoronto/capstone_ws/install/px4_autonomy_modules/share/colcon-core/packages/px4_autonomy_modules)
[2.394s] DEBUG:colcon.colcon_parallel_executor.executor.parallel:closing loop
[2.395s] DEBUG:colcon.colcon_parallel_executor.executor.parallel:loop closed
[2.395s] DEBUG:colcon.colcon_parallel_executor.executor.parallel:run_until_complete finished with '0'
[2.395s] DEBUG:colcon.colcon_core.event_reactor:joining thread
[2.401s] INFO:colcon.colcon_core.plugin_system:Skipping extension 'colcon_notification.desktop_notification.notify_send': Could not find 'notify-send'
[2.401s] INFO:colcon.colcon_core.plugin_system:Skipping extension 'colcon_notification.desktop_notification.terminal_notifier': Not used on non-Darwin systems
[2.402s] INFO:colcon.colcon_core.plugin_system:Skipping extension 'colcon_notification.desktop_notification.win32': Not used on non-Windows systems
[2.402s] INFO:colcon.colcon_notification.desktop_notification:Sending desktop notification using 'notify2'
[2.431s] DEBUG:colcon.colcon_core.event_reactor:joined thread
[2.431s] INFO:colcon.colcon_core.shell:Creating prefix script '/home/autoronto/capstone_ws/install/local_setup.ps1'
[2.433s] INFO:colcon.colcon_core.shell:Creating prefix util module '/home/autoronto/capstone_ws/install/_local_setup_util_ps1.py'
[2.436s] INFO:colcon.colcon_core.shell:Creating prefix chain script '/home/autoronto/capstone_ws/install/setup.ps1'
[2.439s] INFO:colcon.colcon_core.shell:Creating prefix script '/home/autoronto/capstone_ws/install/local_setup.sh'
[2.440s] INFO:colcon.colcon_core.shell:Creating prefix util module '/home/autoronto/capstone_ws/install/_local_setup_util_sh.py'
[2.440s] INFO:colcon.colcon_core.shell:Creating prefix chain script '/home/autoronto/capstone_ws/install/setup.sh'
[2.442s] INFO:colcon.colcon_core.shell:Creating prefix script '/home/autoronto/capstone_ws/install/local_setup.bash'
[2.443s] INFO:colcon.colcon_core.shell:Creating prefix chain script '/home/autoronto/capstone_ws/install/setup.bash'
[2.445s] INFO:colcon.colcon_core.shell:Creating prefix script '/home/autoronto/capstone_ws/install/local_setup.zsh'
[2.446s] INFO:colcon.colcon_core.shell:Creating prefix chain script '/home/autoronto/capstone_ws/install/setup.zsh'
