[5.311s] Invoking command in '/home/jetson/capstone_ws/rob498_drone': PYTHONPATH=/home/jetson/capstone_ws/build/rob498_drone/prefix_override:/usr/lib/python3/dist-packages/colcon_core/task/python/colcon_distutils_commands:/home/jetson/capstone_ws/install/rob498_drone/lib/python3.8/site-packages:${PYTHONPATH} /usr/bin/python3 -W ignore:setup.py install is deprecated -W ignore:easy_install command is deprecated setup.py egg_info --egg-base ../build/rob498_drone build --build-base /home/jetson/capstone_ws/build/rob498_drone/build install --record /home/jetson/capstone_ws/build/rob498_drone/install.log --install-scripts $base/lib/rob498_drone --single-version-externally-managed
[6.860s] /usr/local/lib/python3.8/dist-packages/setuptools/dist.py:717: UserWarning: Usage of dash-separated 'script-dir' will not be supported in future versions. Please use the underscore name 'script_dir' instead
[6.861s]   warnings.warn(
[7.059s] running egg_info
[7.062s] writing ../build/rob498_drone/rob498_drone.egg-info/PKG-INFO
[7.064s] writing dependency_links to ../build/rob498_drone/rob498_drone.egg-info/dependency_links.txt
[7.065s] writing entry points to ../build/rob498_drone/rob498_drone.egg-info/entry_points.txt
[7.066s] writing requirements to ../build/rob498_drone/rob498_drone.egg-info/requires.txt
[7.066s] writing top-level names to ../build/rob498_drone/rob498_drone.egg-info/top_level.txt
[7.093s] reading manifest file '../build/rob498_drone/rob498_drone.egg-info/SOURCES.txt'
[7.100s] writing manifest file '../build/rob498_drone/rob498_drone.egg-info/SOURCES.txt'
[7.100s] running build
[7.101s] running build_py
[7.110s] running install
[7.115s] running install_lib
[7.123s] running install_egg_info
[7.131s] removing '/home/jetson/capstone_ws/install/rob498_drone/lib/python3.8/site-packages/rob498_drone-0.0.1-py3.8.egg-info' (and everything under it)
[7.132s] Copying ../build/rob498_drone/rob498_drone.egg-info to /home/jetson/capstone_ws/install/rob498_drone/lib/python3.8/site-packages/rob498_drone-0.0.1-py3.8.egg-info
[7.141s] running install_scripts
[7.250s] Installing comm_node script to /home/jetson/capstone_ws/install/rob498_drone/lib/rob498_drone
[7.252s] writing list of installed files to '/home/jetson/capstone_ws/build/rob498_drone/install.log'
[7.387s] Invoked command in '/home/jetson/capstone_ws/rob498_drone' returned '0': PYTHONPATH=/home/jetson/capstone_ws/build/rob498_drone/prefix_override:/usr/lib/python3/dist-packages/colcon_core/task/python/colcon_distutils_commands:/home/jetson/capstone_ws/install/rob498_drone/lib/python3.8/site-packages:${PYTHONPATH} /usr/bin/python3 -W ignore:setup.py install is deprecated -W ignore:easy_install command is deprecated setup.py egg_info --egg-base ../build/rob498_drone build --build-base /home/jetson/capstone_ws/build/rob498_drone/build install --record /home/jetson/capstone_ws/build/rob498_drone/install.log --install-scripts $base/lib/rob498_drone --single-version-externally-managed
