/usr/local/lib/python3.8/dist-packages/setuptools/dist.py:717: UserWarning: Usage of dash-separated 'script-dir' will not be supported in future versions. Please use the underscore name 'script_dir' instead
  warnings.warn(
running egg_info
writing ../build/rob498_drone/rob498_drone.egg-info/PKG-INFO
writing dependency_links to ../build/rob498_drone/rob498_drone.egg-info/dependency_links.txt
writing entry points to ../build/rob498_drone/rob498_drone.egg-info/entry_points.txt
writing requirements to ../build/rob498_drone/rob498_drone.egg-info/requires.txt
writing top-level names to ../build/rob498_drone/rob498_drone.egg-info/top_level.txt
reading manifest file '../build/rob498_drone/rob498_drone.egg-info/SOURCES.txt'
writing manifest file '../build/rob498_drone/rob498_drone.egg-info/SOURCES.txt'
running build
running build_py
running install
running install_lib
running install_egg_info
removing '/home/jetson/capstone_ws/install/rob498_drone/lib/python3.8/site-packages/rob498_drone-0.0.1-py3.8.egg-info' (and everything under it)
Copying ../build/rob498_drone/rob498_drone.egg-info to /home/jetson/capstone_ws/install/rob498_drone/lib/python3.8/site-packages/rob498_drone-0.0.1-py3.8.egg-info
running install_scripts
Installing comm_node script to /home/jetson/capstone_ws/install/rob498_drone/lib/rob498_drone
writing list of installed files to '/home/jetson/capstone_ws/build/rob498_drone/install.log'
