-- The C compiler identification is GNU 9.4.0
-- The CXX compiler identification is GNU 10.5.0
-- Detecting C compiler ABI info
-- Detecting C compiler ABI info - done
-- Check for working C compiler: /usr/bin/cc - skipped
-- Detecting C compile features
-- Detecting C compile features - done
-- Detecting CXX compiler ABI info
-- Detecting CXX compiler ABI info - done
-- Check for working CXX compiler: /usr/bin/c++ - skipped
-- Detecting CXX compile features
-- Detecting CXX compile features - done
-- Found ament_cmake: 0.9.12 (/opt/ros/foxy/share/ament_cmake/cmake)
-- Found PythonInterp: /usr/bin/python3 (found suitable version "3.8.10", minimum required is "3") 
-- Using PYTHON_EXECUTABLE: /usr/bin/python3
-- Found rclpy: 1.0.13 (/opt/ros/foxy/share/rclpy/cmake)
-- Found std_srvs: 2.0.5 (/opt/ros/foxy/share/std_srvs/cmake)
-- Using all available rosidl_typesupport_c: rosidl_typesupport_fastrtps_c;rosidl_typesupport_introspection_c
-- Found rosidl_adapter: 1.3.1 (/opt/ros/foxy/share/rosidl_adapter/cmake)
-- Found OpenSSL: /usr/lib/x86_64-linux-gnu/libcrypto.so (found version "1.1.1f")  
-- Found FastRTPS: /opt/ros/foxy/include  
-- Using all available rosidl_typesupport_cpp: rosidl_typesupport_fastrtps_cpp;rosidl_typesupport_introspection_cpp
-- Found geometry_msgs: 2.0.5 (/opt/ros/foxy/share/geometry_msgs/cmake)
-- Configuring done
-- Generating done
[33mCMake Warning:
  Manually-specified variables were not used by the project:

    CATKIN_INSTALL_INTO_PREFIX_ROOT

[0m
-- Build files have been written to: /home/autoronto/capstone_ws/build/rob498_drone
-- Install configuration: ""
-- Installing: /home/autoronto/capstone_ws/install/rob498_drone/lib/rob498_drone/task_2.py
-- Installing: /home/autoronto/capstone_ws/install/rob498_drone/share/rob498_drone/package.xml
-- Installing: /home/autoronto/capstone_ws/install/rob498_drone/share/ament_index/resource_index/package_run_dependencies/rob498_drone
-- Installing: /home/autoronto/capstone_ws/install/rob498_drone/share/ament_index/resource_index/parent_prefix_path/rob498_drone
-- Installing: /home/autoronto/capstone_ws/install/rob498_drone/share/rob498_drone/environment/ament_prefix_path.sh
-- Installing: /home/autoronto/capstone_ws/install/rob498_drone/share/rob498_drone/environment/ament_prefix_path.dsv
-- Installing: /home/autoronto/capstone_ws/install/rob498_drone/share/rob498_drone/environment/path.sh
-- Installing: /home/autoronto/capstone_ws/install/rob498_drone/share/rob498_drone/environment/path.dsv
-- Installing: /home/autoronto/capstone_ws/install/rob498_drone/share/rob498_drone/local_setup.bash
-- Installing: /home/autoronto/capstone_ws/install/rob498_drone/share/rob498_drone/local_setup.sh
-- Installing: /home/autoronto/capstone_ws/install/rob498_drone/share/rob498_drone/local_setup.zsh
-- Installing: /home/autoronto/capstone_ws/install/rob498_drone/share/rob498_drone/local_setup.dsv
-- Installing: /home/autoronto/capstone_ws/install/rob498_drone/share/rob498_drone/package.dsv
-- Installing: /home/autoronto/capstone_ws/install/rob498_drone/share/ament_index/resource_index/packages/rob498_drone
-- Installing: /home/autoronto/capstone_ws/install/rob498_drone/share/rob498_drone/cmake/rob498_droneConfig.cmake
-- Installing: /home/autoronto/capstone_ws/install/rob498_drone/share/rob498_drone/cmake/rob498_droneConfig-version.cmake
-- Up-to-date: /home/autoronto/capstone_ws/install/rob498_drone/share/rob498_drone/package.xml
