[0.020s] Invoking command in '/home/autoronto/capstone_ws/build/rob498_drone': /usr/local/bin/cmake /home/autoronto/capstone_ws/src/rob498_drone -DCATKIN_INSTALL_INTO_PREFIX_ROOT=0 -DCMAKE_INSTALL_PREFIX=/home/autoronto/capstone_ws/install/rob498_drone
[0.088s] -- The C compiler identification is GNU 9.4.0
[0.158s] -- The CXX compiler identification is GNU 10.5.0
[0.170s] -- Detecting C compiler ABI info
[0.242s] -- Detecting C compiler ABI info - done
[0.252s] -- Check for working C compiler: /usr/bin/cc - skipped
[0.252s] -- Detecting C compile features
[0.252s] -- Detecting C compile features - done
[0.256s] -- Detecting CXX compiler ABI info
[0.336s] -- Detecting CXX compiler ABI info - done
[0.346s] -- Check for working CXX compiler: /usr/bin/c++ - skipped
[0.346s] -- Detecting CXX compile features
[0.346s] -- Detecting CXX compile features - done
[0.349s] -- Found ament_cmake: 0.9.12 (/opt/ros/foxy/share/ament_cmake/cmake)
[0.377s] -- Found PythonInterp: /usr/bin/python3 (found suitable version "3.8.10", minimum required is "3") 
[0.377s] -- Using PYTHON_EXECUTABLE: /usr/bin/python3
[0.638s] -- Found rclpy: 1.0.13 (/opt/ros/foxy/share/rclpy/cmake)
[0.649s] -- Found std_srvs: 2.0.5 (/opt/ros/foxy/share/std_srvs/cmake)
[0.701s] -- Using all available rosidl_typesupport_c: rosidl_typesupport_fastrtps_c;rosidl_typesupport_introspection_c
[0.711s] -- Found rosidl_adapter: 1.3.1 (/opt/ros/foxy/share/rosidl_adapter/cmake)
[0.836s] -- Found OpenSSL: /usr/lib/x86_64-linux-gnu/libcrypto.so (found version "1.1.1f")  
[0.872s] -- Found FastRTPS: /opt/ros/foxy/include  
[0.965s] -- Using all available rosidl_typesupport_cpp: rosidl_typesupport_fastrtps_cpp;rosidl_typesupport_introspection_cpp
[1.008s] -- Found geometry_msgs: 2.0.5 (/opt/ros/foxy/share/geometry_msgs/cmake)
[1.152s] -- Configuring done
[1.157s] -- Generating done
[1.158s] [33mCMake Warning:
[1.158s]   Manually-specified variables were not used by the project:
[1.158s] 
[1.158s]     CATKIN_INSTALL_INTO_PREFIX_ROOT
[1.159s] 
[1.159s] [0m
[1.159s] -- Build files have been written to: /home/autoronto/capstone_ws/build/rob498_drone
[1.166s] Invoked command in '/home/autoronto/capstone_ws/build/rob498_drone' returned '0': /usr/local/bin/cmake /home/autoronto/capstone_ws/src/rob498_drone -DCATKIN_INSTALL_INTO_PREFIX_ROOT=0 -DCMAKE_INSTALL_PREFIX=/home/autoronto/capstone_ws/install/rob498_drone
[1.168s] Invoking command in '/home/autoronto/capstone_ws/build/rob498_drone': /usr/local/bin/cmake --build /home/autoronto/capstone_ws/build/rob498_drone -- -j8 -l8
[1.195s] Invoked command in '/home/autoronto/capstone_ws/build/rob498_drone' returned '0': /usr/local/bin/cmake --build /home/autoronto/capstone_ws/build/rob498_drone -- -j8 -l8
[1.204s] Invoking command in '/home/autoronto/capstone_ws/build/rob498_drone': /usr/local/bin/cmake --install /home/autoronto/capstone_ws/build/rob498_drone
[1.208s] -- Install configuration: ""
[1.208s] -- Installing: /home/autoronto/capstone_ws/install/rob498_drone/lib/rob498_drone/task_2.py
[1.208s] -- Installing: /home/autoronto/capstone_ws/install/rob498_drone/share/rob498_drone/package.xml
[1.209s] -- Installing: /home/autoronto/capstone_ws/install/rob498_drone/share/ament_index/resource_index/package_run_dependencies/rob498_drone
[1.209s] -- Installing: /home/autoronto/capstone_ws/install/rob498_drone/share/ament_index/resource_index/parent_prefix_path/rob498_drone
[1.209s] -- Installing: /home/autoronto/capstone_ws/install/rob498_drone/share/rob498_drone/environment/ament_prefix_path.sh
[1.209s] -- Installing: /home/autoronto/capstone_ws/install/rob498_drone/share/rob498_drone/environment/ament_prefix_path.dsv
[1.210s] -- Installing: /home/autoronto/capstone_ws/install/rob498_drone/share/rob498_drone/environment/path.sh
[1.210s] -- Installing: /home/autoronto/capstone_ws/install/rob498_drone/share/rob498_drone/environment/path.dsv
[1.210s] -- Installing: /home/autoronto/capstone_ws/install/rob498_drone/share/rob498_drone/local_setup.bash
[1.210s] -- Installing: /home/autoronto/capstone_ws/install/rob498_drone/share/rob498_drone/local_setup.sh
[1.210s] -- Installing: /home/autoronto/capstone_ws/install/rob498_drone/share/rob498_drone/local_setup.zsh
[1.211s] -- Installing: /home/autoronto/capstone_ws/install/rob498_drone/share/rob498_drone/local_setup.dsv
[1.211s] -- Installing: /home/autoronto/capstone_ws/install/rob498_drone/share/rob498_drone/package.dsv
[1.211s] -- Installing: /home/autoronto/capstone_ws/install/rob498_drone/share/ament_index/resource_index/packages/rob498_drone
[1.211s] -- Installing: /home/autoronto/capstone_ws/install/rob498_drone/share/rob498_drone/cmake/rob498_droneConfig.cmake
[1.211s] -- Installing: /home/autoronto/capstone_ws/install/rob498_drone/share/rob498_drone/cmake/rob498_droneConfig-version.cmake
[1.211s] -- Up-to-date: /home/autoronto/capstone_ws/install/rob498_drone/share/rob498_drone/package.xml
[1.213s] Invoked command in '/home/autoronto/capstone_ws/build/rob498_drone' returned '0': /usr/local/bin/cmake --install /home/autoronto/capstone_ws/build/rob498_drone
