[2.152s] DEBUG:colcon:Command line arguments: ['/usr/bin/colcon', 'build']
[2.152s] DEBUG:colcon:Parsed command line arguments: Namespace(allow_overriding=[], ament_cmake_args=None, base_paths=['.'], build_base='build', catkin_cmake_args=None, catkin_skip_building_tests=False, cmake_args=None, cmake_clean_cache=False, cmake_clean_first=False, cmake_force_configure=False, cmake_target=None, cmake_target_skip_unavailable=False, continue_on_error=False, event_handlers=None, executor='parallel', ignore_user_meta=False, install_base='install', log_base=None, log_level=None, main=<bound method BuildVerb.main of <colcon_core.verb.build.BuildVerb object at 0x7fb13e0670>>, merge_install=False, metas=['./colcon.meta'], packages_above=None, packages_above_and_dependencies=None, packages_above_depth=None, packages_end=None, packages_ignore=None, packages_ignore_regex=None, packages_select=None, packages_select_build_failed=False, packages_select_by_dep=None, packages_select_regex=None, packages_select_test_failures=False, packages_skip=None, packages_skip_build_finished=False, packages_skip_by_dep=None, packages_skip_regex=None, packages_skip_test_passed=False, packages_skip_up_to=None, packages_start=None, packages_up_to=None, packages_up_to_regex=None, parallel_workers=4, paths=None, symlink_install=False, test_result_base=None, verb_extension=<colcon_core.verb.build.BuildVerb object at 0x7fb13e0670>, verb_name='build', verb_parser=<colcon_defaults.argument_parser.defaults.DefaultArgumentsDecorator object at 0x7fb1372c40>)
[3.279s] Level 1:colcon.colcon_core.package_discovery:discover_packages(colcon_meta) check parameters
[3.279s] Level 1:colcon.colcon_core.package_discovery:discover_packages(recursive) check parameters
[3.280s] Level 1:colcon.colcon_core.package_discovery:discover_packages(ignore) check parameters
[3.280s] Level 1:colcon.colcon_core.package_discovery:discover_packages(path) check parameters
[3.280s] Level 1:colcon.colcon_core.package_discovery:discover_packages(colcon_meta) discover
[3.280s] Level 1:colcon.colcon_core.package_discovery:discover_packages(recursive) discover
[3.280s] INFO:colcon.colcon_core.package_discovery:Crawling recursively for packages in '/home/jetson/capstone_ws'
[3.281s] Level 1:colcon.colcon_core.package_identification:_identify(.) by extensions ['ignore', 'ignore_ament_install']
[3.282s] Level 1:colcon.colcon_core.package_identification:_identify(.) by extension 'ignore'
[3.282s] Level 1:colcon.colcon_core.package_identification:_identify(.) by extension 'ignore_ament_install'
[3.282s] Level 1:colcon.colcon_core.package_identification:_identify(.) by extensions ['colcon_pkg']
[3.282s] Level 1:colcon.colcon_core.package_identification:_identify(.) by extension 'colcon_pkg'
[3.283s] Level 1:colcon.colcon_core.package_identification:_identify(.) by extensions ['colcon_meta']
[3.283s] Level 1:colcon.colcon_core.package_identification:_identify(.) by extension 'colcon_meta'
[3.283s] Level 1:colcon.colcon_core.package_identification:_identify(.) by extensions ['ros']
[3.283s] Level 1:colcon.colcon_core.package_identification:_identify(.) by extension 'ros'
[3.400s] Level 1:colcon.colcon_core.package_identification:_identify(.) by extensions ['cmake', 'python']
[3.400s] Level 1:colcon.colcon_core.package_identification:_identify(.) by extension 'cmake'
[3.400s] Level 1:colcon.colcon_core.package_identification:_identify(.) by extension 'python'
[3.401s] Level 1:colcon.colcon_core.package_identification:_identify(.) by extensions ['python_setup_py']
[3.401s] Level 1:colcon.colcon_core.package_identification:_identify(.) by extension 'python_setup_py'
[3.402s] Level 1:colcon.colcon_core.package_identification:_identify(build) by extensions ['ignore', 'ignore_ament_install']
[3.402s] Level 1:colcon.colcon_core.package_identification:_identify(build) by extension 'ignore'
[3.402s] Level 1:colcon.colcon_core.package_identification:_identify(build) ignored
[3.403s] Level 1:colcon.colcon_core.package_identification:_identify(install) by extensions ['ignore', 'ignore_ament_install']
[3.404s] Level 1:colcon.colcon_core.package_identification:_identify(install) by extension 'ignore'
[3.404s] Level 1:colcon.colcon_core.package_identification:_identify(install) ignored
[3.405s] Level 1:colcon.colcon_core.package_identification:_identify(log) by extensions ['ignore', 'ignore_ament_install']
[3.405s] Level 1:colcon.colcon_core.package_identification:_identify(log) by extension 'ignore'
[3.405s] Level 1:colcon.colcon_core.package_identification:_identify(log) ignored
[3.406s] Level 1:colcon.colcon_core.package_identification:_identify(src) by extensions ['ignore', 'ignore_ament_install']
[3.406s] Level 1:colcon.colcon_core.package_identification:_identify(src) by extension 'ignore'
[3.407s] Level 1:colcon.colcon_core.package_identification:_identify(src) by extension 'ignore_ament_install'
[3.407s] Level 1:colcon.colcon_core.package_identification:_identify(src) by extensions ['colcon_pkg']
[3.407s] Level 1:colcon.colcon_core.package_identification:_identify(src) by extension 'colcon_pkg'
[3.408s] Level 1:colcon.colcon_core.package_identification:_identify(src) by extensions ['colcon_meta']
[3.408s] Level 1:colcon.colcon_core.package_identification:_identify(src) by extension 'colcon_meta'
[3.408s] Level 1:colcon.colcon_core.package_identification:_identify(src) by extensions ['ros']
[3.409s] Level 1:colcon.colcon_core.package_identification:_identify(src) by extension 'ros'
[3.409s] Level 1:colcon.colcon_core.package_identification:_identify(src) by extensions ['cmake', 'python']
[3.409s] Level 1:colcon.colcon_core.package_identification:_identify(src) by extension 'cmake'
[3.410s] Level 1:colcon.colcon_core.package_identification:_identify(src) by extension 'python'
[3.410s] Level 1:colcon.colcon_core.package_identification:_identify(src) by extensions ['python_setup_py']
[3.410s] Level 1:colcon.colcon_core.package_identification:_identify(src) by extension 'python_setup_py'
[3.411s] Level 1:colcon.colcon_core.package_identification:_identify(src/px4_autonomy_modules) by extensions ['ignore', 'ignore_ament_install']
[3.412s] Level 1:colcon.colcon_core.package_identification:_identify(src/px4_autonomy_modules) by extension 'ignore'
[3.412s] Level 1:colcon.colcon_core.package_identification:_identify(src/px4_autonomy_modules) by extension 'ignore_ament_install'
[3.413s] Level 1:colcon.colcon_core.package_identification:_identify(src/px4_autonomy_modules) by extensions ['colcon_pkg']
[3.413s] Level 1:colcon.colcon_core.package_identification:_identify(src/px4_autonomy_modules) by extension 'colcon_pkg'
[3.413s] Level 1:colcon.colcon_core.package_identification:_identify(src/px4_autonomy_modules) by extensions ['colcon_meta']
[3.414s] Level 1:colcon.colcon_core.package_identification:_identify(src/px4_autonomy_modules) by extension 'colcon_meta'
[3.414s] Level 1:colcon.colcon_core.package_identification:_identify(src/px4_autonomy_modules) by extensions ['ros']
[3.414s] Level 1:colcon.colcon_core.package_identification:_identify(src/px4_autonomy_modules) by extension 'ros'
[3.436s] DEBUG:colcon.colcon_core.package_identification:Package 'src/px4_autonomy_modules' with type 'ros.ament_cmake' and name 'px4_autonomy_modules'
[3.436s] Level 1:colcon.colcon_core.package_discovery:discover_packages(recursive) using defaults
[3.436s] Level 1:colcon.colcon_core.package_discovery:discover_packages(ignore) discover
[3.437s] Level 1:colcon.colcon_core.package_discovery:discover_packages(ignore) using defaults
[3.437s] Level 1:colcon.colcon_core.package_discovery:discover_packages(path) discover
[3.437s] Level 1:colcon.colcon_core.package_discovery:discover_packages(path) using defaults
[3.582s] Level 1:colcon.colcon_core.package_discovery:discover_packages(prefix_path) check parameters
[3.582s] Level 1:colcon.colcon_core.package_discovery:discover_packages(prefix_path) discover
[3.609s] DEBUG:colcon.colcon_installed_package_information.package_discovery:Found 266 installed packages in /opt/ros/foxy
[3.619s] Level 1:colcon.colcon_core.package_discovery:discover_packages(prefix_path) using defaults
[4.248s] Level 5:colcon.colcon_core.verb:set package 'px4_autonomy_modules' build argument 'cmake_args' from command line to 'None'
[4.248s] Level 5:colcon.colcon_core.verb:set package 'px4_autonomy_modules' build argument 'cmake_target' from command line to 'None'
[4.248s] Level 5:colcon.colcon_core.verb:set package 'px4_autonomy_modules' build argument 'cmake_target_skip_unavailable' from command line to 'False'
[4.249s] Level 5:colcon.colcon_core.verb:set package 'px4_autonomy_modules' build argument 'cmake_clean_cache' from command line to 'False'
[4.249s] Level 5:colcon.colcon_core.verb:set package 'px4_autonomy_modules' build argument 'cmake_clean_first' from command line to 'False'
[4.249s] Level 5:colcon.colcon_core.verb:set package 'px4_autonomy_modules' build argument 'cmake_force_configure' from command line to 'False'
[4.249s] Level 5:colcon.colcon_core.verb:set package 'px4_autonomy_modules' build argument 'ament_cmake_args' from command line to 'None'
[4.249s] Level 5:colcon.colcon_core.verb:set package 'px4_autonomy_modules' build argument 'catkin_cmake_args' from command line to 'None'
[4.249s] Level 5:colcon.colcon_core.verb:set package 'px4_autonomy_modules' build argument 'catkin_skip_building_tests' from command line to 'False'
[4.249s] DEBUG:colcon.colcon_core.verb:Building package 'px4_autonomy_modules' with the following arguments: {'ament_cmake_args': None, 'build_base': '/home/jetson/capstone_ws/build/px4_autonomy_modules', 'catkin_cmake_args': None, 'catkin_skip_building_tests': False, 'cmake_args': None, 'cmake_clean_cache': False, 'cmake_clean_first': False, 'cmake_force_configure': False, 'cmake_target': None, 'cmake_target_skip_unavailable': False, 'install_base': '/home/jetson/capstone_ws/install/px4_autonomy_modules', 'merge_install': False, 'path': '/home/jetson/capstone_ws/src/px4_autonomy_modules', 'symlink_install': False, 'test_result_base': None}
[4.250s] INFO:colcon.colcon_core.executor:Executing jobs using 'parallel' executor
[4.253s] DEBUG:colcon.colcon_parallel_executor.executor.parallel:run_until_complete
[4.254s] INFO:colcon.colcon_ros.task.ament_cmake.build:Building ROS package in '/home/jetson/capstone_ws/src/px4_autonomy_modules' with build type 'ament_cmake'
[4.254s] INFO:colcon.colcon_cmake.task.cmake.build:Building CMake package in '/home/jetson/capstone_ws/src/px4_autonomy_modules'
[4.279s] INFO:colcon.colcon_core.plugin_system:Skipping extension 'colcon_core.shell.bat': Not used on non-Windows systems
[4.280s] INFO:colcon.colcon_core.shell:Skip shell extension 'powershell' for command environment: Not usable outside of PowerShell
[4.280s] DEBUG:colcon.colcon_core.shell:Skip shell extension 'dsv' for command environment
[4.335s] DEBUG:colcon.colcon_core.event_handler.log_command:Invoking command in '/home/jetson/capstone_ws/build/px4_autonomy_modules': CMAKE_PREFIX_PATH=/opt/ros/foxy /usr/bin/cmake /home/jetson/capstone_ws/src/px4_autonomy_modules -DCMAKE_INSTALL_PREFIX=/home/jetson/capstone_ws/install/px4_autonomy_modules
[14.702s] DEBUG:colcon.colcon_core.event_handler.log_command:Invoked command in '/home/jetson/capstone_ws/build/px4_autonomy_modules' returned '0': CMAKE_PREFIX_PATH=/opt/ros/foxy /usr/bin/cmake /home/jetson/capstone_ws/src/px4_autonomy_modules -DCMAKE_INSTALL_PREFIX=/home/jetson/capstone_ws/install/px4_autonomy_modules
[14.709s] DEBUG:colcon.colcon_core.event_handler.log_command:Invoking command in '/home/jetson/capstone_ws/build/px4_autonomy_modules': CMAKE_PREFIX_PATH=/opt/ros/foxy /usr/bin/cmake --build /home/jetson/capstone_ws/build/px4_autonomy_modules -- -j4 -l4
[14.870s] DEBUG:colcon.colcon_core.event_handler.log_command:Invoked command in '/home/jetson/capstone_ws/build/px4_autonomy_modules' returned '0': CMAKE_PREFIX_PATH=/opt/ros/foxy /usr/bin/cmake --build /home/jetson/capstone_ws/build/px4_autonomy_modules -- -j4 -l4
[14.992s] DEBUG:colcon.colcon_core.event_handler.log_command:Invoking command in '/home/jetson/capstone_ws/build/px4_autonomy_modules': CMAKE_PREFIX_PATH=/opt/ros/foxy /usr/bin/cmake --install /home/jetson/capstone_ws/build/px4_autonomy_modules
[15.045s] Level 1:colcon.colcon_core.environment:create_environment_scripts_only(px4_autonomy_modules)
[15.049s] DEBUG:colcon.colcon_core.event_handler.log_command:Invoked command in '/home/jetson/capstone_ws/build/px4_autonomy_modules' returned '0': CMAKE_PREFIX_PATH=/opt/ros/foxy /usr/bin/cmake --install /home/jetson/capstone_ws/build/px4_autonomy_modules
[15.069s] Level 1:colcon.colcon_core.environment:checking '/home/jetson/capstone_ws/install/px4_autonomy_modules' for CMake module files
[15.071s] Level 1:colcon.colcon_core.environment:checking '/home/jetson/capstone_ws/install/px4_autonomy_modules' for CMake config files
[15.072s] Level 1:colcon.colcon_core.shell:create_environment_hook('px4_autonomy_modules', 'cmake_prefix_path')
[15.073s] INFO:colcon.colcon_core.shell:Creating environment hook '/home/jetson/capstone_ws/install/px4_autonomy_modules/share/px4_autonomy_modules/hook/cmake_prefix_path.ps1'
[15.077s] INFO:colcon.colcon_core.shell:Creating environment descriptor '/home/jetson/capstone_ws/install/px4_autonomy_modules/share/px4_autonomy_modules/hook/cmake_prefix_path.dsv'
[15.080s] INFO:colcon.colcon_core.shell:Creating environment hook '/home/jetson/capstone_ws/install/px4_autonomy_modules/share/px4_autonomy_modules/hook/cmake_prefix_path.sh'
[15.084s] Level 1:colcon.colcon_core.environment:checking '/home/jetson/capstone_ws/install/px4_autonomy_modules/bin'
[15.084s] Level 1:colcon.colcon_core.environment:checking '/home/jetson/capstone_ws/install/px4_autonomy_modules/lib/pkgconfig/px4_autonomy_modules.pc'
[15.085s] Level 1:colcon.colcon_core.environment:checking '/home/jetson/capstone_ws/install/px4_autonomy_modules/lib/python3.8/site-packages'
[15.086s] Level 1:colcon.colcon_core.environment:checking '/home/jetson/capstone_ws/install/px4_autonomy_modules/bin'
[15.087s] INFO:colcon.colcon_core.shell:Creating package script '/home/jetson/capstone_ws/install/px4_autonomy_modules/share/px4_autonomy_modules/package.ps1'
[15.091s] INFO:colcon.colcon_core.shell:Creating package descriptor '/home/jetson/capstone_ws/install/px4_autonomy_modules/share/px4_autonomy_modules/package.dsv'
[15.095s] INFO:colcon.colcon_core.shell:Creating package script '/home/jetson/capstone_ws/install/px4_autonomy_modules/share/px4_autonomy_modules/package.sh'
[15.099s] INFO:colcon.colcon_core.shell:Creating package script '/home/jetson/capstone_ws/install/px4_autonomy_modules/share/px4_autonomy_modules/package.bash'
[15.104s] INFO:colcon.colcon_core.shell:Creating package script '/home/jetson/capstone_ws/install/px4_autonomy_modules/share/px4_autonomy_modules/package.zsh'
[15.110s] Level 1:colcon.colcon_core.environment:create_file_with_runtime_dependencies(/home/jetson/capstone_ws/install/px4_autonomy_modules/share/colcon-core/packages/px4_autonomy_modules)
[15.189s] Level 1:colcon.colcon_core.environment:create_environment_scripts_only(px4_autonomy_modules)
[15.190s] Level 1:colcon.colcon_core.environment:checking '/home/jetson/capstone_ws/install/px4_autonomy_modules' for CMake module files
[15.193s] Level 1:colcon.colcon_core.environment:checking '/home/jetson/capstone_ws/install/px4_autonomy_modules' for CMake config files
[15.194s] Level 1:colcon.colcon_core.shell:create_environment_hook('px4_autonomy_modules', 'cmake_prefix_path')
[15.195s] INFO:colcon.colcon_core.shell:Creating environment hook '/home/jetson/capstone_ws/install/px4_autonomy_modules/share/px4_autonomy_modules/hook/cmake_prefix_path.ps1'
[15.197s] INFO:colcon.colcon_core.shell:Creating environment descriptor '/home/jetson/capstone_ws/install/px4_autonomy_modules/share/px4_autonomy_modules/hook/cmake_prefix_path.dsv'
[15.199s] INFO:colcon.colcon_core.shell:Creating environment hook '/home/jetson/capstone_ws/install/px4_autonomy_modules/share/px4_autonomy_modules/hook/cmake_prefix_path.sh'
[15.201s] Level 1:colcon.colcon_core.environment:checking '/home/jetson/capstone_ws/install/px4_autonomy_modules/bin'
[15.201s] Level 1:colcon.colcon_core.environment:checking '/home/jetson/capstone_ws/install/px4_autonomy_modules/lib/pkgconfig/px4_autonomy_modules.pc'
[15.202s] Level 1:colcon.colcon_core.environment:checking '/home/jetson/capstone_ws/install/px4_autonomy_modules/lib/python3.8/site-packages'
[15.203s] Level 1:colcon.colcon_core.environment:checking '/home/jetson/capstone_ws/install/px4_autonomy_modules/bin'
[15.205s] INFO:colcon.colcon_core.shell:Creating package script '/home/jetson/capstone_ws/install/px4_autonomy_modules/share/px4_autonomy_modules/package.ps1'
[15.208s] INFO:colcon.colcon_core.shell:Creating package descriptor '/home/jetson/capstone_ws/install/px4_autonomy_modules/share/px4_autonomy_modules/package.dsv'
[15.211s] INFO:colcon.colcon_core.shell:Creating package script '/home/jetson/capstone_ws/install/px4_autonomy_modules/share/px4_autonomy_modules/package.sh'
[15.214s] INFO:colcon.colcon_core.shell:Creating package script '/home/jetson/capstone_ws/install/px4_autonomy_modules/share/px4_autonomy_modules/package.bash'
[15.216s] INFO:colcon.colcon_core.shell:Creating package script '/home/jetson/capstone_ws/install/px4_autonomy_modules/share/px4_autonomy_modules/package.zsh'
[15.218s] Level 1:colcon.colcon_core.environment:create_file_with_runtime_dependencies(/home/jetson/capstone_ws/install/px4_autonomy_modules/share/colcon-core/packages/px4_autonomy_modules)
[15.219s] DEBUG:colcon.colcon_parallel_executor.executor.parallel:closing loop
[15.221s] DEBUG:colcon.colcon_parallel_executor.executor.parallel:loop closed
[15.222s] DEBUG:colcon.colcon_parallel_executor.executor.parallel:run_until_complete finished with '0'
[15.222s] DEBUG:colcon.colcon_core.event_reactor:joining thread
[15.280s] INFO:colcon.colcon_core.plugin_system:Skipping extension 'colcon_notification.desktop_notification.terminal_notifier': Not used on non-Darwin systems
[15.280s] INFO:colcon.colcon_core.plugin_system:Skipping extension 'colcon_notification.desktop_notification.win32': Not used on non-Windows systems
[15.280s] INFO:colcon.colcon_notification.desktop_notification:Sending desktop notification using 'notify2'
[15.720s] DEBUG:colcon.colcon_core.event_reactor:joined thread
[15.722s] INFO:colcon.colcon_core.shell:Creating prefix script '/home/jetson/capstone_ws/install/local_setup.ps1'
[15.728s] INFO:colcon.colcon_core.shell:Creating prefix util module '/home/jetson/capstone_ws/install/_local_setup_util_ps1.py'
[15.736s] INFO:colcon.colcon_core.shell:Creating prefix chain script '/home/jetson/capstone_ws/install/setup.ps1'
[15.744s] INFO:colcon.colcon_core.shell:Creating prefix script '/home/jetson/capstone_ws/install/local_setup.sh'
[15.748s] INFO:colcon.colcon_core.shell:Creating prefix util module '/home/jetson/capstone_ws/install/_local_setup_util_sh.py'
[15.751s] INFO:colcon.colcon_core.shell:Creating prefix chain script '/home/jetson/capstone_ws/install/setup.sh'
[15.757s] INFO:colcon.colcon_core.shell:Creating prefix script '/home/jetson/capstone_ws/install/local_setup.bash'
[15.761s] INFO:colcon.colcon_core.shell:Creating prefix chain script '/home/jetson/capstone_ws/install/setup.bash'
[15.767s] INFO:colcon.colcon_core.shell:Creating prefix script '/home/jetson/capstone_ws/install/local_setup.zsh'
[15.770s] INFO:colcon.colcon_core.shell:Creating prefix chain script '/home/jetson/capstone_ws/install/setup.zsh'
