[0.000000] (-) TimerEvent: {}
[0.002847] (px4_autonomy_modules) JobQueued: {'identifier': 'px4_autonomy_modules', 'dependencies': OrderedDict()}
[0.003192] (rob498_drone) JobQueued: {'identifier': 'rob498_drone', 'dependencies': OrderedDict()}
[0.003391] (px4_autonomy_modules) JobStarted: {'identifier': 'px4_autonomy_modules'}
[0.060741] (rob498_drone) JobStarted: {'identifier': 'rob498_drone'}
[0.099713] (-) TimerEvent: {}
[0.200704] (-) TimerEvent: {}
[0.302283] (-) TimerEvent: {}
[0.403546] (-) TimerEvent: {}
[0.504969] (-) TimerEvent: {}
[0.605614] (-) TimerEvent: {}
[0.706315] (-) TimerEvent: {}
[0.807172] (-) TimerEvent: {}
[0.907861] (-) TimerEvent: {}
[1.008498] (-) TimerEvent: {}
[1.109178] (-) TimerEvent: {}
[1.209911] (-) TimerEvent: {}
[1.310624] (-) TimerEvent: {}
[1.411375] (-) TimerEvent: {}
[1.512127] (-) TimerEvent: {}
[1.613577] (-) TimerEvent: {}
[1.714825] (-) TimerEvent: {}
[1.820231] (-) TimerEvent: {}
[1.922663] (-) TimerEvent: {}
[1.958161] (px4_autonomy_modules) StderrLine: {'line': b'Traceback (most recent call last):\n  File "/usr/lib/python3/dist-packages/colcon_core/executor/__init__.py", line 91, in __call__\n    rc = await self.task(*args, **kwargs)\n  File "/usr/lib/python3/dist-packages/colcon_core/task/__init__.py", line 93, in __call__\n    return await task_method(*args, **kwargs)\n  File "/usr/lib/python3/dist-packages/colcon_ros/task/ament_python/build.py", line 102, in build\n    return await extension.build(additional_hooks=additional_hooks)\n  File "/usr/lib/python3/dist-packages/colcon_core/task/python/build.py", line 96, in build\n    available_commands = await self._get_available_commands(\n  File "/usr/lib/python3/dist-packages/colcon_core/task/python/build.py", line 194, in _get_available_commands\n    output = await check_output(\n  File "/usr/lib/python3/dist-packages/colcon_core/subprocess.py", line 129, in check_output\n    assert not rc, f\'Expected {args} to pass: {stderr_data}\'\nAssertionError: Expected [\'/usr/bin/python3\', \'-W\', \'ignore:setup.py install is deprecated\', \'-W\', \'ignore:easy_install command is deprecated\', \'setup.py\', \'--help-commands\'] to pass: /usr/bin/python3: can\'t open file \'setup.py\': [Errno 2] No such file or directory\n\n'}
[1.962104] (px4_autonomy_modules) JobEnded: {'identifier': 'px4_autonomy_modules', 'rc': 1}
[2.022863] (-) TimerEvent: {}
[2.123539] (-) TimerEvent: {}
[2.224157] (-) TimerEvent: {}
[2.324974] (-) TimerEvent: {}
[2.426200] (-) TimerEvent: {}
[2.527040] (-) TimerEvent: {}
[2.628085] (-) TimerEvent: {}
[2.728810] (-) TimerEvent: {}
[2.829852] (-) TimerEvent: {}
[2.931566] (-) TimerEvent: {}
[3.033008] (-) TimerEvent: {}
[3.134613] (-) TimerEvent: {}
[3.235363] (-) TimerEvent: {}
[3.336196] (-) TimerEvent: {}
[3.436909] (-) TimerEvent: {}
[3.537645] (-) TimerEvent: {}
[3.638895] (-) TimerEvent: {}
[3.739696] (-) TimerEvent: {}
[3.840339] (-) TimerEvent: {}
[3.941126] (-) TimerEvent: {}
[4.041911] (-) TimerEvent: {}
[4.142797] (-) TimerEvent: {}
[4.218513] (rob498_drone) JobEnded: {'identifier': 'rob498_drone', 'rc': 'SIGINT'}
[4.231473] (-) EventReactorShutdown: {}
