[1.098s] DEBUG:colcon:Command line arguments: ['/usr/bin/colcon', 'build']
[1.098s] DEBUG:colcon:Parsed command line arguments: Namespace(allow_overriding=[], ament_cmake_args=None, base_paths=['.'], build_base='build', catkin_cmake_args=None, catkin_skip_building_tests=False, cmake_args=None, cmake_clean_cache=False, cmake_clean_first=False, cmake_force_configure=False, cmake_target=None, cmake_target_skip_unavailable=False, continue_on_error=False, event_handlers=None, executor='parallel', ignore_user_meta=False, install_base='install', log_base=None, log_level=None, main=<bound method BuildVerb.main of <colcon_core.verb.build.BuildVerb object at 0x7f7db73400>>, merge_install=False, metas=['./colcon.meta'], packages_above=None, packages_above_and_dependencies=None, packages_above_depth=None, packages_end=None, packages_ignore=None, packages_ignore_regex=None, packages_select=None, packages_select_build_failed=False, packages_select_by_dep=None, packages_select_regex=None, packages_select_test_failures=False, packages_skip=None, packages_skip_build_finished=False, packages_skip_by_dep=None, packages_skip_regex=None, packages_skip_test_passed=False, packages_skip_up_to=None, packages_start=None, packages_up_to=None, packages_up_to_regex=None, parallel_workers=4, paths=None, symlink_install=False, test_result_base=None, verb_extension=<colcon_core.verb.build.BuildVerb object at 0x7f7db73400>, verb_name='build', verb_parser=<colcon_defaults.argument_parser.defaults.DefaultArgumentsDecorator object at 0x7f7daf8c70>)
[2.170s] Level 1:colcon.colcon_core.package_discovery:discover_packages(colcon_meta) check parameters
[2.171s] Level 1:colcon.colcon_core.package_discovery:discover_packages(recursive) check parameters
[2.171s] Level 1:colcon.colcon_core.package_discovery:discover_packages(ignore) check parameters
[2.171s] Level 1:colcon.colcon_core.package_discovery:discover_packages(path) check parameters
[2.171s] Level 1:colcon.colcon_core.package_discovery:discover_packages(colcon_meta) discover
[2.171s] Level 1:colcon.colcon_core.package_discovery:discover_packages(recursive) discover
[2.172s] INFO:colcon.colcon_core.package_discovery:Crawling recursively for packages in '/home/jetson/capstone_ws'
[2.172s] Level 1:colcon.colcon_core.package_identification:_identify(.) by extensions ['ignore', 'ignore_ament_install']
[2.173s] Level 1:colcon.colcon_core.package_identification:_identify(.) by extension 'ignore'
[2.173s] Level 1:colcon.colcon_core.package_identification:_identify(.) by extension 'ignore_ament_install'
[2.173s] Level 1:colcon.colcon_core.package_identification:_identify(.) by extensions ['colcon_pkg']
[2.173s] Level 1:colcon.colcon_core.package_identification:_identify(.) by extension 'colcon_pkg'
[2.174s] Level 1:colcon.colcon_core.package_identification:_identify(.) by extensions ['colcon_meta']
[2.174s] Level 1:colcon.colcon_core.package_identification:_identify(.) by extension 'colcon_meta'
[2.174s] Level 1:colcon.colcon_core.package_identification:_identify(.) by extensions ['ros']
[2.174s] Level 1:colcon.colcon_core.package_identification:_identify(.) by extension 'ros'
[2.284s] Level 1:colcon.colcon_core.package_identification:_identify(.) by extensions ['cmake', 'python']
[2.285s] Level 1:colcon.colcon_core.package_identification:_identify(.) by extension 'cmake'
[2.286s] Level 1:colcon.colcon_core.package_identification:_identify(.) by extension 'python'
[2.286s] Level 1:colcon.colcon_core.package_identification:_identify(.) by extensions ['python_setup_py']
[2.287s] Level 1:colcon.colcon_core.package_identification:_identify(.) by extension 'python_setup_py'
[2.288s] Level 1:colcon.colcon_core.package_identification:_identify(build) by extensions ['ignore', 'ignore_ament_install']
[2.289s] Level 1:colcon.colcon_core.package_identification:_identify(build) by extension 'ignore'
[2.289s] Level 1:colcon.colcon_core.package_identification:_identify(build) ignored
[2.290s] Level 1:colcon.colcon_core.package_identification:_identify(install) by extensions ['ignore', 'ignore_ament_install']
[2.291s] Level 1:colcon.colcon_core.package_identification:_identify(install) by extension 'ignore'
[2.291s] Level 1:colcon.colcon_core.package_identification:_identify(install) ignored
[2.292s] Level 1:colcon.colcon_core.package_identification:_identify(log) by extensions ['ignore', 'ignore_ament_install']
[2.292s] Level 1:colcon.colcon_core.package_identification:_identify(log) by extension 'ignore'
[2.293s] Level 1:colcon.colcon_core.package_identification:_identify(log) ignored
[2.293s] Level 1:colcon.colcon_core.package_identification:_identify(rob498_drone) by extensions ['ignore', 'ignore_ament_install']
[2.294s] Level 1:colcon.colcon_core.package_identification:_identify(rob498_drone) by extension 'ignore'
[2.294s] Level 1:colcon.colcon_core.package_identification:_identify(rob498_drone) by extension 'ignore_ament_install'
[2.295s] Level 1:colcon.colcon_core.package_identification:_identify(rob498_drone) by extensions ['colcon_pkg']
[2.295s] Level 1:colcon.colcon_core.package_identification:_identify(rob498_drone) by extension 'colcon_pkg'
[2.295s] Level 1:colcon.colcon_core.package_identification:_identify(rob498_drone) by extensions ['colcon_meta']
[2.296s] Level 1:colcon.colcon_core.package_identification:_identify(rob498_drone) by extension 'colcon_meta'
[2.296s] Level 1:colcon.colcon_core.package_identification:_identify(rob498_drone) by extensions ['ros']
[2.296s] Level 1:colcon.colcon_core.package_identification:_identify(rob498_drone) by extension 'ros'
[2.311s] DEBUG:colcon.colcon_core.package_identification:Package 'rob498_drone' with type 'ros.ament_python' and name 'rob498_drone'
[2.311s] Level 1:colcon.colcon_core.package_identification:_identify(src) by extensions ['ignore', 'ignore_ament_install']
[2.312s] Level 1:colcon.colcon_core.package_identification:_identify(src) by extension 'ignore'
[2.312s] Level 1:colcon.colcon_core.package_identification:_identify(src) by extension 'ignore_ament_install'
[2.312s] Level 1:colcon.colcon_core.package_identification:_identify(src) by extensions ['colcon_pkg']
[2.313s] Level 1:colcon.colcon_core.package_identification:_identify(src) by extension 'colcon_pkg'
[2.313s] Level 1:colcon.colcon_core.package_identification:_identify(src) by extensions ['colcon_meta']
[2.313s] Level 1:colcon.colcon_core.package_identification:_identify(src) by extension 'colcon_meta'
[2.313s] Level 1:colcon.colcon_core.package_identification:_identify(src) by extensions ['ros']
[2.313s] Level 1:colcon.colcon_core.package_identification:_identify(src) by extension 'ros'
[2.314s] Level 1:colcon.colcon_core.package_identification:_identify(src) by extensions ['cmake', 'python']
[2.314s] Level 1:colcon.colcon_core.package_identification:_identify(src) by extension 'cmake'
[2.314s] Level 1:colcon.colcon_core.package_identification:_identify(src) by extension 'python'
[2.314s] Level 1:colcon.colcon_core.package_identification:_identify(src) by extensions ['python_setup_py']
[2.314s] Level 1:colcon.colcon_core.package_identification:_identify(src) by extension 'python_setup_py'
[2.315s] Level 1:colcon.colcon_core.package_identification:_identify(src/px4_autonomy_modules) by extensions ['ignore', 'ignore_ament_install']
[2.315s] Level 1:colcon.colcon_core.package_identification:_identify(src/px4_autonomy_modules) by extension 'ignore'
[2.316s] Level 1:colcon.colcon_core.package_identification:_identify(src/px4_autonomy_modules) by extension 'ignore_ament_install'
[2.316s] Level 1:colcon.colcon_core.package_identification:_identify(src/px4_autonomy_modules) by extensions ['colcon_pkg']
[2.316s] Level 1:colcon.colcon_core.package_identification:_identify(src/px4_autonomy_modules) by extension 'colcon_pkg'
[2.316s] Level 1:colcon.colcon_core.package_identification:_identify(src/px4_autonomy_modules) by extensions ['colcon_meta']
[2.317s] Level 1:colcon.colcon_core.package_identification:_identify(src/px4_autonomy_modules) by extension 'colcon_meta'
[2.317s] Level 1:colcon.colcon_core.package_identification:_identify(src/px4_autonomy_modules) by extensions ['ros']
[2.317s] Level 1:colcon.colcon_core.package_identification:_identify(src/px4_autonomy_modules) by extension 'ros'
[2.322s] DEBUG:colcon.colcon_core.package_identification:Package 'src/px4_autonomy_modules' with type 'ros.ament_python' and name 'px4_autonomy_modules'
[2.323s] Level 1:colcon.colcon_core.package_identification:_identify(src/rob498_drone) by extensions ['ignore', 'ignore_ament_install']
[2.323s] Level 1:colcon.colcon_core.package_identification:_identify(src/rob498_drone) by extension 'ignore'
[2.324s] Level 1:colcon.colcon_core.package_identification:_identify(src/rob498_drone) by extension 'ignore_ament_install'
[2.324s] Level 1:colcon.colcon_core.package_identification:_identify(src/rob498_drone) by extensions ['colcon_pkg']
[2.324s] Level 1:colcon.colcon_core.package_identification:_identify(src/rob498_drone) by extension 'colcon_pkg'
[2.324s] Level 1:colcon.colcon_core.package_identification:_identify(src/rob498_drone) by extensions ['colcon_meta']
[2.325s] Level 1:colcon.colcon_core.package_identification:_identify(src/rob498_drone) by extension 'colcon_meta'
[2.325s] Level 1:colcon.colcon_core.package_identification:_identify(src/rob498_drone) by extensions ['ros']
[2.325s] Level 1:colcon.colcon_core.package_identification:_identify(src/rob498_drone) by extension 'ros'
[2.325s] Level 1:colcon.colcon_core.package_identification:_identify(src/rob498_drone) by extensions ['cmake', 'python']
[2.326s] Level 1:colcon.colcon_core.package_identification:_identify(src/rob498_drone) by extension 'cmake'
[2.326s] Level 1:colcon.colcon_core.package_identification:_identify(src/rob498_drone) by extension 'python'
[2.326s] Level 1:colcon.colcon_core.package_identification:_identify(src/rob498_drone) by extensions ['python_setup_py']
[2.326s] Level 1:colcon.colcon_core.package_identification:_identify(src/rob498_drone) by extension 'python_setup_py'
[2.327s] Level 1:colcon.colcon_core.package_identification:_identify(src/scripts) by extensions ['ignore', 'ignore_ament_install']
[2.327s] Level 1:colcon.colcon_core.package_identification:_identify(src/scripts) by extension 'ignore'
[2.327s] Level 1:colcon.colcon_core.package_identification:_identify(src/scripts) by extension 'ignore_ament_install'
[2.328s] Level 1:colcon.colcon_core.package_identification:_identify(src/scripts) by extensions ['colcon_pkg']
[2.328s] Level 1:colcon.colcon_core.package_identification:_identify(src/scripts) by extension 'colcon_pkg'
[2.328s] Level 1:colcon.colcon_core.package_identification:_identify(src/scripts) by extensions ['colcon_meta']
[2.328s] Level 1:colcon.colcon_core.package_identification:_identify(src/scripts) by extension 'colcon_meta'
[2.328s] Level 1:colcon.colcon_core.package_identification:_identify(src/scripts) by extensions ['ros']
[2.328s] Level 1:colcon.colcon_core.package_identification:_identify(src/scripts) by extension 'ros'
[2.329s] Level 1:colcon.colcon_core.package_identification:_identify(src/scripts) by extensions ['cmake', 'python']
[2.329s] Level 1:colcon.colcon_core.package_identification:_identify(src/scripts) by extension 'cmake'
[2.329s] Level 1:colcon.colcon_core.package_identification:_identify(src/scripts) by extension 'python'
[2.329s] Level 1:colcon.colcon_core.package_identification:_identify(src/scripts) by extensions ['python_setup_py']
[2.329s] Level 1:colcon.colcon_core.package_identification:_identify(src/scripts) by extension 'python_setup_py'
[2.330s] Level 1:colcon.colcon_core.package_identification:_identify(src/srv) by extensions ['ignore', 'ignore_ament_install']
[2.330s] Level 1:colcon.colcon_core.package_identification:_identify(src/srv) by extension 'ignore'
[2.330s] Level 1:colcon.colcon_core.package_identification:_identify(src/srv) by extension 'ignore_ament_install'
[2.331s] Level 1:colcon.colcon_core.package_identification:_identify(src/srv) by extensions ['colcon_pkg']
[2.331s] Level 1:colcon.colcon_core.package_identification:_identify(src/srv) by extension 'colcon_pkg'
[2.331s] Level 1:colcon.colcon_core.package_identification:_identify(src/srv) by extensions ['colcon_meta']
[2.331s] Level 1:colcon.colcon_core.package_identification:_identify(src/srv) by extension 'colcon_meta'
[2.332s] Level 1:colcon.colcon_core.package_identification:_identify(src/srv) by extensions ['ros']
[2.332s] Level 1:colcon.colcon_core.package_identification:_identify(src/srv) by extension 'ros'
[2.332s] Level 1:colcon.colcon_core.package_identification:_identify(src/srv) by extensions ['cmake', 'python']
[2.332s] Level 1:colcon.colcon_core.package_identification:_identify(src/srv) by extension 'cmake'
[2.332s] Level 1:colcon.colcon_core.package_identification:_identify(src/srv) by extension 'python'
[2.333s] Level 1:colcon.colcon_core.package_identification:_identify(src/srv) by extensions ['python_setup_py']
[2.333s] Level 1:colcon.colcon_core.package_identification:_identify(src/srv) by extension 'python_setup_py'
[2.333s] Level 1:colcon.colcon_core.package_discovery:discover_packages(recursive) using defaults
[2.333s] Level 1:colcon.colcon_core.package_discovery:discover_packages(ignore) discover
[2.333s] Level 1:colcon.colcon_core.package_discovery:discover_packages(ignore) using defaults
[2.333s] Level 1:colcon.colcon_core.package_discovery:discover_packages(path) discover
[2.334s] Level 1:colcon.colcon_core.package_discovery:discover_packages(path) using defaults
[2.434s] Level 1:colcon.colcon_core.package_discovery:discover_packages(prefix_path) check parameters
[2.435s] Level 1:colcon.colcon_core.package_discovery:discover_packages(prefix_path) discover
[2.447s] DEBUG:colcon.colcon_installed_package_information.package_discovery:Found 1 installed packages in /home/jetson/capstone_ws/install
[2.454s] DEBUG:colcon.colcon_installed_package_information.package_discovery:Found 266 installed packages in /opt/ros/foxy
[2.466s] Level 1:colcon.colcon_core.package_discovery:discover_packages(prefix_path) using defaults
[3.012s] Level 5:colcon.colcon_core.verb:set package 'px4_autonomy_modules' build argument 'cmake_args' from command line to 'None'
[3.012s] Level 5:colcon.colcon_core.verb:set package 'px4_autonomy_modules' build argument 'cmake_target' from command line to 'None'
[3.012s] Level 5:colcon.colcon_core.verb:set package 'px4_autonomy_modules' build argument 'cmake_target_skip_unavailable' from command line to 'False'
[3.012s] Level 5:colcon.colcon_core.verb:set package 'px4_autonomy_modules' build argument 'cmake_clean_cache' from command line to 'False'
[3.012s] Level 5:colcon.colcon_core.verb:set package 'px4_autonomy_modules' build argument 'cmake_clean_first' from command line to 'False'
[3.012s] Level 5:colcon.colcon_core.verb:set package 'px4_autonomy_modules' build argument 'cmake_force_configure' from command line to 'False'
[3.013s] Level 5:colcon.colcon_core.verb:set package 'px4_autonomy_modules' build argument 'ament_cmake_args' from command line to 'None'
[3.013s] Level 5:colcon.colcon_core.verb:set package 'px4_autonomy_modules' build argument 'catkin_cmake_args' from command line to 'None'
[3.013s] Level 5:colcon.colcon_core.verb:set package 'px4_autonomy_modules' build argument 'catkin_skip_building_tests' from command line to 'False'
[3.013s] DEBUG:colcon.colcon_core.verb:Building package 'px4_autonomy_modules' with the following arguments: {'ament_cmake_args': None, 'build_base': '/home/jetson/capstone_ws/build/px4_autonomy_modules', 'catkin_cmake_args': None, 'catkin_skip_building_tests': False, 'cmake_args': None, 'cmake_clean_cache': False, 'cmake_clean_first': False, 'cmake_force_configure': False, 'cmake_target': None, 'cmake_target_skip_unavailable': False, 'install_base': '/home/jetson/capstone_ws/install/px4_autonomy_modules', 'merge_install': False, 'path': '/home/jetson/capstone_ws/src/px4_autonomy_modules', 'symlink_install': False, 'test_result_base': None}
[3.015s] Level 5:colcon.colcon_core.verb:set package 'rob498_drone' build argument 'cmake_args' from command line to 'None'
[3.015s] Level 5:colcon.colcon_core.verb:set package 'rob498_drone' build argument 'cmake_target' from command line to 'None'
[3.015s] Level 5:colcon.colcon_core.verb:set package 'rob498_drone' build argument 'cmake_target_skip_unavailable' from command line to 'False'
[3.015s] Level 5:colcon.colcon_core.verb:set package 'rob498_drone' build argument 'cmake_clean_cache' from command line to 'False'
[3.016s] Level 5:colcon.colcon_core.verb:set package 'rob498_drone' build argument 'cmake_clean_first' from command line to 'False'
[3.016s] Level 5:colcon.colcon_core.verb:set package 'rob498_drone' build argument 'cmake_force_configure' from command line to 'False'
[3.016s] Level 5:colcon.colcon_core.verb:set package 'rob498_drone' build argument 'ament_cmake_args' from command line to 'None'
[3.016s] Level 5:colcon.colcon_core.verb:set package 'rob498_drone' build argument 'catkin_cmake_args' from command line to 'None'
[3.016s] Level 5:colcon.colcon_core.verb:set package 'rob498_drone' build argument 'catkin_skip_building_tests' from command line to 'False'
[3.016s] DEBUG:colcon.colcon_core.verb:Building package 'rob498_drone' with the following arguments: {'ament_cmake_args': None, 'build_base': '/home/jetson/capstone_ws/build/rob498_drone', 'catkin_cmake_args': None, 'catkin_skip_building_tests': False, 'cmake_args': None, 'cmake_clean_cache': False, 'cmake_clean_first': False, 'cmake_force_configure': False, 'cmake_target': None, 'cmake_target_skip_unavailable': False, 'install_base': '/home/jetson/capstone_ws/install/rob498_drone', 'merge_install': False, 'path': '/home/jetson/capstone_ws/rob498_drone', 'symlink_install': False, 'test_result_base': None}
[3.017s] INFO:colcon.colcon_core.executor:Executing jobs using 'parallel' executor
[3.020s] DEBUG:colcon.colcon_parallel_executor.executor.parallel:run_until_complete
[3.021s] INFO:colcon.colcon_ros.task.ament_python.build:Building ROS package in '/home/jetson/capstone_ws/src/px4_autonomy_modules' with build type 'ament_python'
[3.022s] Level 1:colcon.colcon_core.shell:create_environment_hook('px4_autonomy_modules', 'ament_prefix_path')
[3.041s] INFO:colcon.colcon_core.plugin_system:Skipping extension 'colcon_core.shell.bat': Not used on non-Windows systems
[3.042s] INFO:colcon.colcon_core.shell:Creating environment hook '/home/jetson/capstone_ws/install/px4_autonomy_modules/share/px4_autonomy_modules/hook/ament_prefix_path.ps1'
[3.045s] INFO:colcon.colcon_core.shell:Creating environment descriptor '/home/jetson/capstone_ws/install/px4_autonomy_modules/share/px4_autonomy_modules/hook/ament_prefix_path.dsv'
[3.047s] INFO:colcon.colcon_core.shell:Creating environment hook '/home/jetson/capstone_ws/install/px4_autonomy_modules/share/px4_autonomy_modules/hook/ament_prefix_path.sh'
[3.053s] INFO:colcon.colcon_core.shell:Skip shell extension 'powershell' for command environment: Not usable outside of PowerShell
[3.053s] DEBUG:colcon.colcon_core.shell:Skip shell extension 'dsv' for command environment
[3.080s] INFO:colcon.colcon_ros.task.ament_python.build:Building ROS package in '/home/jetson/capstone_ws/rob498_drone' with build type 'ament_python'
[3.082s] Level 1:colcon.colcon_core.shell:create_environment_hook('rob498_drone', 'ament_prefix_path')
[3.084s] INFO:colcon.colcon_core.shell:Creating environment hook '/home/jetson/capstone_ws/install/rob498_drone/share/rob498_drone/hook/ament_prefix_path.ps1'
[3.087s] INFO:colcon.colcon_core.shell:Creating environment descriptor '/home/jetson/capstone_ws/install/rob498_drone/share/rob498_drone/hook/ament_prefix_path.dsv'
[3.090s] INFO:colcon.colcon_core.shell:Creating environment hook '/home/jetson/capstone_ws/install/rob498_drone/share/rob498_drone/hook/ament_prefix_path.sh'
[3.093s] INFO:colcon.colcon_core.shell:Skip shell extension 'powershell' for command environment: Not usable outside of PowerShell
[3.094s] DEBUG:colcon.colcon_core.shell:Skip shell extension 'dsv' for command environment
[3.130s] WARNING:colcon.colcon_ros.task.ament_python.build:Package 'px4_autonomy_modules' doesn't explicitly install a marker in the package index (colcon-ros currently does it implicitly but that fallback will be removed in the future)
[3.131s] WARNING:colcon.colcon_ros.task.ament_python.build:Package 'px4_autonomy_modules' doesn't explicitly install the 'package.xml' file (colcon-ros currently does it implicitly but that fallback will be removed in the future)
[3.132s] INFO:colcon.colcon_core.task.python.build:Building Python package in '/home/jetson/capstone_ws/src/px4_autonomy_modules'
[3.134s] INFO:colcon.colcon_core.shell:Skip shell extension 'powershell' for command environment: Not usable outside of PowerShell
[3.134s] DEBUG:colcon.colcon_core.shell:Skip shell extension 'dsv' for command environment
[4.729s] WARNING:colcon.colcon_ros.task.ament_python.build:Package 'rob498_drone' doesn't explicitly install a marker in the package index (colcon-ros currently does it implicitly but that fallback will be removed in the future)
[4.731s] WARNING:colcon.colcon_ros.task.ament_python.build:Package 'rob498_drone' doesn't explicitly install the 'package.xml' file (colcon-ros currently does it implicitly but that fallback will be removed in the future)
[4.732s] INFO:colcon.colcon_core.task.python.build:Building Python package in '/home/jetson/capstone_ws/rob498_drone'
[4.734s] INFO:colcon.colcon_core.shell:Skip shell extension 'powershell' for command environment: Not usable outside of PowerShell
[4.734s] DEBUG:colcon.colcon_core.shell:Skip shell extension 'dsv' for command environment
[7.249s] DEBUG:colcon.colcon_parallel_executor.executor.parallel:closing loop
[7.250s] DEBUG:colcon.colcon_parallel_executor.executor.parallel:loop closed
[7.251s] DEBUG:colcon.colcon_parallel_executor.executor.parallel:run_until_complete finished with 'Expected ['/usr/bin/python3', '-W', 'ignore:setup.py install is deprecated', '-W', 'ignore:easy_install command is deprecated', 'setup.py', '--help-commands'] to pass: /usr/bin/python3: can't open file 'setup.py': [Errno 2] No such file or directory
'
[7.251s] DEBUG:colcon.colcon_core.event_reactor:joining thread
[7.296s] INFO:colcon.colcon_core.plugin_system:Skipping extension 'colcon_notification.desktop_notification.terminal_notifier': Not used on non-Darwin systems
[7.296s] INFO:colcon.colcon_core.plugin_system:Skipping extension 'colcon_notification.desktop_notification.win32': Not used on non-Windows systems
[7.297s] INFO:colcon.colcon_notification.desktop_notification:Sending desktop notification using 'notify2'
[7.370s] DEBUG:colcon.colcon_core.event_reactor:joined thread
[7.372s] INFO:colcon.colcon_core.shell:Creating prefix script '/home/jetson/capstone_ws/install/local_setup.ps1'
[7.379s] INFO:colcon.colcon_core.shell:Creating prefix util module '/home/jetson/capstone_ws/install/_local_setup_util_ps1.py'
[7.388s] INFO:colcon.colcon_core.shell:Creating prefix chain script '/home/jetson/capstone_ws/install/setup.ps1'
[7.397s] INFO:colcon.colcon_core.shell:Creating prefix script '/home/jetson/capstone_ws/install/local_setup.sh'
[7.400s] INFO:colcon.colcon_core.shell:Creating prefix util module '/home/jetson/capstone_ws/install/_local_setup_util_sh.py'
[7.404s] INFO:colcon.colcon_core.shell:Creating prefix chain script '/home/jetson/capstone_ws/install/setup.sh'
[7.410s] INFO:colcon.colcon_core.shell:Creating prefix script '/home/jetson/capstone_ws/install/local_setup.bash'
[7.414s] INFO:colcon.colcon_core.shell:Creating prefix chain script '/home/jetson/capstone_ws/install/setup.bash'
[7.422s] INFO:colcon.colcon_core.shell:Creating prefix script '/home/jetson/capstone_ws/install/local_setup.zsh'
[7.431s] INFO:colcon.colcon_core.shell:Creating prefix chain script '/home/jetson/capstone_ws/install/setup.zsh'
