[0.030s] Invoking command in '/home/autoronto/capstone_ws/build/px4_autonomy_modules': CMAKE_PREFIX_PATH=/home/autoronto/capstone_ws/install/px4_autonomy_modules:/home/autoronto/px4_ws/install/px4:/opt/ros/foxy:/home/autoronto/rob498_ws/install/rob498_ws:/home/autoronto/rob498_ws/src/ROB498-Capstone-Project/rob498_drone/install/rob498_drone /usr/local/bin/cmake --build /home/autoronto/capstone_ws/build/px4_autonomy_modules -- -j8 -l8
[0.061s] Invoked command in '/home/autoronto/capstone_ws/build/px4_autonomy_modules' returned '0': CMAKE_PREFIX_PATH=/home/autoronto/capstone_ws/install/px4_autonomy_modules:/home/autoronto/px4_ws/install/px4:/opt/ros/foxy:/home/autoronto/rob498_ws/install/rob498_ws:/home/autoronto/rob498_ws/src/ROB498-Capstone-Project/rob498_drone/install/rob498_drone /usr/local/bin/cmake --build /home/autoronto/capstone_ws/build/px4_autonomy_modules -- -j8 -l8
[0.070s] Invoking command in '/home/autoronto/capstone_ws/build/px4_autonomy_modules': CMAKE_PREFIX_PATH=/home/autoronto/capstone_ws/install/px4_autonomy_modules:/home/autoronto/px4_ws/install/px4:/opt/ros/foxy:/home/autoronto/rob498_ws/install/rob498_ws:/home/autoronto/rob498_ws/src/ROB498-Capstone-Project/rob498_drone/install/rob498_drone /usr/local/bin/cmake --install /home/autoronto/capstone_ws/build/px4_autonomy_modules
[0.075s] -- Install configuration: ""
[0.075s] -- Up-to-date: /home/autoronto/capstone_ws/install/px4_autonomy_modules/share/px4_autonomy_modules/launch
[0.075s] -- Up-to-date: /home/autoronto/capstone_ws/install/px4_autonomy_modules/share/px4_autonomy_modules/launch/px4_config.yaml
[0.075s] -- Up-to-date: /home/autoronto/capstone_ws/install/px4_autonomy_modules/share/px4_autonomy_modules/launch/px4_pluginlists.yaml
[0.075s] -- Up-to-date: /home/autoronto/capstone_ws/install/px4_autonomy_modules/share/px4_autonomy_modules/launch/mavros.launch.py
[0.075s] -- Up-to-date: /home/autoronto/capstone_ws/install/px4_autonomy_modules/share/ament_index/resource_index/package_run_dependencies/px4_autonomy_modules
[0.076s] -- Up-to-date: /home/autoronto/capstone_ws/install/px4_autonomy_modules/share/ament_index/resource_index/parent_prefix_path/px4_autonomy_modules
[0.076s] -- Up-to-date: /home/autoronto/capstone_ws/install/px4_autonomy_modules/share/px4_autonomy_modules/environment/ament_prefix_path.sh
[0.076s] -- Up-to-date: /home/autoronto/capstone_ws/install/px4_autonomy_modules/share/px4_autonomy_modules/environment/ament_prefix_path.dsv
[0.076s] -- Up-to-date: /home/autoronto/capstone_ws/install/px4_autonomy_modules/share/px4_autonomy_modules/environment/path.sh
[0.076s] -- Up-to-date: /home/autoronto/capstone_ws/install/px4_autonomy_modules/share/px4_autonomy_modules/environment/path.dsv
[0.076s] -- Up-to-date: /home/autoronto/capstone_ws/install/px4_autonomy_modules/share/px4_autonomy_modules/local_setup.bash
[0.076s] -- Up-to-date: /home/autoronto/capstone_ws/install/px4_autonomy_modules/share/px4_autonomy_modules/local_setup.sh
[0.076s] -- Up-to-date: /home/autoronto/capstone_ws/install/px4_autonomy_modules/share/px4_autonomy_modules/local_setup.zsh
[0.077s] -- Up-to-date: /home/autoronto/capstone_ws/install/px4_autonomy_modules/share/px4_autonomy_modules/local_setup.dsv
[0.077s] -- Installing: /home/autoronto/capstone_ws/install/px4_autonomy_modules/share/px4_autonomy_modules/package.dsv
[0.078s] -- Up-to-date: /home/autoronto/capstone_ws/install/px4_autonomy_modules/share/ament_index/resource_index/packages/px4_autonomy_modules
[0.079s] -- Up-to-date: /home/autoronto/capstone_ws/install/px4_autonomy_modules/share/px4_autonomy_modules/cmake/px4_autonomy_modulesConfig.cmake
[0.079s] -- Up-to-date: /home/autoronto/capstone_ws/install/px4_autonomy_modules/share/px4_autonomy_modules/cmake/px4_autonomy_modulesConfig-version.cmake
[0.079s] -- Up-to-date: /home/autoronto/capstone_ws/install/px4_autonomy_modules/share/px4_autonomy_modules/package.xml
[0.079s] Invoked command in '/home/autoronto/capstone_ws/build/px4_autonomy_modules' returned '0': CMAKE_PREFIX_PATH=/home/autoronto/capstone_ws/install/px4_autonomy_modules:/home/autoronto/px4_ws/install/px4:/opt/ros/foxy:/home/autoronto/rob498_ws/install/rob498_ws:/home/autoronto/rob498_ws/src/ROB498-Capstone-Project/rob498_drone/install/rob498_drone /usr/local/bin/cmake --install /home/autoronto/capstone_ws/build/px4_autonomy_modules
