[1.448s] DEBUG:colcon:Command line arguments: ['/usr/bin/colcon', 'build']
[1.449s] DEBUG:colcon:Parsed command line arguments: Namespace(allow_overriding=[], ament_cmake_args=None, base_paths=['.'], build_base='build', catkin_cmake_args=None, catkin_skip_building_tests=False, cmake_args=None, cmake_clean_cache=False, cmake_clean_first=False, cmake_force_configure=False, cmake_target=None, cmake_target_skip_unavailable=False, continue_on_error=False, event_handlers=None, executor='parallel', ignore_user_meta=False, install_base='install', log_base=None, log_level=None, main=<bound method BuildVerb.main of <colcon_core.verb.build.BuildVerb object at 0x7fb205d400>>, merge_install=False, metas=['./colcon.meta'], packages_above=None, packages_above_and_dependencies=None, packages_above_depth=None, packages_end=None, packages_ignore=None, packages_ignore_regex=None, packages_select=None, packages_select_build_failed=False, packages_select_by_dep=None, packages_select_regex=None, packages_select_test_failures=False, packages_skip=None, packages_skip_build_finished=False, packages_skip_by_dep=None, packages_skip_regex=None, packages_skip_test_passed=False, packages_skip_up_to=None, packages_start=None, packages_up_to=None, packages_up_to_regex=None, parallel_workers=4, paths=None, symlink_install=False, test_result_base=None, verb_extension=<colcon_core.verb.build.BuildVerb object at 0x7fb205d400>, verb_name='build', verb_parser=<colcon_defaults.argument_parser.defaults.DefaultArgumentsDecorator object at 0x7fb1fe2c70>)
[2.572s] Level 1:colcon.colcon_core.package_discovery:discover_packages(colcon_meta) check parameters
[2.572s] Level 1:colcon.colcon_core.package_discovery:discover_packages(recursive) check parameters
[2.573s] Level 1:colcon.colcon_core.package_discovery:discover_packages(ignore) check parameters
[2.573s] Level 1:colcon.colcon_core.package_discovery:discover_packages(path) check parameters
[2.573s] Level 1:colcon.colcon_core.package_discovery:discover_packages(colcon_meta) discover
[2.573s] Level 1:colcon.colcon_core.package_discovery:discover_packages(recursive) discover
[2.574s] INFO:colcon.colcon_core.package_discovery:Crawling recursively for packages in '/home/jetson/capstone_ws'
[2.574s] Level 1:colcon.colcon_core.package_identification:_identify(.) by extensions ['ignore', 'ignore_ament_install']
[2.574s] Level 1:colcon.colcon_core.package_identification:_identify(.) by extension 'ignore'
[2.575s] Level 1:colcon.colcon_core.package_identification:_identify(.) by extension 'ignore_ament_install'
[2.575s] Level 1:colcon.colcon_core.package_identification:_identify(.) by extensions ['colcon_pkg']
[2.575s] Level 1:colcon.colcon_core.package_identification:_identify(.) by extension 'colcon_pkg'
[2.576s] Level 1:colcon.colcon_core.package_identification:_identify(.) by extensions ['colcon_meta']
[2.576s] Level 1:colcon.colcon_core.package_identification:_identify(.) by extension 'colcon_meta'
[2.576s] Level 1:colcon.colcon_core.package_identification:_identify(.) by extensions ['ros']
[2.577s] Level 1:colcon.colcon_core.package_identification:_identify(.) by extension 'ros'
[2.692s] Level 1:colcon.colcon_core.package_identification:_identify(.) by extensions ['cmake', 'python']
[2.693s] Level 1:colcon.colcon_core.package_identification:_identify(.) by extension 'cmake'
[2.693s] Level 1:colcon.colcon_core.package_identification:_identify(.) by extension 'python'
[2.693s] Level 1:colcon.colcon_core.package_identification:_identify(.) by extensions ['python_setup_py']
[2.693s] Level 1:colcon.colcon_core.package_identification:_identify(.) by extension 'python_setup_py'
[2.694s] Level 1:colcon.colcon_core.package_identification:_identify(build) by extensions ['ignore', 'ignore_ament_install']
[2.694s] Level 1:colcon.colcon_core.package_identification:_identify(build) by extension 'ignore'
[2.694s] Level 1:colcon.colcon_core.package_identification:_identify(build) ignored
[2.695s] Level 1:colcon.colcon_core.package_identification:_identify(install) by extensions ['ignore', 'ignore_ament_install']
[2.695s] Level 1:colcon.colcon_core.package_identification:_identify(install) by extension 'ignore'
[2.696s] Level 1:colcon.colcon_core.package_identification:_identify(install) ignored
[2.696s] Level 1:colcon.colcon_core.package_identification:_identify(log) by extensions ['ignore', 'ignore_ament_install']
[2.696s] Level 1:colcon.colcon_core.package_identification:_identify(log) by extension 'ignore'
[2.697s] Level 1:colcon.colcon_core.package_identification:_identify(log) ignored
[2.697s] Level 1:colcon.colcon_core.package_identification:_identify(rob498_drone) by extensions ['ignore', 'ignore_ament_install']
[2.697s] Level 1:colcon.colcon_core.package_identification:_identify(rob498_drone) by extension 'ignore'
[2.697s] Level 1:colcon.colcon_core.package_identification:_identify(rob498_drone) by extension 'ignore_ament_install'
[2.698s] Level 1:colcon.colcon_core.package_identification:_identify(rob498_drone) by extensions ['colcon_pkg']
[2.698s] Level 1:colcon.colcon_core.package_identification:_identify(rob498_drone) by extension 'colcon_pkg'
[2.698s] Level 1:colcon.colcon_core.package_identification:_identify(rob498_drone) by extensions ['colcon_meta']
[2.698s] Level 1:colcon.colcon_core.package_identification:_identify(rob498_drone) by extension 'colcon_meta'
[2.699s] Level 1:colcon.colcon_core.package_identification:_identify(rob498_drone) by extensions ['ros']
[2.699s] Level 1:colcon.colcon_core.package_identification:_identify(rob498_drone) by extension 'ros'
[2.713s] DEBUG:colcon.colcon_core.package_identification:Package 'rob498_drone' with type 'ros.ament_python' and name 'rob498_drone'
[2.714s] Level 1:colcon.colcon_core.package_identification:_identify(src) by extensions ['ignore', 'ignore_ament_install']
[2.715s] Level 1:colcon.colcon_core.package_identification:_identify(src) by extension 'ignore'
[2.715s] Level 1:colcon.colcon_core.package_identification:_identify(src) by extension 'ignore_ament_install'
[2.715s] Level 1:colcon.colcon_core.package_identification:_identify(src) by extensions ['colcon_pkg']
[2.716s] Level 1:colcon.colcon_core.package_identification:_identify(src) by extension 'colcon_pkg'
[2.716s] Level 1:colcon.colcon_core.package_identification:_identify(src) by extensions ['colcon_meta']
[2.716s] Level 1:colcon.colcon_core.package_identification:_identify(src) by extension 'colcon_meta'
[2.716s] Level 1:colcon.colcon_core.package_identification:_identify(src) by extensions ['ros']
[2.716s] Level 1:colcon.colcon_core.package_identification:_identify(src) by extension 'ros'
[2.717s] Level 1:colcon.colcon_core.package_identification:_identify(src) by extensions ['cmake', 'python']
[2.717s] Level 1:colcon.colcon_core.package_identification:_identify(src) by extension 'cmake'
[2.717s] Level 1:colcon.colcon_core.package_identification:_identify(src) by extension 'python'
[2.718s] Level 1:colcon.colcon_core.package_identification:_identify(src) by extensions ['python_setup_py']
[2.718s] Level 1:colcon.colcon_core.package_identification:_identify(src) by extension 'python_setup_py'
[2.718s] Level 1:colcon.colcon_core.package_identification:_identify(src/px4_autonomy_modules) by extensions ['ignore', 'ignore_ament_install']
[2.719s] Level 1:colcon.colcon_core.package_identification:_identify(src/px4_autonomy_modules) by extension 'ignore'
[2.719s] Level 1:colcon.colcon_core.package_identification:_identify(src/px4_autonomy_modules) by extension 'ignore_ament_install'
[2.719s] Level 1:colcon.colcon_core.package_identification:_identify(src/px4_autonomy_modules) by extensions ['colcon_pkg']
[2.719s] Level 1:colcon.colcon_core.package_identification:_identify(src/px4_autonomy_modules) by extension 'colcon_pkg'
[2.720s] Level 1:colcon.colcon_core.package_identification:_identify(src/px4_autonomy_modules) by extensions ['colcon_meta']
[2.720s] Level 1:colcon.colcon_core.package_identification:_identify(src/px4_autonomy_modules) by extension 'colcon_meta'
[2.720s] Level 1:colcon.colcon_core.package_identification:_identify(src/px4_autonomy_modules) by extensions ['ros']
[2.720s] Level 1:colcon.colcon_core.package_identification:_identify(src/px4_autonomy_modules) by extension 'ros'
[2.724s] DEBUG:colcon.colcon_core.package_identification:Package 'src/px4_autonomy_modules' with type 'ros.ament_cmake' and name 'px4_autonomy_modules'
[2.725s] Level 1:colcon.colcon_core.package_identification:_identify(src/rob498_drone) by extensions ['ignore', 'ignore_ament_install']
[2.725s] Level 1:colcon.colcon_core.package_identification:_identify(src/rob498_drone) by extension 'ignore'
[2.726s] Level 1:colcon.colcon_core.package_identification:_identify(src/rob498_drone) by extension 'ignore_ament_install'
[2.726s] Level 1:colcon.colcon_core.package_identification:_identify(src/rob498_drone) by extensions ['colcon_pkg']
[2.726s] Level 1:colcon.colcon_core.package_identification:_identify(src/rob498_drone) by extension 'colcon_pkg'
[2.726s] Level 1:colcon.colcon_core.package_identification:_identify(src/rob498_drone) by extensions ['colcon_meta']
[2.726s] Level 1:colcon.colcon_core.package_identification:_identify(src/rob498_drone) by extension 'colcon_meta'
[2.727s] Level 1:colcon.colcon_core.package_identification:_identify(src/rob498_drone) by extensions ['ros']
[2.727s] Level 1:colcon.colcon_core.package_identification:_identify(src/rob498_drone) by extension 'ros'
[2.727s] Level 1:colcon.colcon_core.package_identification:_identify(src/rob498_drone) by extensions ['cmake', 'python']
[2.727s] Level 1:colcon.colcon_core.package_identification:_identify(src/rob498_drone) by extension 'cmake'
[2.727s] Level 1:colcon.colcon_core.package_identification:_identify(src/rob498_drone) by extension 'python'
[2.728s] Level 1:colcon.colcon_core.package_identification:_identify(src/rob498_drone) by extensions ['python_setup_py']
[2.728s] Level 1:colcon.colcon_core.package_identification:_identify(src/rob498_drone) by extension 'python_setup_py'
[2.728s] Level 1:colcon.colcon_core.package_identification:_identify(src/scripts) by extensions ['ignore', 'ignore_ament_install']
[2.729s] Level 1:colcon.colcon_core.package_identification:_identify(src/scripts) by extension 'ignore'
[2.729s] Level 1:colcon.colcon_core.package_identification:_identify(src/scripts) by extension 'ignore_ament_install'
[2.729s] Level 1:colcon.colcon_core.package_identification:_identify(src/scripts) by extensions ['colcon_pkg']
[2.729s] Level 1:colcon.colcon_core.package_identification:_identify(src/scripts) by extension 'colcon_pkg'
[2.729s] Level 1:colcon.colcon_core.package_identification:_identify(src/scripts) by extensions ['colcon_meta']
[2.730s] Level 1:colcon.colcon_core.package_identification:_identify(src/scripts) by extension 'colcon_meta'
[2.730s] Level 1:colcon.colcon_core.package_identification:_identify(src/scripts) by extensions ['ros']
[2.730s] Level 1:colcon.colcon_core.package_identification:_identify(src/scripts) by extension 'ros'
[2.730s] Level 1:colcon.colcon_core.package_identification:_identify(src/scripts) by extensions ['cmake', 'python']
[2.731s] Level 1:colcon.colcon_core.package_identification:_identify(src/scripts) by extension 'cmake'
[2.731s] Level 1:colcon.colcon_core.package_identification:_identify(src/scripts) by extension 'python'
[2.731s] Level 1:colcon.colcon_core.package_identification:_identify(src/scripts) by extensions ['python_setup_py']
[2.732s] Level 1:colcon.colcon_core.package_identification:_identify(src/scripts) by extension 'python_setup_py'
[2.732s] Level 1:colcon.colcon_core.package_identification:_identify(src/srv) by extensions ['ignore', 'ignore_ament_install']
[2.733s] Level 1:colcon.colcon_core.package_identification:_identify(src/srv) by extension 'ignore'
[2.733s] Level 1:colcon.colcon_core.package_identification:_identify(src/srv) by extension 'ignore_ament_install'
[2.733s] Level 1:colcon.colcon_core.package_identification:_identify(src/srv) by extensions ['colcon_pkg']
[2.734s] Level 1:colcon.colcon_core.package_identification:_identify(src/srv) by extension 'colcon_pkg'
[2.734s] Level 1:colcon.colcon_core.package_identification:_identify(src/srv) by extensions ['colcon_meta']
[2.734s] Level 1:colcon.colcon_core.package_identification:_identify(src/srv) by extension 'colcon_meta'
[2.734s] Level 1:colcon.colcon_core.package_identification:_identify(src/srv) by extensions ['ros']
[2.734s] Level 1:colcon.colcon_core.package_identification:_identify(src/srv) by extension 'ros'
[2.735s] Level 1:colcon.colcon_core.package_identification:_identify(src/srv) by extensions ['cmake', 'python']
[2.735s] Level 1:colcon.colcon_core.package_identification:_identify(src/srv) by extension 'cmake'
[2.735s] Level 1:colcon.colcon_core.package_identification:_identify(src/srv) by extension 'python'
[2.735s] Level 1:colcon.colcon_core.package_identification:_identify(src/srv) by extensions ['python_setup_py']
[2.736s] Level 1:colcon.colcon_core.package_identification:_identify(src/srv) by extension 'python_setup_py'
[2.736s] Level 1:colcon.colcon_core.package_discovery:discover_packages(recursive) using defaults
[2.736s] Level 1:colcon.colcon_core.package_discovery:discover_packages(ignore) discover
[2.736s] Level 1:colcon.colcon_core.package_discovery:discover_packages(ignore) using defaults
[2.736s] Level 1:colcon.colcon_core.package_discovery:discover_packages(path) discover
[2.737s] Level 1:colcon.colcon_core.package_discovery:discover_packages(path) using defaults
[2.838s] Level 1:colcon.colcon_core.package_discovery:discover_packages(prefix_path) check parameters
[2.838s] Level 1:colcon.colcon_core.package_discovery:discover_packages(prefix_path) discover
[2.852s] DEBUG:colcon.colcon_installed_package_information.package_discovery:Found 1 installed packages in /home/jetson/capstone_ws/install
[2.859s] DEBUG:colcon.colcon_installed_package_information.package_discovery:Found 266 installed packages in /opt/ros/foxy
[2.876s] Level 1:colcon.colcon_core.package_discovery:discover_packages(prefix_path) using defaults
[3.297s] Level 5:colcon.colcon_core.verb:set package 'px4_autonomy_modules' build argument 'cmake_args' from command line to 'None'
[3.297s] Level 5:colcon.colcon_core.verb:set package 'px4_autonomy_modules' build argument 'cmake_target' from command line to 'None'
[3.297s] Level 5:colcon.colcon_core.verb:set package 'px4_autonomy_modules' build argument 'cmake_target_skip_unavailable' from command line to 'False'
[3.297s] Level 5:colcon.colcon_core.verb:set package 'px4_autonomy_modules' build argument 'cmake_clean_cache' from command line to 'False'
[3.297s] Level 5:colcon.colcon_core.verb:set package 'px4_autonomy_modules' build argument 'cmake_clean_first' from command line to 'False'
[3.297s] Level 5:colcon.colcon_core.verb:set package 'px4_autonomy_modules' build argument 'cmake_force_configure' from command line to 'False'
[3.298s] Level 5:colcon.colcon_core.verb:set package 'px4_autonomy_modules' build argument 'ament_cmake_args' from command line to 'None'
[3.298s] Level 5:colcon.colcon_core.verb:set package 'px4_autonomy_modules' build argument 'catkin_cmake_args' from command line to 'None'
[3.298s] Level 5:colcon.colcon_core.verb:set package 'px4_autonomy_modules' build argument 'catkin_skip_building_tests' from command line to 'False'
[3.298s] DEBUG:colcon.colcon_core.verb:Building package 'px4_autonomy_modules' with the following arguments: {'ament_cmake_args': None, 'build_base': '/home/jetson/capstone_ws/build/px4_autonomy_modules', 'catkin_cmake_args': None, 'catkin_skip_building_tests': False, 'cmake_args': None, 'cmake_clean_cache': False, 'cmake_clean_first': False, 'cmake_force_configure': False, 'cmake_target': None, 'cmake_target_skip_unavailable': False, 'install_base': '/home/jetson/capstone_ws/install/px4_autonomy_modules', 'merge_install': False, 'path': '/home/jetson/capstone_ws/src/px4_autonomy_modules', 'symlink_install': False, 'test_result_base': None}
[3.300s] Level 5:colcon.colcon_core.verb:set package 'rob498_drone' build argument 'cmake_args' from command line to 'None'
[3.300s] Level 5:colcon.colcon_core.verb:set package 'rob498_drone' build argument 'cmake_target' from command line to 'None'
[3.300s] Level 5:colcon.colcon_core.verb:set package 'rob498_drone' build argument 'cmake_target_skip_unavailable' from command line to 'False'
[3.300s] Level 5:colcon.colcon_core.verb:set package 'rob498_drone' build argument 'cmake_clean_cache' from command line to 'False'
[3.301s] Level 5:colcon.colcon_core.verb:set package 'rob498_drone' build argument 'cmake_clean_first' from command line to 'False'
[3.301s] Level 5:colcon.colcon_core.verb:set package 'rob498_drone' build argument 'cmake_force_configure' from command line to 'False'
[3.301s] Level 5:colcon.colcon_core.verb:set package 'rob498_drone' build argument 'ament_cmake_args' from command line to 'None'
[3.301s] Level 5:colcon.colcon_core.verb:set package 'rob498_drone' build argument 'catkin_cmake_args' from command line to 'None'
[3.301s] Level 5:colcon.colcon_core.verb:set package 'rob498_drone' build argument 'catkin_skip_building_tests' from command line to 'False'
[3.301s] DEBUG:colcon.colcon_core.verb:Building package 'rob498_drone' with the following arguments: {'ament_cmake_args': None, 'build_base': '/home/jetson/capstone_ws/build/rob498_drone', 'catkin_cmake_args': None, 'catkin_skip_building_tests': False, 'cmake_args': None, 'cmake_clean_cache': False, 'cmake_clean_first': False, 'cmake_force_configure': False, 'cmake_target': None, 'cmake_target_skip_unavailable': False, 'install_base': '/home/jetson/capstone_ws/install/rob498_drone', 'merge_install': False, 'path': '/home/jetson/capstone_ws/rob498_drone', 'symlink_install': False, 'test_result_base': None}
[3.302s] INFO:colcon.colcon_core.executor:Executing jobs using 'parallel' executor
[3.305s] DEBUG:colcon.colcon_parallel_executor.executor.parallel:run_until_complete
[3.307s] INFO:colcon.colcon_ros.task.ament_cmake.build:Building ROS package in '/home/jetson/capstone_ws/src/px4_autonomy_modules' with build type 'ament_cmake'
[3.307s] INFO:colcon.colcon_cmake.task.cmake.build:Building CMake package in '/home/jetson/capstone_ws/src/px4_autonomy_modules'
[3.316s] INFO:colcon.colcon_core.plugin_system:Skipping extension 'colcon_core.shell.bat': Not used on non-Windows systems
[3.318s] INFO:colcon.colcon_core.shell:Skip shell extension 'powershell' for command environment: Not usable outside of PowerShell
[3.318s] DEBUG:colcon.colcon_core.shell:Skip shell extension 'dsv' for command environment
[3.342s] INFO:colcon.colcon_ros.task.ament_python.build:Building ROS package in '/home/jetson/capstone_ws/rob498_drone' with build type 'ament_python'
[3.343s] Level 1:colcon.colcon_core.shell:create_environment_hook('rob498_drone', 'ament_prefix_path')
[3.345s] INFO:colcon.colcon_core.shell:Creating environment hook '/home/jetson/capstone_ws/install/rob498_drone/share/rob498_drone/hook/ament_prefix_path.ps1'
[3.352s] INFO:colcon.colcon_core.shell:Creating environment descriptor '/home/jetson/capstone_ws/install/rob498_drone/share/rob498_drone/hook/ament_prefix_path.dsv'
[3.355s] INFO:colcon.colcon_core.shell:Creating environment hook '/home/jetson/capstone_ws/install/rob498_drone/share/rob498_drone/hook/ament_prefix_path.sh'
[3.360s] INFO:colcon.colcon_core.shell:Skip shell extension 'powershell' for command environment: Not usable outside of PowerShell
[3.361s] DEBUG:colcon.colcon_core.shell:Skip shell extension 'dsv' for command environment
[3.409s] DEBUG:colcon.colcon_core.event_handler.log_command:Invoking command in '/home/jetson/capstone_ws/build/px4_autonomy_modules': CMAKE_PREFIX_PATH=/home/jetson/capstone_ws/install/rob498_drone:/opt/ros/foxy /usr/bin/cmake /home/jetson/capstone_ws/src/px4_autonomy_modules -DCMAKE_INSTALL_PREFIX=/home/jetson/capstone_ws/install/px4_autonomy_modules
[6.012s] WARNING:colcon.colcon_ros.task.ament_python.build:Package 'rob498_drone' doesn't explicitly install a marker in the package index (colcon-ros currently does it implicitly but that fallback will be removed in the future)
[6.013s] WARNING:colcon.colcon_ros.task.ament_python.build:Package 'rob498_drone' doesn't explicitly install the 'package.xml' file (colcon-ros currently does it implicitly but that fallback will be removed in the future)
[6.017s] INFO:colcon.colcon_core.task.python.build:Building Python package in '/home/jetson/capstone_ws/rob498_drone'
[6.018s] INFO:colcon.colcon_core.shell:Skip shell extension 'powershell' for command environment: Not usable outside of PowerShell
[6.019s] DEBUG:colcon.colcon_core.shell:Skip shell extension 'dsv' for command environment
[8.777s] DEBUG:colcon.colcon_core.event_handler.log_command:Invoking command in '/home/jetson/capstone_ws/rob498_drone': PYTHONPATH=/home/jetson/capstone_ws/build/rob498_drone/prefix_override:/usr/lib/python3/dist-packages/colcon_core/task/python/colcon_distutils_commands:/home/jetson/capstone_ws/install/rob498_drone/lib/python3.8/site-packages:${PYTHONPATH} /usr/bin/python3 -W ignore:setup.py install is deprecated -W ignore:easy_install command is deprecated setup.py egg_info --egg-base ../build/rob498_drone build --build-base /home/jetson/capstone_ws/build/rob498_drone/build install --record /home/jetson/capstone_ws/build/rob498_drone/install.log --install-scripts $base/lib/rob498_drone --single-version-externally-managed
[10.649s] DEBUG:colcon.colcon_core.event_handler.log_command:Invoked command in '/home/jetson/capstone_ws/rob498_drone' returned '0': PYTHONPATH=/home/jetson/capstone_ws/build/rob498_drone/prefix_override:/usr/lib/python3/dist-packages/colcon_core/task/python/colcon_distutils_commands:/home/jetson/capstone_ws/install/rob498_drone/lib/python3.8/site-packages:${PYTHONPATH} /usr/bin/python3 -W ignore:setup.py install is deprecated -W ignore:easy_install command is deprecated setup.py egg_info --egg-base ../build/rob498_drone build --build-base /home/jetson/capstone_ws/build/rob498_drone/build install --record /home/jetson/capstone_ws/build/rob498_drone/install.log --install-scripts $base/lib/rob498_drone --single-version-externally-managed
[10.668s] Level 1:colcon.colcon_core.environment:checking '/home/jetson/capstone_ws/install/rob498_drone' for CMake module files
[10.671s] Level 1:colcon.colcon_core.environment:checking '/home/jetson/capstone_ws/install/rob498_drone' for CMake config files
[10.675s] Level 1:colcon.colcon_core.environment:checking '/home/jetson/capstone_ws/install/rob498_drone/lib'
[10.676s] Level 1:colcon.colcon_core.environment:checking '/home/jetson/capstone_ws/install/rob498_drone/bin'
[10.677s] Level 1:colcon.colcon_core.environment:checking '/home/jetson/capstone_ws/install/rob498_drone/lib/pkgconfig/rob498_drone.pc'
[10.678s] Level 1:colcon.colcon_core.environment:checking '/home/jetson/capstone_ws/install/rob498_drone/lib/python3.8/site-packages'
[10.678s] Level 1:colcon.colcon_core.shell:create_environment_hook('rob498_drone', 'pythonpath')
[10.680s] INFO:colcon.colcon_core.shell:Creating environment hook '/home/jetson/capstone_ws/install/rob498_drone/share/rob498_drone/hook/pythonpath.ps1'
[10.683s] INFO:colcon.colcon_core.shell:Creating environment descriptor '/home/jetson/capstone_ws/install/rob498_drone/share/rob498_drone/hook/pythonpath.dsv'
[10.686s] INFO:colcon.colcon_core.shell:Creating environment hook '/home/jetson/capstone_ws/install/rob498_drone/share/rob498_drone/hook/pythonpath.sh'
[10.689s] Level 1:colcon.colcon_core.environment:checking '/home/jetson/capstone_ws/install/rob498_drone/bin'
[10.690s] Level 1:colcon.colcon_core.environment:create_environment_scripts_only(rob498_drone)
[10.691s] INFO:colcon.colcon_core.shell:Creating package script '/home/jetson/capstone_ws/install/rob498_drone/share/rob498_drone/package.ps1'
[10.697s] INFO:colcon.colcon_core.shell:Creating package descriptor '/home/jetson/capstone_ws/install/rob498_drone/share/rob498_drone/package.dsv'
[10.710s] INFO:colcon.colcon_core.shell:Creating package script '/home/jetson/capstone_ws/install/rob498_drone/share/rob498_drone/package.sh'
[10.715s] INFO:colcon.colcon_core.shell:Creating package script '/home/jetson/capstone_ws/install/rob498_drone/share/rob498_drone/package.bash'
[10.721s] INFO:colcon.colcon_core.shell:Creating package script '/home/jetson/capstone_ws/install/rob498_drone/share/rob498_drone/package.zsh'
[10.728s] Level 1:colcon.colcon_core.environment:create_file_with_runtime_dependencies(/home/jetson/capstone_ws/install/rob498_drone/share/colcon-core/packages/rob498_drone)
[15.854s] DEBUG:colcon.colcon_core.event_handler.log_command:Invoked command in '/home/jetson/capstone_ws/build/px4_autonomy_modules' returned '0': CMAKE_PREFIX_PATH=/home/jetson/capstone_ws/install/rob498_drone:/opt/ros/foxy /usr/bin/cmake /home/jetson/capstone_ws/src/px4_autonomy_modules -DCMAKE_INSTALL_PREFIX=/home/jetson/capstone_ws/install/px4_autonomy_modules
[15.866s] DEBUG:colcon.colcon_core.event_handler.log_command:Invoking command in '/home/jetson/capstone_ws/build/px4_autonomy_modules': CMAKE_PREFIX_PATH=/home/jetson/capstone_ws/install/rob498_drone:/opt/ros/foxy /usr/bin/cmake --build /home/jetson/capstone_ws/build/px4_autonomy_modules -- -j4 -l4
[16.046s] DEBUG:colcon.colcon_core.event_handler.log_command:Invoked command in '/home/jetson/capstone_ws/build/px4_autonomy_modules' returned '0': CMAKE_PREFIX_PATH=/home/jetson/capstone_ws/install/rob498_drone:/opt/ros/foxy /usr/bin/cmake --build /home/jetson/capstone_ws/build/px4_autonomy_modules -- -j4 -l4
[16.099s] DEBUG:colcon.colcon_core.event_handler.log_command:Invoking command in '/home/jetson/capstone_ws/build/px4_autonomy_modules': CMAKE_PREFIX_PATH=/home/jetson/capstone_ws/install/rob498_drone:/opt/ros/foxy /usr/bin/cmake --install /home/jetson/capstone_ws/build/px4_autonomy_modules
[16.152s] Level 1:colcon.colcon_core.environment:create_environment_scripts_only(px4_autonomy_modules)
[16.153s] Level 1:colcon.colcon_core.environment:checking '/home/jetson/capstone_ws/install/px4_autonomy_modules' for CMake module files
[16.157s] DEBUG:colcon.colcon_core.event_handler.log_command:Invoked command in '/home/jetson/capstone_ws/build/px4_autonomy_modules' returned '0': CMAKE_PREFIX_PATH=/home/jetson/capstone_ws/install/rob498_drone:/opt/ros/foxy /usr/bin/cmake --install /home/jetson/capstone_ws/build/px4_autonomy_modules
[16.159s] Level 1:colcon.colcon_core.environment:checking '/home/jetson/capstone_ws/install/px4_autonomy_modules' for CMake config files
[16.160s] Level 1:colcon.colcon_core.shell:create_environment_hook('px4_autonomy_modules', 'cmake_prefix_path')
[16.162s] INFO:colcon.colcon_core.shell:Creating environment hook '/home/jetson/capstone_ws/install/px4_autonomy_modules/share/px4_autonomy_modules/hook/cmake_prefix_path.ps1'
[16.166s] INFO:colcon.colcon_core.shell:Creating environment descriptor '/home/jetson/capstone_ws/install/px4_autonomy_modules/share/px4_autonomy_modules/hook/cmake_prefix_path.dsv'
[16.171s] INFO:colcon.colcon_core.shell:Creating environment hook '/home/jetson/capstone_ws/install/px4_autonomy_modules/share/px4_autonomy_modules/hook/cmake_prefix_path.sh'
[16.175s] Level 1:colcon.colcon_core.environment:checking '/home/jetson/capstone_ws/install/px4_autonomy_modules/lib'
[16.175s] Level 1:colcon.colcon_core.environment:checking '/home/jetson/capstone_ws/install/px4_autonomy_modules/bin'
[16.176s] Level 1:colcon.colcon_core.environment:checking '/home/jetson/capstone_ws/install/px4_autonomy_modules/lib/pkgconfig/px4_autonomy_modules.pc'
[16.177s] Level 1:colcon.colcon_core.environment:checking '/home/jetson/capstone_ws/install/px4_autonomy_modules/lib/python3.8/site-packages'
[16.177s] Level 1:colcon.colcon_core.shell:create_environment_hook('px4_autonomy_modules', 'pythonpath')
[16.179s] INFO:colcon.colcon_core.shell:Creating environment hook '/home/jetson/capstone_ws/install/px4_autonomy_modules/share/px4_autonomy_modules/hook/pythonpath.ps1'
[16.181s] INFO:colcon.colcon_core.shell:Creating environment descriptor '/home/jetson/capstone_ws/install/px4_autonomy_modules/share/px4_autonomy_modules/hook/pythonpath.dsv'
[16.183s] INFO:colcon.colcon_core.shell:Creating environment hook '/home/jetson/capstone_ws/install/px4_autonomy_modules/share/px4_autonomy_modules/hook/pythonpath.sh'
[16.187s] Level 1:colcon.colcon_core.environment:checking '/home/jetson/capstone_ws/install/px4_autonomy_modules/bin'
[16.189s] INFO:colcon.colcon_core.shell:Creating package script '/home/jetson/capstone_ws/install/px4_autonomy_modules/share/px4_autonomy_modules/package.ps1'
[16.192s] INFO:colcon.colcon_core.shell:Creating package descriptor '/home/jetson/capstone_ws/install/px4_autonomy_modules/share/px4_autonomy_modules/package.dsv'
[16.195s] INFO:colcon.colcon_core.shell:Creating package script '/home/jetson/capstone_ws/install/px4_autonomy_modules/share/px4_autonomy_modules/package.sh'
[16.198s] INFO:colcon.colcon_core.shell:Creating package script '/home/jetson/capstone_ws/install/px4_autonomy_modules/share/px4_autonomy_modules/package.bash'
[16.200s] INFO:colcon.colcon_core.shell:Creating package script '/home/jetson/capstone_ws/install/px4_autonomy_modules/share/px4_autonomy_modules/package.zsh'
[16.201s] Level 1:colcon.colcon_core.environment:create_file_with_runtime_dependencies(/home/jetson/capstone_ws/install/px4_autonomy_modules/share/colcon-core/packages/px4_autonomy_modules)
[16.204s] Level 1:colcon.colcon_core.environment:create_environment_scripts_only(px4_autonomy_modules)
[16.205s] Level 1:colcon.colcon_core.environment:checking '/home/jetson/capstone_ws/install/px4_autonomy_modules' for CMake module files
[16.208s] Level 1:colcon.colcon_core.environment:checking '/home/jetson/capstone_ws/install/px4_autonomy_modules' for CMake config files
[16.209s] Level 1:colcon.colcon_core.shell:create_environment_hook('px4_autonomy_modules', 'cmake_prefix_path')
[16.210s] INFO:colcon.colcon_core.shell:Creating environment hook '/home/jetson/capstone_ws/install/px4_autonomy_modules/share/px4_autonomy_modules/hook/cmake_prefix_path.ps1'
[16.212s] INFO:colcon.colcon_core.shell:Creating environment descriptor '/home/jetson/capstone_ws/install/px4_autonomy_modules/share/px4_autonomy_modules/hook/cmake_prefix_path.dsv'
[16.213s] INFO:colcon.colcon_core.shell:Creating environment hook '/home/jetson/capstone_ws/install/px4_autonomy_modules/share/px4_autonomy_modules/hook/cmake_prefix_path.sh'
[16.215s] Level 1:colcon.colcon_core.environment:checking '/home/jetson/capstone_ws/install/px4_autonomy_modules/lib'
[16.216s] Level 1:colcon.colcon_core.environment:checking '/home/jetson/capstone_ws/install/px4_autonomy_modules/bin'
[16.216s] Level 1:colcon.colcon_core.environment:checking '/home/jetson/capstone_ws/install/px4_autonomy_modules/lib/pkgconfig/px4_autonomy_modules.pc'
[16.217s] Level 1:colcon.colcon_core.environment:checking '/home/jetson/capstone_ws/install/px4_autonomy_modules/lib/python3.8/site-packages'
[16.217s] Level 1:colcon.colcon_core.shell:create_environment_hook('px4_autonomy_modules', 'pythonpath')
[16.218s] INFO:colcon.colcon_core.shell:Creating environment hook '/home/jetson/capstone_ws/install/px4_autonomy_modules/share/px4_autonomy_modules/hook/pythonpath.ps1'
[16.221s] INFO:colcon.colcon_core.shell:Creating environment descriptor '/home/jetson/capstone_ws/install/px4_autonomy_modules/share/px4_autonomy_modules/hook/pythonpath.dsv'
[16.222s] INFO:colcon.colcon_core.shell:Creating environment hook '/home/jetson/capstone_ws/install/px4_autonomy_modules/share/px4_autonomy_modules/hook/pythonpath.sh'
[16.224s] Level 1:colcon.colcon_core.environment:checking '/home/jetson/capstone_ws/install/px4_autonomy_modules/bin'
[16.227s] INFO:colcon.colcon_core.shell:Creating package script '/home/jetson/capstone_ws/install/px4_autonomy_modules/share/px4_autonomy_modules/package.ps1'
[16.230s] INFO:colcon.colcon_core.shell:Creating package descriptor '/home/jetson/capstone_ws/install/px4_autonomy_modules/share/px4_autonomy_modules/package.dsv'
[16.234s] INFO:colcon.colcon_core.shell:Creating package script '/home/jetson/capstone_ws/install/px4_autonomy_modules/share/px4_autonomy_modules/package.sh'
[16.237s] INFO:colcon.colcon_core.shell:Creating package script '/home/jetson/capstone_ws/install/px4_autonomy_modules/share/px4_autonomy_modules/package.bash'
[16.240s] INFO:colcon.colcon_core.shell:Creating package script '/home/jetson/capstone_ws/install/px4_autonomy_modules/share/px4_autonomy_modules/package.zsh'
[16.243s] Level 1:colcon.colcon_core.environment:create_file_with_runtime_dependencies(/home/jetson/capstone_ws/install/px4_autonomy_modules/share/colcon-core/packages/px4_autonomy_modules)
[16.244s] DEBUG:colcon.colcon_parallel_executor.executor.parallel:closing loop
[16.245s] DEBUG:colcon.colcon_parallel_executor.executor.parallel:loop closed
[16.245s] DEBUG:colcon.colcon_parallel_executor.executor.parallel:run_until_complete finished with '0'
[16.247s] DEBUG:colcon.colcon_core.event_reactor:joining thread
[16.298s] INFO:colcon.colcon_core.plugin_system:Skipping extension 'colcon_notification.desktop_notification.terminal_notifier': Not used on non-Darwin systems
[16.298s] INFO:colcon.colcon_core.plugin_system:Skipping extension 'colcon_notification.desktop_notification.win32': Not used on non-Windows systems
[16.299s] INFO:colcon.colcon_notification.desktop_notification:Sending desktop notification using 'notify2'
[16.374s] DEBUG:colcon.colcon_core.event_reactor:joined thread
[16.376s] INFO:colcon.colcon_core.shell:Creating prefix script '/home/jetson/capstone_ws/install/local_setup.ps1'
[16.383s] INFO:colcon.colcon_core.shell:Creating prefix util module '/home/jetson/capstone_ws/install/_local_setup_util_ps1.py'
[16.391s] INFO:colcon.colcon_core.shell:Creating prefix chain script '/home/jetson/capstone_ws/install/setup.ps1'
[16.399s] INFO:colcon.colcon_core.shell:Creating prefix script '/home/jetson/capstone_ws/install/local_setup.sh'
[16.403s] INFO:colcon.colcon_core.shell:Creating prefix util module '/home/jetson/capstone_ws/install/_local_setup_util_sh.py'
[16.407s] INFO:colcon.colcon_core.shell:Creating prefix chain script '/home/jetson/capstone_ws/install/setup.sh'
[16.414s] INFO:colcon.colcon_core.shell:Creating prefix script '/home/jetson/capstone_ws/install/local_setup.bash'
[16.421s] INFO:colcon.colcon_core.shell:Creating prefix chain script '/home/jetson/capstone_ws/install/setup.bash'
[16.428s] INFO:colcon.colcon_core.shell:Creating prefix script '/home/jetson/capstone_ws/install/local_setup.zsh'
[16.433s] INFO:colcon.colcon_core.shell:Creating prefix chain script '/home/jetson/capstone_ws/install/setup.zsh'
