[4.648s] Invoking command in '/home/jetson/capstone_ws/rob498_drone': PYTHONPATH=/home/jetson/capstone_ws/build/rob498_drone/prefix_override:/usr/lib/python3/dist-packages/colcon_core/task/python/colcon_distutils_commands:/home/jetson/capstone_ws/install/rob498_drone/lib/python3.8/site-packages:${PYTHONPATH} /usr/bin/python3 -W ignore:setup.py install is deprecated -W ignore:easy_install command is deprecated setup.py egg_info --egg-base ../build/rob498_drone build --build-base /home/jetson/capstone_ws/build/rob498_drone/build install --record /home/jetson/capstone_ws/build/rob498_drone/install.log --install-scripts $base/lib/rob498_drone --single-version-externally-managed install_data
[6.052s] /usr/local/lib/python3.8/dist-packages/setuptools/dist.py:717: UserWarning: Usage of dash-separated 'script-dir' will not be supported in future versions. Please use the underscore name 'script_dir' instead
[6.053s]   warnings.warn(
[6.235s] running egg_info
[6.238s] writing ../build/rob498_drone/rob498_drone.egg-info/PKG-INFO
[6.240s] writing dependency_links to ../build/rob498_drone/rob498_drone.egg-info/dependency_links.txt
[6.241s] writing entry points to ../build/rob498_drone/rob498_drone.egg-info/entry_points.txt
[6.242s] writing requirements to ../build/rob498_drone/rob498_drone.egg-info/requires.txt
[6.242s] writing top-level names to ../build/rob498_drone/rob498_drone.egg-info/top_level.txt
[6.268s] reading manifest file '../build/rob498_drone/rob498_drone.egg-info/SOURCES.txt'
[6.275s] writing manifest file '../build/rob498_drone/rob498_drone.egg-info/SOURCES.txt'
[6.278s] running build
[6.279s] running build_py
[6.282s] running install
[6.283s] running install_lib
[6.288s] running install_data
[6.289s] running install_egg_info
[6.298s] removing '/home/jetson/capstone_ws/install/rob498_drone/lib/python3.8/site-packages/rob498_drone-0.0.0-py3.8.egg-info' (and everything under it)
[6.300s] Copying ../build/rob498_drone/rob498_drone.egg-info to /home/jetson/capstone_ws/install/rob498_drone/lib/python3.8/site-packages/rob498_drone-0.0.0-py3.8.egg-info
[6.305s] running install_scripts
[6.404s] writing list of installed files to '/home/jetson/capstone_ws/build/rob498_drone/install.log'
[6.526s] Invoked command in '/home/jetson/capstone_ws/rob498_drone' returned '0': PYTHONPATH=/home/jetson/capstone_ws/build/rob498_drone/prefix_override:/usr/lib/python3/dist-packages/colcon_core/task/python/colcon_distutils_commands:/home/jetson/capstone_ws/install/rob498_drone/lib/python3.8/site-packages:${PYTHONPATH} /usr/bin/python3 -W ignore:setup.py install is deprecated -W ignore:easy_install command is deprecated setup.py egg_info --egg-base ../build/rob498_drone build --build-base /home/jetson/capstone_ws/build/rob498_drone/build install --record /home/jetson/capstone_ws/build/rob498_drone/install.log --install-scripts $base/lib/rob498_drone --single-version-externally-managed install_data
