[0.020s] Invoking command in '/home/autoronto/capstone_ws/build/px4_autonomy_modules': CMAKE_PREFIX_PATH=/home/autoronto/px4_ws/install/px4:/opt/ros/foxy:/home/autoronto/rob498_ws/install/rob498_ws:/home/autoronto/rob498_ws/src/ROB498-Capstone-Project/rob498_drone/install/rob498_drone /usr/local/bin/cmake /home/autoronto/capstone_ws/src/px4_autonomy_modules -DCMAKE_INSTALL_PREFIX=/home/autoronto/capstone_ws/install/px4_autonomy_modules
[0.130s] -- The C compiler identification is GNU 9.4.0
[0.251s] -- The CXX compiler identification is GNU 10.5.0
[0.267s] -- Detecting C compiler ABI info
[0.345s] -- Detecting C compiler ABI info - done
[0.356s] -- Check for working C compiler: /usr/bin/cc - skipped
[0.357s] -- Detecting C compile features
[0.357s] -- Detecting C compile features - done
[0.361s] -- Detecting CXX compiler ABI info
[0.454s] -- Detecting CXX compiler ABI info - done
[0.472s] -- Check for working CXX compiler: /usr/bin/c++ - skipped
[0.472s] -- Detecting CXX compile features
[0.473s] -- Detecting CXX compile features - done
[0.477s] -- Found ament_cmake: 0.9.12 (/opt/ros/foxy/share/ament_cmake/cmake)
[0.516s] -- Found PythonInterp: /usr/bin/python3 (found suitable version "3.8.10", minimum required is "3") 
[0.516s] -- Using PYTHON_EXECUTABLE: /usr/bin/python3
[0.791s] -- Found rclcpp: 2.4.3 (/opt/ros/foxy/share/rclcpp/cmake)
[0.856s] -- Using all available rosidl_typesupport_c: rosidl_typesupport_fastrtps_c;rosidl_typesupport_introspection_c
[0.870s] -- Found rosidl_adapter: 1.3.1 (/opt/ros/foxy/share/rosidl_adapter/cmake)
[0.995s] -- Found OpenSSL: /usr/lib/x86_64-linux-gnu/libcrypto.so (found version "1.1.1f")  
[1.037s] -- Found FastRTPS: /opt/ros/foxy/include  
[1.136s] -- Using all available rosidl_typesupport_cpp: rosidl_typesupport_fastrtps_cpp;rosidl_typesupport_introspection_cpp
[1.203s] -- Found rmw_implementation_cmake: 1.0.4 (/opt/ros/foxy/share/rmw_implementation_cmake/cmake)
[1.205s] -- Using RMW implementation 'rmw_fastrtps_cpp' as default
[1.206s] -- Performing Test CMAKE_HAVE_LIBC_PTHREAD
[1.288s] -- Performing Test CMAKE_HAVE_LIBC_PTHREAD - Failed
[1.288s] -- Looking for pthread_create in pthreads
[1.352s] -- Looking for pthread_create in pthreads - not found
[1.352s] -- Looking for pthread_create in pthread
[1.427s] -- Looking for pthread_create in pthread - found
[1.428s] -- Found Threads: TRUE  
[1.586s] -- Found rclpy: 1.0.13 (/opt/ros/foxy/share/rclpy/cmake)
[1.588s] -- Found nav_msgs: 2.0.5 (/opt/ros/foxy/share/nav_msgs/cmake)
[1.700s] -- Found sensor_msgs: 2.0.5 (/opt/ros/foxy/share/sensor_msgs/cmake)
[1.772s] -- Found mavros: 2.4.0 (/opt/ros/foxy/share/mavros/cmake)
[1.781s] -- Found mavros_extras: 2.4.0 (/opt/ros/foxy/share/mavros_extras/cmake)
[1.785s] -- Found ament_lint_auto: 0.9.8 (/opt/ros/foxy/share/ament_lint_auto/cmake)
[1.867s] -- Added test 'flake8' to check Python code syntax and style conventions
[1.868s] -- Added test 'lint_cmake' to check CMake code style
[1.869s] -- Added test 'pep257' to check Python code against some of the style conventions in PEP 257
[1.870s] -- Added test 'xmllint' to check XML markup files
[1.872s] -- Configuring done
[1.878s] -- Generating done
[1.883s] -- Build files have been written to: /home/autoronto/capstone_ws/build/px4_autonomy_modules
[1.891s] Invoked command in '/home/autoronto/capstone_ws/build/px4_autonomy_modules' returned '0': CMAKE_PREFIX_PATH=/home/autoronto/px4_ws/install/px4:/opt/ros/foxy:/home/autoronto/rob498_ws/install/rob498_ws:/home/autoronto/rob498_ws/src/ROB498-Capstone-Project/rob498_drone/install/rob498_drone /usr/local/bin/cmake /home/autoronto/capstone_ws/src/px4_autonomy_modules -DCMAKE_INSTALL_PREFIX=/home/autoronto/capstone_ws/install/px4_autonomy_modules
[1.893s] Invoking command in '/home/autoronto/capstone_ws/build/px4_autonomy_modules': CMAKE_PREFIX_PATH=/home/autoronto/px4_ws/install/px4:/opt/ros/foxy:/home/autoronto/rob498_ws/install/rob498_ws:/home/autoronto/rob498_ws/src/ROB498-Capstone-Project/rob498_drone/install/rob498_drone /usr/local/bin/cmake --build /home/autoronto/capstone_ws/build/px4_autonomy_modules -- -j8 -l8
[1.920s] Invoked command in '/home/autoronto/capstone_ws/build/px4_autonomy_modules' returned '0': CMAKE_PREFIX_PATH=/home/autoronto/px4_ws/install/px4:/opt/ros/foxy:/home/autoronto/rob498_ws/install/rob498_ws:/home/autoronto/rob498_ws/src/ROB498-Capstone-Project/rob498_drone/install/rob498_drone /usr/local/bin/cmake --build /home/autoronto/capstone_ws/build/px4_autonomy_modules -- -j8 -l8
[1.930s] Invoking command in '/home/autoronto/capstone_ws/build/px4_autonomy_modules': CMAKE_PREFIX_PATH=/home/autoronto/px4_ws/install/px4:/opt/ros/foxy:/home/autoronto/rob498_ws/install/rob498_ws:/home/autoronto/rob498_ws/src/ROB498-Capstone-Project/rob498_drone/install/rob498_drone /usr/local/bin/cmake --install /home/autoronto/capstone_ws/build/px4_autonomy_modules
[1.934s] -- Install configuration: ""
[1.934s] -- Up-to-date: /home/autoronto/capstone_ws/install/px4_autonomy_modules/share/px4_autonomy_modules/launch
[1.934s] -- Up-to-date: /home/autoronto/capstone_ws/install/px4_autonomy_modules/share/px4_autonomy_modules/launch/px4_config.yaml
[1.935s] -- Up-to-date: /home/autoronto/capstone_ws/install/px4_autonomy_modules/share/px4_autonomy_modules/launch/px4_pluginlists.yaml
[1.935s] -- Up-to-date: /home/autoronto/capstone_ws/install/px4_autonomy_modules/share/px4_autonomy_modules/launch/mavros.launch.py
[1.935s] -- Installing: /home/autoronto/capstone_ws/install/px4_autonomy_modules/share/ament_index/resource_index/package_run_dependencies/px4_autonomy_modules
[1.935s] -- Installing: /home/autoronto/capstone_ws/install/px4_autonomy_modules/share/ament_index/resource_index/parent_prefix_path/px4_autonomy_modules
[1.935s] -- Installing: /home/autoronto/capstone_ws/install/px4_autonomy_modules/share/px4_autonomy_modules/environment/ament_prefix_path.sh
[1.935s] -- Installing: /home/autoronto/capstone_ws/install/px4_autonomy_modules/share/px4_autonomy_modules/environment/ament_prefix_path.dsv
[1.936s] -- Installing: /home/autoronto/capstone_ws/install/px4_autonomy_modules/share/px4_autonomy_modules/environment/path.sh
[1.936s] -- Installing: /home/autoronto/capstone_ws/install/px4_autonomy_modules/share/px4_autonomy_modules/environment/path.dsv
[1.936s] -- Installing: /home/autoronto/capstone_ws/install/px4_autonomy_modules/share/px4_autonomy_modules/local_setup.bash
[1.936s] -- Installing: /home/autoronto/capstone_ws/install/px4_autonomy_modules/share/px4_autonomy_modules/local_setup.sh
[1.936s] -- Installing: /home/autoronto/capstone_ws/install/px4_autonomy_modules/share/px4_autonomy_modules/local_setup.zsh
[1.936s] -- Installing: /home/autoronto/capstone_ws/install/px4_autonomy_modules/share/px4_autonomy_modules/local_setup.dsv
[1.937s] -- Installing: /home/autoronto/capstone_ws/install/px4_autonomy_modules/share/px4_autonomy_modules/package.dsv
[1.938s] -- Installing: /home/autoronto/capstone_ws/install/px4_autonomy_modules/share/ament_index/resource_index/packages/px4_autonomy_modules
[1.939s] -- Installing: /home/autoronto/capstone_ws/install/px4_autonomy_modules/share/px4_autonomy_modules/cmake/px4_autonomy_modulesConfig.cmake
[1.939s] -- Installing: /home/autoronto/capstone_ws/install/px4_autonomy_modules/share/px4_autonomy_modules/cmake/px4_autonomy_modulesConfig-version.cmake
[1.939s] -- Up-to-date: /home/autoronto/capstone_ws/install/px4_autonomy_modules/share/px4_autonomy_modules/package.xml
[1.939s] Invoked command in '/home/autoronto/capstone_ws/build/px4_autonomy_modules' returned '0': CMAKE_PREFIX_PATH=/home/autoronto/px4_ws/install/px4:/opt/ros/foxy:/home/autoronto/rob498_ws/install/rob498_ws:/home/autoronto/rob498_ws/src/ROB498-Capstone-Project/rob498_drone/install/rob498_drone /usr/local/bin/cmake --install /home/autoronto/capstone_ws/build/px4_autonomy_modules
