/usr/local/lib/python3.8/dist-packages/setuptools/dist.py:717: UserWarning: Usage of dash-separated 'script-dir' will not be supported in future versions. Please use the underscore name 'script_dir' instead
  warnings.warn(
running egg_info
creating ../build/rob498_drone/rob498_drone.egg-info
writing ../build/rob498_drone/rob498_drone.egg-info/PKG-INFO
writing dependency_links to ../build/rob498_drone/rob498_drone.egg-info/dependency_links.txt
writing entry points to ../build/rob498_drone/rob498_drone.egg-info/entry_points.txt
writing requirements to ../build/rob498_drone/rob498_drone.egg-info/requires.txt
writing top-level names to ../build/rob498_drone/rob498_drone.egg-info/top_level.txt
writing manifest file '../build/rob498_drone/rob498_drone.egg-info/SOURCES.txt'
reading manifest file '../build/rob498_drone/rob498_drone.egg-info/SOURCES.txt'
writing manifest file '../build/rob498_drone/rob498_drone.egg-info/SOURCES.txt'
running build
running build_py
creating /home/jetson/capstone_ws/build/rob498_drone/build
creating /home/jetson/capstone_ws/build/rob498_drone/build/lib
creating /home/jetson/capstone_ws/build/rob498_drone/build/lib/rob498_drone
copying rob498_drone/task_2.py -> /home/jetson/capstone_ws/build/rob498_drone/build/lib/rob498_drone
copying rob498_drone/__init__.py -> /home/jetson/capstone_ws/build/rob498_drone/build/lib/rob498_drone
running install
running install_lib
creating /home/jetson/capstone_ws/install/rob498_drone/lib/python3.8/site-packages/rob498_drone
copying /home/jetson/capstone_ws/build/rob498_drone/build/lib/rob498_drone/task_2.py -> /home/jetson/capstone_ws/install/rob498_drone/lib/python3.8/site-packages/rob498_drone
copying /home/jetson/capstone_ws/build/rob498_drone/build/lib/rob498_drone/__init__.py -> /home/jetson/capstone_ws/install/rob498_drone/lib/python3.8/site-packages/rob498_drone
byte-compiling /home/jetson/capstone_ws/install/rob498_drone/lib/python3.8/site-packages/rob498_drone/task_2.py to task_2.cpython-38.pyc
byte-compiling /home/jetson/capstone_ws/install/rob498_drone/lib/python3.8/site-packages/rob498_drone/__init__.py to __init__.cpython-38.pyc
running install_data
creating /home/jetson/capstone_ws/install/rob498_drone/share/ament_index
creating /home/jetson/capstone_ws/install/rob498_drone/share/ament_index/resource_index
creating /home/jetson/capstone_ws/install/rob498_drone/share/ament_index/resource_index/packages
copying resource/rob498_drone -> /home/jetson/capstone_ws/install/rob498_drone/share/ament_index/resource_index/packages
copying package.xml -> /home/jetson/capstone_ws/install/rob498_drone/share/rob498_drone
running install_egg_info
Copying ../build/rob498_drone/rob498_drone.egg-info to /home/jetson/capstone_ws/install/rob498_drone/lib/python3.8/site-packages/rob498_drone-0.0.0-py3.8.egg-info
running install_scripts
writing list of installed files to '/home/jetson/capstone_ws/build/rob498_drone/install.log'
