[1.715s] DEBUG:colcon:Command line arguments: ['/usr/bin/colcon', 'build', '--packages-select', 'rob498_drone']
[1.716s] DEBUG:colcon:Parsed command line arguments: Namespace(allow_overriding=[], ament_cmake_args=None, base_paths=['.'], build_base='build', catkin_cmake_args=None, catkin_skip_building_tests=False, cmake_args=None, cmake_clean_cache=False, cmake_clean_first=False, cmake_force_configure=False, cmake_target=None, cmake_target_skip_unavailable=False, continue_on_error=False, event_handlers=None, executor='parallel', ignore_user_meta=False, install_base='install', log_base=None, log_level=None, main=<bound method BuildVerb.main of <colcon_core.verb.build.BuildVerb object at 0x7f8fabb310>>, merge_install=False, metas=['./colcon.meta'], packages_above=None, packages_above_and_dependencies=None, packages_above_depth=None, packages_end=None, packages_ignore=None, packages_ignore_regex=None, packages_select=['rob498_drone'], packages_select_build_failed=False, packages_select_by_dep=None, packages_select_regex=None, packages_select_test_failures=False, packages_skip=None, packages_skip_build_finished=False, packages_skip_by_dep=None, packages_skip_regex=None, packages_skip_test_passed=False, packages_skip_up_to=None, packages_start=None, packages_up_to=None, packages_up_to_regex=None, parallel_workers=4, paths=None, symlink_install=False, test_result_base=None, verb_extension=<colcon_core.verb.build.BuildVerb object at 0x7f8fabb310>, verb_name='build', verb_parser=<colcon_defaults.argument_parser.defaults.DefaultArgumentsDecorator object at 0x7f8fa41b80>)
[2.988s] Level 1:colcon.colcon_core.package_discovery:discover_packages(colcon_meta) check parameters
[2.988s] Level 1:colcon.colcon_core.package_discovery:discover_packages(recursive) check parameters
[2.988s] Level 1:colcon.colcon_core.package_discovery:discover_packages(ignore) check parameters
[2.989s] Level 1:colcon.colcon_core.package_discovery:discover_packages(path) check parameters
[2.989s] Level 1:colcon.colcon_core.package_discovery:discover_packages(colcon_meta) discover
[2.989s] Level 1:colcon.colcon_core.package_discovery:discover_packages(recursive) discover
[2.989s] INFO:colcon.colcon_core.package_discovery:Crawling recursively for packages in '/home/jetson/capstone_ws'
[2.990s] Level 1:colcon.colcon_core.package_identification:_identify(.) by extensions ['ignore', 'ignore_ament_install']
[2.990s] Level 1:colcon.colcon_core.package_identification:_identify(.) by extension 'ignore'
[2.990s] Level 1:colcon.colcon_core.package_identification:_identify(.) by extension 'ignore_ament_install'
[2.991s] Level 1:colcon.colcon_core.package_identification:_identify(.) by extensions ['colcon_pkg']
[2.991s] Level 1:colcon.colcon_core.package_identification:_identify(.) by extension 'colcon_pkg'
[2.991s] Level 1:colcon.colcon_core.package_identification:_identify(.) by extensions ['colcon_meta']
[2.991s] Level 1:colcon.colcon_core.package_identification:_identify(.) by extension 'colcon_meta'
[2.991s] Level 1:colcon.colcon_core.package_identification:_identify(.) by extensions ['ros']
[2.992s] Level 1:colcon.colcon_core.package_identification:_identify(.) by extension 'ros'
[3.113s] Level 1:colcon.colcon_core.package_identification:_identify(.) by extensions ['cmake', 'python']
[3.113s] Level 1:colcon.colcon_core.package_identification:_identify(.) by extension 'cmake'
[3.114s] Level 1:colcon.colcon_core.package_identification:_identify(.) by extension 'python'
[3.114s] Level 1:colcon.colcon_core.package_identification:_identify(.) by extensions ['python_setup_py']
[3.114s] Level 1:colcon.colcon_core.package_identification:_identify(.) by extension 'python_setup_py'
[3.115s] Level 1:colcon.colcon_core.package_identification:_identify(build) by extensions ['ignore', 'ignore_ament_install']
[3.116s] Level 1:colcon.colcon_core.package_identification:_identify(build) by extension 'ignore'
[3.116s] Level 1:colcon.colcon_core.package_identification:_identify(build) ignored
[3.117s] Level 1:colcon.colcon_core.package_identification:_identify(install) by extensions ['ignore', 'ignore_ament_install']
[3.118s] Level 1:colcon.colcon_core.package_identification:_identify(install) by extension 'ignore'
[3.118s] Level 1:colcon.colcon_core.package_identification:_identify(install) ignored
[3.119s] Level 1:colcon.colcon_core.package_identification:_identify(log) by extensions ['ignore', 'ignore_ament_install']
[3.120s] Level 1:colcon.colcon_core.package_identification:_identify(log) by extension 'ignore'
[3.120s] Level 1:colcon.colcon_core.package_identification:_identify(log) ignored
[3.121s] Level 1:colcon.colcon_core.package_identification:_identify(rob498_drone) by extensions ['ignore', 'ignore_ament_install']
[3.121s] Level 1:colcon.colcon_core.package_identification:_identify(rob498_drone) by extension 'ignore'
[3.122s] Level 1:colcon.colcon_core.package_identification:_identify(rob498_drone) by extension 'ignore_ament_install'
[3.122s] Level 1:colcon.colcon_core.package_identification:_identify(rob498_drone) by extensions ['colcon_pkg']
[3.123s] Level 1:colcon.colcon_core.package_identification:_identify(rob498_drone) by extension 'colcon_pkg'
[3.123s] Level 1:colcon.colcon_core.package_identification:_identify(rob498_drone) by extensions ['colcon_meta']
[3.123s] Level 1:colcon.colcon_core.package_identification:_identify(rob498_drone) by extension 'colcon_meta'
[3.124s] Level 1:colcon.colcon_core.package_identification:_identify(rob498_drone) by extensions ['ros']
[3.124s] Level 1:colcon.colcon_core.package_identification:_identify(rob498_drone) by extension 'ros'
[3.142s] DEBUG:colcon.colcon_core.package_identification:Package 'rob498_drone' with type 'ros.ament_python' and name 'rob498_drone'
[3.143s] Level 1:colcon.colcon_core.package_identification:_identify(src) by extensions ['ignore', 'ignore_ament_install']
[3.144s] Level 1:colcon.colcon_core.package_identification:_identify(src) by extension 'ignore'
[3.144s] Level 1:colcon.colcon_core.package_identification:_identify(src) by extension 'ignore_ament_install'
[3.144s] Level 1:colcon.colcon_core.package_identification:_identify(src) by extensions ['colcon_pkg']
[3.145s] Level 1:colcon.colcon_core.package_identification:_identify(src) by extension 'colcon_pkg'
[3.145s] Level 1:colcon.colcon_core.package_identification:_identify(src) by extensions ['colcon_meta']
[3.145s] Level 1:colcon.colcon_core.package_identification:_identify(src) by extension 'colcon_meta'
[3.146s] Level 1:colcon.colcon_core.package_identification:_identify(src) by extensions ['ros']
[3.146s] Level 1:colcon.colcon_core.package_identification:_identify(src) by extension 'ros'
[3.147s] Level 1:colcon.colcon_core.package_identification:_identify(src) by extensions ['cmake', 'python']
[3.147s] Level 1:colcon.colcon_core.package_identification:_identify(src) by extension 'cmake'
[3.148s] Level 1:colcon.colcon_core.package_identification:_identify(src) by extension 'python'
[3.148s] Level 1:colcon.colcon_core.package_identification:_identify(src) by extensions ['python_setup_py']
[3.148s] Level 1:colcon.colcon_core.package_identification:_identify(src) by extension 'python_setup_py'
[3.149s] Level 1:colcon.colcon_core.package_identification:_identify(src/px4_autonomy_modules) by extensions ['ignore', 'ignore_ament_install']
[3.149s] Level 1:colcon.colcon_core.package_identification:_identify(src/px4_autonomy_modules) by extension 'ignore'
[3.150s] Level 1:colcon.colcon_core.package_identification:_identify(src/px4_autonomy_modules) by extension 'ignore_ament_install'
[3.150s] Level 1:colcon.colcon_core.package_identification:_identify(src/px4_autonomy_modules) by extensions ['colcon_pkg']
[3.150s] Level 1:colcon.colcon_core.package_identification:_identify(src/px4_autonomy_modules) by extension 'colcon_pkg'
[3.151s] Level 1:colcon.colcon_core.package_identification:_identify(src/px4_autonomy_modules) by extensions ['colcon_meta']
[3.151s] Level 1:colcon.colcon_core.package_identification:_identify(src/px4_autonomy_modules) by extension 'colcon_meta'
[3.151s] Level 1:colcon.colcon_core.package_identification:_identify(src/px4_autonomy_modules) by extensions ['ros']
[3.151s] Level 1:colcon.colcon_core.package_identification:_identify(src/px4_autonomy_modules) by extension 'ros'
[3.158s] DEBUG:colcon.colcon_core.package_identification:Package 'src/px4_autonomy_modules' with type 'ros.ament_python' and name 'px4_autonomy_modules'
[3.159s] Level 1:colcon.colcon_core.package_identification:_identify(src/scripts) by extensions ['ignore', 'ignore_ament_install']
[3.160s] Level 1:colcon.colcon_core.package_identification:_identify(src/scripts) by extension 'ignore'
[3.160s] Level 1:colcon.colcon_core.package_identification:_identify(src/scripts) by extension 'ignore_ament_install'
[3.161s] Level 1:colcon.colcon_core.package_identification:_identify(src/scripts) by extensions ['colcon_pkg']
[3.161s] Level 1:colcon.colcon_core.package_identification:_identify(src/scripts) by extension 'colcon_pkg'
[3.162s] Level 1:colcon.colcon_core.package_identification:_identify(src/scripts) by extensions ['colcon_meta']
[3.162s] Level 1:colcon.colcon_core.package_identification:_identify(src/scripts) by extension 'colcon_meta'
[3.163s] Level 1:colcon.colcon_core.package_identification:_identify(src/scripts) by extensions ['ros']
[3.163s] Level 1:colcon.colcon_core.package_identification:_identify(src/scripts) by extension 'ros'
[3.164s] Level 1:colcon.colcon_core.package_identification:_identify(src/scripts) by extensions ['cmake', 'python']
[3.164s] Level 1:colcon.colcon_core.package_identification:_identify(src/scripts) by extension 'cmake'
[3.164s] Level 1:colcon.colcon_core.package_identification:_identify(src/scripts) by extension 'python'
[3.165s] Level 1:colcon.colcon_core.package_identification:_identify(src/scripts) by extensions ['python_setup_py']
[3.165s] Level 1:colcon.colcon_core.package_identification:_identify(src/scripts) by extension 'python_setup_py'
[4.602s] DEBUG:colcon.colcon_core.package_identification:Package 'src/scripts' with type 'python' and name 'rob498_drone'
[4.603s] Level 1:colcon.colcon_core.package_identification:_identify(src/srv) by extensions ['ignore', 'ignore_ament_install']
[4.603s] Level 1:colcon.colcon_core.package_identification:_identify(src/srv) by extension 'ignore'
[4.604s] Level 1:colcon.colcon_core.package_identification:_identify(src/srv) by extension 'ignore_ament_install'
[4.604s] Level 1:colcon.colcon_core.package_identification:_identify(src/srv) by extensions ['colcon_pkg']
[4.604s] Level 1:colcon.colcon_core.package_identification:_identify(src/srv) by extension 'colcon_pkg'
[4.604s] Level 1:colcon.colcon_core.package_identification:_identify(src/srv) by extensions ['colcon_meta']
[4.604s] Level 1:colcon.colcon_core.package_identification:_identify(src/srv) by extension 'colcon_meta'
[4.605s] Level 1:colcon.colcon_core.package_identification:_identify(src/srv) by extensions ['ros']
[4.605s] Level 1:colcon.colcon_core.package_identification:_identify(src/srv) by extension 'ros'
[4.605s] Level 1:colcon.colcon_core.package_identification:_identify(src/srv) by extensions ['cmake', 'python']
[4.606s] Level 1:colcon.colcon_core.package_identification:_identify(src/srv) by extension 'cmake'
[4.606s] Level 1:colcon.colcon_core.package_identification:_identify(src/srv) by extension 'python'
[4.606s] Level 1:colcon.colcon_core.package_identification:_identify(src/srv) by extensions ['python_setup_py']
[4.606s] Level 1:colcon.colcon_core.package_identification:_identify(src/srv) by extension 'python_setup_py'
[4.606s] Level 1:colcon.colcon_core.package_discovery:discover_packages(recursive) using defaults
[4.607s] Level 1:colcon.colcon_core.package_discovery:discover_packages(ignore) discover
[4.607s] Level 1:colcon.colcon_core.package_discovery:discover_packages(ignore) using defaults
[4.607s] Level 1:colcon.colcon_core.package_discovery:discover_packages(path) discover
[4.607s] Level 1:colcon.colcon_core.package_discovery:discover_packages(path) using defaults
[4.756s] INFO:colcon.colcon_core.package_selection:Skipping not selected package 'px4_autonomy_modules' in 'src/px4_autonomy_modules'
[4.759s] Level 1:colcon.colcon_core.package_discovery:discover_packages(prefix_path) check parameters
[4.759s] Level 1:colcon.colcon_core.package_discovery:discover_packages(prefix_path) discover
[4.766s] WARNING:colcon.colcon_ros.prefix_path.ament:The path '/home/jetson/capstone_ws/install/px4_autonomy_modules' in the environment variable AMENT_PREFIX_PATH doesn't exist
[4.766s] WARNING:colcon.colcon_ros.prefix_path.catkin:The path '/home/jetson/capstone_ws/install/rob498_drone' in the environment variable CMAKE_PREFIX_PATH doesn't exist
[4.767s] WARNING:colcon.colcon_ros.prefix_path.catkin:The path '/home/jetson/capstone_ws/install/px4_autonomy_modules' in the environment variable CMAKE_PREFIX_PATH doesn't exist
[4.771s] DEBUG:colcon.colcon_installed_package_information.package_discovery:Found 0 installed packages in /home/jetson/capstone_ws/install
[4.779s] DEBUG:colcon.colcon_installed_package_information.package_discovery:Found 266 installed packages in /opt/ros/foxy
[4.793s] Level 1:colcon.colcon_core.package_discovery:discover_packages(prefix_path) using defaults
[5.368s] ERROR:colcon:colcon build: Duplicate package names not supported:
- rob498_drone:
  - rob498_drone
  - src/scripts
