[1.633s] DEBUG:colcon:Command line arguments: ['/usr/bin/colcon', 'build', '--packages-select', 'rob498_drone']
[1.634s] DEBUG:colcon:Parsed command line arguments: Namespace(allow_overriding=[], ament_cmake_args=None, base_paths=['.'], build_base='build', catkin_cmake_args=None, catkin_skip_building_tests=False, cmake_args=None, cmake_clean_cache=False, cmake_clean_first=False, cmake_force_configure=False, cmake_target=None, cmake_target_skip_unavailable=False, continue_on_error=False, event_handlers=None, executor='parallel', ignore_user_meta=False, install_base='install', log_base=None, log_level=None, main=<bound method BuildVerb.main of <colcon_core.verb.build.BuildVerb object at 0x7f93fc73a0>>, merge_install=False, metas=['./colcon.meta'], packages_above=None, packages_above_and_dependencies=None, packages_above_depth=None, packages_end=None, packages_ignore=None, packages_ignore_regex=None, packages_select=['rob498_drone'], packages_select_build_failed=False, packages_select_by_dep=None, packages_select_regex=None, packages_select_test_failures=False, packages_skip=None, packages_skip_build_finished=False, packages_skip_by_dep=None, packages_skip_regex=None, packages_skip_test_passed=False, packages_skip_up_to=None, packages_start=None, packages_up_to=None, packages_up_to_regex=None, parallel_workers=4, paths=None, symlink_install=False, test_result_base=None, verb_extension=<colcon_core.verb.build.BuildVerb object at 0x7f93fc73a0>, verb_name='build', verb_parser=<colcon_defaults.argument_parser.defaults.DefaultArgumentsDecorator object at 0x7f93f4dc10>)
[2.997s] Level 1:colcon.colcon_core.package_discovery:discover_packages(colcon_meta) check parameters
[2.999s] Level 1:colcon.colcon_core.package_discovery:discover_packages(recursive) check parameters
[2.999s] Level 1:colcon.colcon_core.package_discovery:discover_packages(ignore) check parameters
[3.000s] Level 1:colcon.colcon_core.package_discovery:discover_packages(path) check parameters
[3.000s] Level 1:colcon.colcon_core.package_discovery:discover_packages(colcon_meta) discover
[3.000s] Level 1:colcon.colcon_core.package_discovery:discover_packages(recursive) discover
[3.001s] INFO:colcon.colcon_core.package_discovery:Crawling recursively for packages in '/home/jetson/capstone_ws'
[3.002s] Level 1:colcon.colcon_core.package_identification:_identify(.) by extensions ['ignore', 'ignore_ament_install']
[3.003s] Level 1:colcon.colcon_core.package_identification:_identify(.) by extension 'ignore'
[3.004s] Level 1:colcon.colcon_core.package_identification:_identify(.) by extension 'ignore_ament_install'
[3.004s] Level 1:colcon.colcon_core.package_identification:_identify(.) by extensions ['colcon_pkg']
[3.005s] Level 1:colcon.colcon_core.package_identification:_identify(.) by extension 'colcon_pkg'
[3.005s] Level 1:colcon.colcon_core.package_identification:_identify(.) by extensions ['colcon_meta']
[3.006s] Level 1:colcon.colcon_core.package_identification:_identify(.) by extension 'colcon_meta'
[3.007s] Level 1:colcon.colcon_core.package_identification:_identify(.) by extensions ['ros']
[3.007s] Level 1:colcon.colcon_core.package_identification:_identify(.) by extension 'ros'
[3.126s] Level 1:colcon.colcon_core.package_identification:_identify(.) by extensions ['cmake', 'python']
[3.127s] Level 1:colcon.colcon_core.package_identification:_identify(.) by extension 'cmake'
[3.127s] Level 1:colcon.colcon_core.package_identification:_identify(.) by extension 'python'
[3.127s] Level 1:colcon.colcon_core.package_identification:_identify(.) by extensions ['python_setup_py']
[3.127s] Level 1:colcon.colcon_core.package_identification:_identify(.) by extension 'python_setup_py'
[3.128s] Level 1:colcon.colcon_core.package_identification:_identify(build) by extensions ['ignore', 'ignore_ament_install']
[3.128s] Level 1:colcon.colcon_core.package_identification:_identify(build) by extension 'ignore'
[3.128s] Level 1:colcon.colcon_core.package_identification:_identify(build) ignored
[3.129s] Level 1:colcon.colcon_core.package_identification:_identify(install) by extensions ['ignore', 'ignore_ament_install']
[3.129s] Level 1:colcon.colcon_core.package_identification:_identify(install) by extension 'ignore'
[3.129s] Level 1:colcon.colcon_core.package_identification:_identify(install) ignored
[3.130s] Level 1:colcon.colcon_core.package_identification:_identify(log) by extensions ['ignore', 'ignore_ament_install']
[3.130s] Level 1:colcon.colcon_core.package_identification:_identify(log) by extension 'ignore'
[3.130s] Level 1:colcon.colcon_core.package_identification:_identify(log) ignored
[3.131s] Level 1:colcon.colcon_core.package_identification:_identify(rob498_drone) by extensions ['ignore', 'ignore_ament_install']
[3.131s] Level 1:colcon.colcon_core.package_identification:_identify(rob498_drone) by extension 'ignore'
[3.131s] Level 1:colcon.colcon_core.package_identification:_identify(rob498_drone) by extension 'ignore_ament_install'
[3.132s] Level 1:colcon.colcon_core.package_identification:_identify(rob498_drone) by extensions ['colcon_pkg']
[3.132s] Level 1:colcon.colcon_core.package_identification:_identify(rob498_drone) by extension 'colcon_pkg'
[3.132s] Level 1:colcon.colcon_core.package_identification:_identify(rob498_drone) by extensions ['colcon_meta']
[3.132s] Level 1:colcon.colcon_core.package_identification:_identify(rob498_drone) by extension 'colcon_meta'
[3.132s] Level 1:colcon.colcon_core.package_identification:_identify(rob498_drone) by extensions ['ros']
[3.132s] Level 1:colcon.colcon_core.package_identification:_identify(rob498_drone) by extension 'ros'
[3.147s] DEBUG:colcon.colcon_core.package_identification:Package 'rob498_drone' with type 'ros.ament_python' and name 'rob498_drone'
[3.148s] Level 1:colcon.colcon_core.package_identification:_identify(src) by extensions ['ignore', 'ignore_ament_install']
[3.148s] Level 1:colcon.colcon_core.package_identification:_identify(src) by extension 'ignore'
[3.148s] Level 1:colcon.colcon_core.package_identification:_identify(src) by extension 'ignore_ament_install'
[3.149s] Level 1:colcon.colcon_core.package_identification:_identify(src) by extensions ['colcon_pkg']
[3.149s] Level 1:colcon.colcon_core.package_identification:_identify(src) by extension 'colcon_pkg'
[3.149s] Level 1:colcon.colcon_core.package_identification:_identify(src) by extensions ['colcon_meta']
[3.149s] Level 1:colcon.colcon_core.package_identification:_identify(src) by extension 'colcon_meta'
[3.149s] Level 1:colcon.colcon_core.package_identification:_identify(src) by extensions ['ros']
[3.150s] Level 1:colcon.colcon_core.package_identification:_identify(src) by extension 'ros'
[3.150s] Level 1:colcon.colcon_core.package_identification:_identify(src) by extensions ['cmake', 'python']
[3.150s] Level 1:colcon.colcon_core.package_identification:_identify(src) by extension 'cmake'
[3.150s] Level 1:colcon.colcon_core.package_identification:_identify(src) by extension 'python'
[3.151s] Level 1:colcon.colcon_core.package_identification:_identify(src) by extensions ['python_setup_py']
[3.151s] Level 1:colcon.colcon_core.package_identification:_identify(src) by extension 'python_setup_py'
[3.151s] Level 1:colcon.colcon_core.package_identification:_identify(src/px4_autonomy_modules) by extensions ['ignore', 'ignore_ament_install']
[3.151s] Level 1:colcon.colcon_core.package_identification:_identify(src/px4_autonomy_modules) by extension 'ignore'
[3.152s] Level 1:colcon.colcon_core.package_identification:_identify(src/px4_autonomy_modules) by extension 'ignore_ament_install'
[3.152s] Level 1:colcon.colcon_core.package_identification:_identify(src/px4_autonomy_modules) by extensions ['colcon_pkg']
[3.152s] Level 1:colcon.colcon_core.package_identification:_identify(src/px4_autonomy_modules) by extension 'colcon_pkg'
[3.152s] Level 1:colcon.colcon_core.package_identification:_identify(src/px4_autonomy_modules) by extensions ['colcon_meta']
[3.153s] Level 1:colcon.colcon_core.package_identification:_identify(src/px4_autonomy_modules) by extension 'colcon_meta'
[3.153s] Level 1:colcon.colcon_core.package_identification:_identify(src/px4_autonomy_modules) by extensions ['ros']
[3.153s] Level 1:colcon.colcon_core.package_identification:_identify(src/px4_autonomy_modules) by extension 'ros'
[3.160s] DEBUG:colcon.colcon_core.package_identification:Package 'src/px4_autonomy_modules' with type 'ros.ament_python' and name 'px4_autonomy_modules'
[3.161s] Level 1:colcon.colcon_core.package_identification:_identify(src/rob498_drone) by extensions ['ignore', 'ignore_ament_install']
[3.161s] Level 1:colcon.colcon_core.package_identification:_identify(src/rob498_drone) by extension 'ignore'
[3.162s] Level 1:colcon.colcon_core.package_identification:_identify(src/rob498_drone) by extension 'ignore_ament_install'
[3.162s] Level 1:colcon.colcon_core.package_identification:_identify(src/rob498_drone) by extensions ['colcon_pkg']
[3.162s] Level 1:colcon.colcon_core.package_identification:_identify(src/rob498_drone) by extension 'colcon_pkg'
[3.163s] Level 1:colcon.colcon_core.package_identification:_identify(src/rob498_drone) by extensions ['colcon_meta']
[3.163s] Level 1:colcon.colcon_core.package_identification:_identify(src/rob498_drone) by extension 'colcon_meta'
[3.163s] Level 1:colcon.colcon_core.package_identification:_identify(src/rob498_drone) by extensions ['ros']
[3.163s] Level 1:colcon.colcon_core.package_identification:_identify(src/rob498_drone) by extension 'ros'
[3.164s] Level 1:colcon.colcon_core.package_identification:_identify(src/rob498_drone) by extensions ['cmake', 'python']
[3.164s] Level 1:colcon.colcon_core.package_identification:_identify(src/rob498_drone) by extension 'cmake'
[3.164s] Level 1:colcon.colcon_core.package_identification:_identify(src/rob498_drone) by extension 'python'
[3.165s] Level 1:colcon.colcon_core.package_identification:_identify(src/rob498_drone) by extensions ['python_setup_py']
[3.165s] Level 1:colcon.colcon_core.package_identification:_identify(src/rob498_drone) by extension 'python_setup_py'
[3.165s] Level 1:colcon.colcon_core.package_identification:_identify(src/scripts) by extensions ['ignore', 'ignore_ament_install']
[3.166s] Level 1:colcon.colcon_core.package_identification:_identify(src/scripts) by extension 'ignore'
[3.166s] Level 1:colcon.colcon_core.package_identification:_identify(src/scripts) by extension 'ignore_ament_install'
[3.167s] Level 1:colcon.colcon_core.package_identification:_identify(src/scripts) by extensions ['colcon_pkg']
[3.167s] Level 1:colcon.colcon_core.package_identification:_identify(src/scripts) by extension 'colcon_pkg'
[3.167s] Level 1:colcon.colcon_core.package_identification:_identify(src/scripts) by extensions ['colcon_meta']
[3.167s] Level 1:colcon.colcon_core.package_identification:_identify(src/scripts) by extension 'colcon_meta'
[3.167s] Level 1:colcon.colcon_core.package_identification:_identify(src/scripts) by extensions ['ros']
[3.167s] Level 1:colcon.colcon_core.package_identification:_identify(src/scripts) by extension 'ros'
[3.168s] Level 1:colcon.colcon_core.package_identification:_identify(src/scripts) by extensions ['cmake', 'python']
[3.168s] Level 1:colcon.colcon_core.package_identification:_identify(src/scripts) by extension 'cmake'
[3.168s] Level 1:colcon.colcon_core.package_identification:_identify(src/scripts) by extension 'python'
[3.168s] Level 1:colcon.colcon_core.package_identification:_identify(src/scripts) by extensions ['python_setup_py']
[3.168s] Level 1:colcon.colcon_core.package_identification:_identify(src/scripts) by extension 'python_setup_py'
[3.169s] Level 1:colcon.colcon_core.package_identification:_identify(src/srv) by extensions ['ignore', 'ignore_ament_install']
[3.169s] Level 1:colcon.colcon_core.package_identification:_identify(src/srv) by extension 'ignore'
[3.170s] Level 1:colcon.colcon_core.package_identification:_identify(src/srv) by extension 'ignore_ament_install'
[3.170s] Level 1:colcon.colcon_core.package_identification:_identify(src/srv) by extensions ['colcon_pkg']
[3.170s] Level 1:colcon.colcon_core.package_identification:_identify(src/srv) by extension 'colcon_pkg'
[3.171s] Level 1:colcon.colcon_core.package_identification:_identify(src/srv) by extensions ['colcon_meta']
[3.171s] Level 1:colcon.colcon_core.package_identification:_identify(src/srv) by extension 'colcon_meta'
[3.171s] Level 1:colcon.colcon_core.package_identification:_identify(src/srv) by extensions ['ros']
[3.171s] Level 1:colcon.colcon_core.package_identification:_identify(src/srv) by extension 'ros'
[3.172s] Level 1:colcon.colcon_core.package_identification:_identify(src/srv) by extensions ['cmake', 'python']
[3.172s] Level 1:colcon.colcon_core.package_identification:_identify(src/srv) by extension 'cmake'
[3.173s] Level 1:colcon.colcon_core.package_identification:_identify(src/srv) by extension 'python'
[3.173s] Level 1:colcon.colcon_core.package_identification:_identify(src/srv) by extensions ['python_setup_py']
[3.174s] Level 1:colcon.colcon_core.package_identification:_identify(src/srv) by extension 'python_setup_py'
[3.174s] Level 1:colcon.colcon_core.package_discovery:discover_packages(recursive) using defaults
[3.175s] Level 1:colcon.colcon_core.package_discovery:discover_packages(ignore) discover
[3.175s] Level 1:colcon.colcon_core.package_discovery:discover_packages(ignore) using defaults
[3.175s] Level 1:colcon.colcon_core.package_discovery:discover_packages(path) discover
[3.176s] Level 1:colcon.colcon_core.package_discovery:discover_packages(path) using defaults
[3.297s] INFO:colcon.colcon_core.package_selection:Skipping not selected package 'px4_autonomy_modules' in 'src/px4_autonomy_modules'
[3.300s] Level 1:colcon.colcon_core.package_discovery:discover_packages(prefix_path) check parameters
[3.300s] Level 1:colcon.colcon_core.package_discovery:discover_packages(prefix_path) discover
[3.314s] DEBUG:colcon.colcon_installed_package_information.package_discovery:Found 1 installed packages in /home/jetson/capstone_ws/install
[3.321s] DEBUG:colcon.colcon_installed_package_information.package_discovery:Found 266 installed packages in /opt/ros/foxy
[3.335s] Level 1:colcon.colcon_core.package_discovery:discover_packages(prefix_path) using defaults
[3.875s] Level 5:colcon.colcon_core.verb:set package 'rob498_drone' build argument 'cmake_args' from command line to 'None'
[3.875s] Level 5:colcon.colcon_core.verb:set package 'rob498_drone' build argument 'cmake_target' from command line to 'None'
[3.875s] Level 5:colcon.colcon_core.verb:set package 'rob498_drone' build argument 'cmake_target_skip_unavailable' from command line to 'False'
[3.876s] Level 5:colcon.colcon_core.verb:set package 'rob498_drone' build argument 'cmake_clean_cache' from command line to 'False'
[3.876s] Level 5:colcon.colcon_core.verb:set package 'rob498_drone' build argument 'cmake_clean_first' from command line to 'False'
[3.876s] Level 5:colcon.colcon_core.verb:set package 'rob498_drone' build argument 'cmake_force_configure' from command line to 'False'
[3.876s] Level 5:colcon.colcon_core.verb:set package 'rob498_drone' build argument 'ament_cmake_args' from command line to 'None'
[3.876s] Level 5:colcon.colcon_core.verb:set package 'rob498_drone' build argument 'catkin_cmake_args' from command line to 'None'
[3.876s] Level 5:colcon.colcon_core.verb:set package 'rob498_drone' build argument 'catkin_skip_building_tests' from command line to 'False'
[3.876s] DEBUG:colcon.colcon_core.verb:Building package 'rob498_drone' with the following arguments: {'ament_cmake_args': None, 'build_base': '/home/jetson/capstone_ws/build/rob498_drone', 'catkin_cmake_args': None, 'catkin_skip_building_tests': False, 'cmake_args': None, 'cmake_clean_cache': False, 'cmake_clean_first': False, 'cmake_force_configure': False, 'cmake_target': None, 'cmake_target_skip_unavailable': False, 'install_base': '/home/jetson/capstone_ws/install/rob498_drone', 'merge_install': False, 'path': '/home/jetson/capstone_ws/rob498_drone', 'symlink_install': False, 'test_result_base': None}
[3.877s] INFO:colcon.colcon_core.executor:Executing jobs using 'parallel' executor
[3.880s] DEBUG:colcon.colcon_parallel_executor.executor.parallel:run_until_complete
[3.881s] INFO:colcon.colcon_ros.task.ament_python.build:Building ROS package in '/home/jetson/capstone_ws/rob498_drone' with build type 'ament_python'
[3.882s] Level 1:colcon.colcon_core.shell:create_environment_hook('rob498_drone', 'ament_prefix_path')
[3.900s] INFO:colcon.colcon_core.plugin_system:Skipping extension 'colcon_core.shell.bat': Not used on non-Windows systems
[3.901s] INFO:colcon.colcon_core.shell:Creating environment hook '/home/jetson/capstone_ws/install/rob498_drone/share/rob498_drone/hook/ament_prefix_path.ps1'
[3.905s] INFO:colcon.colcon_core.shell:Creating environment descriptor '/home/jetson/capstone_ws/install/rob498_drone/share/rob498_drone/hook/ament_prefix_path.dsv'
[3.908s] INFO:colcon.colcon_core.shell:Creating environment hook '/home/jetson/capstone_ws/install/rob498_drone/share/rob498_drone/hook/ament_prefix_path.sh'
[3.914s] INFO:colcon.colcon_core.shell:Skip shell extension 'powershell' for command environment: Not usable outside of PowerShell
[3.915s] DEBUG:colcon.colcon_core.shell:Skip shell extension 'dsv' for command environment
[5.909s] WARNING:colcon.colcon_ros.task.ament_python.build:Package 'rob498_drone' doesn't explicitly install a marker in the package index (colcon-ros currently does it implicitly but that fallback will be removed in the future)
[5.912s] WARNING:colcon.colcon_ros.task.ament_python.build:Package 'rob498_drone' doesn't explicitly install the 'package.xml' file (colcon-ros currently does it implicitly but that fallback will be removed in the future)
[5.913s] INFO:colcon.colcon_core.task.python.build:Building Python package in '/home/jetson/capstone_ws/rob498_drone'
[5.918s] INFO:colcon.colcon_core.shell:Skip shell extension 'powershell' for command environment: Not usable outside of PowerShell
[5.919s] DEBUG:colcon.colcon_core.shell:Skip shell extension 'dsv' for command environment
[8.521s] DEBUG:colcon.colcon_core.event_handler.log_command:Invoking command in '/home/jetson/capstone_ws/rob498_drone': PYTHONPATH=/home/jetson/capstone_ws/build/rob498_drone/prefix_override:/usr/lib/python3/dist-packages/colcon_core/task/python/colcon_distutils_commands:/home/jetson/capstone_ws/install/rob498_drone/lib/python3.8/site-packages:${PYTHONPATH} /usr/bin/python3 -W ignore:setup.py install is deprecated -W ignore:easy_install command is deprecated setup.py egg_info --egg-base ../build/rob498_drone build --build-base /home/jetson/capstone_ws/build/rob498_drone/build install --record /home/jetson/capstone_ws/build/rob498_drone/install.log --install-scripts $base/lib/rob498_drone --single-version-externally-managed
[10.600s] DEBUG:colcon.colcon_core.event_handler.log_command:Invoked command in '/home/jetson/capstone_ws/rob498_drone' returned '0': PYTHONPATH=/home/jetson/capstone_ws/build/rob498_drone/prefix_override:/usr/lib/python3/dist-packages/colcon_core/task/python/colcon_distutils_commands:/home/jetson/capstone_ws/install/rob498_drone/lib/python3.8/site-packages:${PYTHONPATH} /usr/bin/python3 -W ignore:setup.py install is deprecated -W ignore:easy_install command is deprecated setup.py egg_info --egg-base ../build/rob498_drone build --build-base /home/jetson/capstone_ws/build/rob498_drone/build install --record /home/jetson/capstone_ws/build/rob498_drone/install.log --install-scripts $base/lib/rob498_drone --single-version-externally-managed
[10.624s] Level 1:colcon.colcon_core.environment:checking '/home/jetson/capstone_ws/install/rob498_drone' for CMake module files
[10.627s] Level 1:colcon.colcon_core.environment:checking '/home/jetson/capstone_ws/install/rob498_drone' for CMake config files
[10.631s] Level 1:colcon.colcon_core.environment:checking '/home/jetson/capstone_ws/install/rob498_drone/lib'
[10.632s] Level 1:colcon.colcon_core.environment:checking '/home/jetson/capstone_ws/install/rob498_drone/bin'
[10.632s] Level 1:colcon.colcon_core.environment:checking '/home/jetson/capstone_ws/install/rob498_drone/lib/pkgconfig/rob498_drone.pc'
[10.633s] Level 1:colcon.colcon_core.environment:checking '/home/jetson/capstone_ws/install/rob498_drone/lib/python3.8/site-packages'
[10.634s] Level 1:colcon.colcon_core.shell:create_environment_hook('rob498_drone', 'pythonpath')
[10.635s] INFO:colcon.colcon_core.shell:Creating environment hook '/home/jetson/capstone_ws/install/rob498_drone/share/rob498_drone/hook/pythonpath.ps1'
[10.637s] INFO:colcon.colcon_core.shell:Creating environment descriptor '/home/jetson/capstone_ws/install/rob498_drone/share/rob498_drone/hook/pythonpath.dsv'
[10.638s] INFO:colcon.colcon_core.shell:Creating environment hook '/home/jetson/capstone_ws/install/rob498_drone/share/rob498_drone/hook/pythonpath.sh'
[10.641s] Level 1:colcon.colcon_core.environment:checking '/home/jetson/capstone_ws/install/rob498_drone/bin'
[10.641s] Level 1:colcon.colcon_core.environment:create_environment_scripts_only(rob498_drone)
[10.643s] INFO:colcon.colcon_core.shell:Creating package script '/home/jetson/capstone_ws/install/rob498_drone/share/rob498_drone/package.ps1'
[10.647s] INFO:colcon.colcon_core.shell:Creating package descriptor '/home/jetson/capstone_ws/install/rob498_drone/share/rob498_drone/package.dsv'
[10.651s] INFO:colcon.colcon_core.shell:Creating package script '/home/jetson/capstone_ws/install/rob498_drone/share/rob498_drone/package.sh'
[10.656s] INFO:colcon.colcon_core.shell:Creating package script '/home/jetson/capstone_ws/install/rob498_drone/share/rob498_drone/package.bash'
[10.660s] INFO:colcon.colcon_core.shell:Creating package script '/home/jetson/capstone_ws/install/rob498_drone/share/rob498_drone/package.zsh'
[10.666s] Level 1:colcon.colcon_core.environment:create_file_with_runtime_dependencies(/home/jetson/capstone_ws/install/rob498_drone/share/colcon-core/packages/rob498_drone)
[10.668s] DEBUG:colcon.colcon_parallel_executor.executor.parallel:closing loop
[10.669s] DEBUG:colcon.colcon_parallel_executor.executor.parallel:loop closed
[10.670s] DEBUG:colcon.colcon_parallel_executor.executor.parallel:run_until_complete finished with '0'
[10.670s] DEBUG:colcon.colcon_core.event_reactor:joining thread
[10.751s] INFO:colcon.colcon_core.plugin_system:Skipping extension 'colcon_notification.desktop_notification.terminal_notifier': Not used on non-Darwin systems
[10.752s] INFO:colcon.colcon_core.plugin_system:Skipping extension 'colcon_notification.desktop_notification.win32': Not used on non-Windows systems
[10.752s] INFO:colcon.colcon_notification.desktop_notification:Sending desktop notification using 'notify2'
[10.846s] DEBUG:colcon.colcon_core.event_reactor:joined thread
[10.847s] INFO:colcon.colcon_core.shell:Creating prefix script '/home/jetson/capstone_ws/install/local_setup.ps1'
[10.854s] INFO:colcon.colcon_core.shell:Creating prefix util module '/home/jetson/capstone_ws/install/_local_setup_util_ps1.py'
[10.863s] INFO:colcon.colcon_core.shell:Creating prefix chain script '/home/jetson/capstone_ws/install/setup.ps1'
[10.872s] INFO:colcon.colcon_core.shell:Creating prefix script '/home/jetson/capstone_ws/install/local_setup.sh'
[10.876s] INFO:colcon.colcon_core.shell:Creating prefix util module '/home/jetson/capstone_ws/install/_local_setup_util_sh.py'
[10.880s] INFO:colcon.colcon_core.shell:Creating prefix chain script '/home/jetson/capstone_ws/install/setup.sh'
[10.888s] INFO:colcon.colcon_core.shell:Creating prefix script '/home/jetson/capstone_ws/install/local_setup.bash'
[10.894s] INFO:colcon.colcon_core.shell:Creating prefix chain script '/home/jetson/capstone_ws/install/setup.bash'
[10.902s] INFO:colcon.colcon_core.shell:Creating prefix script '/home/jetson/capstone_ws/install/local_setup.zsh'
[10.907s] INFO:colcon.colcon_core.shell:Creating prefix chain script '/home/jetson/capstone_ws/install/setup.zsh'
