[1.451s] DEBUG:colcon:Command line arguments: ['/usr/bin/colcon', 'build', '--packages-select', 'rob498_drone']
[1.451s] DEBUG:colcon:Parsed command line arguments: Namespace(allow_overriding=[], ament_cmake_args=None, base_paths=['.'], build_base='build', catkin_cmake_args=None, catkin_skip_building_tests=False, cmake_args=None, cmake_clean_cache=False, cmake_clean_first=False, cmake_force_configure=False, cmake_target=None, cmake_target_skip_unavailable=False, continue_on_error=False, event_handlers=None, executor='parallel', ignore_user_meta=False, install_base='install', log_base=None, log_level=None, main=<bound method BuildVerb.main of <colcon_core.verb.build.BuildVerb object at 0x7fb3044310>>, merge_install=False, metas=['./colcon.meta'], packages_above=None, packages_above_and_dependencies=None, packages_above_depth=None, packages_end=None, packages_ignore=None, packages_ignore_regex=None, packages_select=['rob498_drone'], packages_select_build_failed=False, packages_select_by_dep=None, packages_select_regex=None, packages_select_test_failures=False, packages_skip=None, packages_skip_build_finished=False, packages_skip_by_dep=None, packages_skip_regex=None, packages_skip_test_passed=False, packages_skip_up_to=None, packages_start=None, packages_up_to=None, packages_up_to_regex=None, parallel_workers=4, paths=None, symlink_install=False, test_result_base=None, verb_extension=<colcon_core.verb.build.BuildVerb object at 0x7fb3044310>, verb_name='build', verb_parser=<colcon_defaults.argument_parser.defaults.DefaultArgumentsDecorator object at 0x7fb2fcab80>)
[2.644s] Level 1:colcon.colcon_core.package_discovery:discover_packages(colcon_meta) check parameters
[2.645s] Level 1:colcon.colcon_core.package_discovery:discover_packages(recursive) check parameters
[2.645s] Level 1:colcon.colcon_core.package_discovery:discover_packages(ignore) check parameters
[2.645s] Level 1:colcon.colcon_core.package_discovery:discover_packages(path) check parameters
[2.646s] Level 1:colcon.colcon_core.package_discovery:discover_packages(colcon_meta) discover
[2.646s] Level 1:colcon.colcon_core.package_discovery:discover_packages(recursive) discover
[2.647s] INFO:colcon.colcon_core.package_discovery:Crawling recursively for packages in '/home/jetson/capstone_ws'
[2.647s] Level 1:colcon.colcon_core.package_identification:_identify(.) by extensions ['ignore', 'ignore_ament_install']
[2.648s] Level 1:colcon.colcon_core.package_identification:_identify(.) by extension 'ignore'
[2.648s] Level 1:colcon.colcon_core.package_identification:_identify(.) by extension 'ignore_ament_install'
[2.649s] Level 1:colcon.colcon_core.package_identification:_identify(.) by extensions ['colcon_pkg']
[2.649s] Level 1:colcon.colcon_core.package_identification:_identify(.) by extension 'colcon_pkg'
[2.650s] Level 1:colcon.colcon_core.package_identification:_identify(.) by extensions ['colcon_meta']
[2.650s] Level 1:colcon.colcon_core.package_identification:_identify(.) by extension 'colcon_meta'
[2.651s] Level 1:colcon.colcon_core.package_identification:_identify(.) by extensions ['ros']
[2.651s] Level 1:colcon.colcon_core.package_identification:_identify(.) by extension 'ros'
[2.750s] Level 1:colcon.colcon_core.package_identification:_identify(.) by extensions ['cmake', 'python']
[2.751s] Level 1:colcon.colcon_core.package_identification:_identify(.) by extension 'cmake'
[2.751s] Level 1:colcon.colcon_core.package_identification:_identify(.) by extension 'python'
[2.751s] Level 1:colcon.colcon_core.package_identification:_identify(.) by extensions ['python_setup_py']
[2.751s] Level 1:colcon.colcon_core.package_identification:_identify(.) by extension 'python_setup_py'
[2.752s] Level 1:colcon.colcon_core.package_identification:_identify(build) by extensions ['ignore', 'ignore_ament_install']
[2.752s] Level 1:colcon.colcon_core.package_identification:_identify(build) by extension 'ignore'
[2.752s] Level 1:colcon.colcon_core.package_identification:_identify(build) ignored
[2.753s] Level 1:colcon.colcon_core.package_identification:_identify(install) by extensions ['ignore', 'ignore_ament_install']
[2.753s] Level 1:colcon.colcon_core.package_identification:_identify(install) by extension 'ignore'
[2.753s] Level 1:colcon.colcon_core.package_identification:_identify(install) ignored
[2.754s] Level 1:colcon.colcon_core.package_identification:_identify(log) by extensions ['ignore', 'ignore_ament_install']
[2.754s] Level 1:colcon.colcon_core.package_identification:_identify(log) by extension 'ignore'
[2.754s] Level 1:colcon.colcon_core.package_identification:_identify(log) ignored
[2.755s] Level 1:colcon.colcon_core.package_identification:_identify(rob498_drone) by extensions ['ignore', 'ignore_ament_install']
[2.755s] Level 1:colcon.colcon_core.package_identification:_identify(rob498_drone) by extension 'ignore'
[2.755s] Level 1:colcon.colcon_core.package_identification:_identify(rob498_drone) by extension 'ignore_ament_install'
[2.756s] Level 1:colcon.colcon_core.package_identification:_identify(rob498_drone) by extensions ['colcon_pkg']
[2.756s] Level 1:colcon.colcon_core.package_identification:_identify(rob498_drone) by extension 'colcon_pkg'
[2.756s] Level 1:colcon.colcon_core.package_identification:_identify(rob498_drone) by extensions ['colcon_meta']
[2.756s] Level 1:colcon.colcon_core.package_identification:_identify(rob498_drone) by extension 'colcon_meta'
[2.756s] Level 1:colcon.colcon_core.package_identification:_identify(rob498_drone) by extensions ['ros']
[2.756s] Level 1:colcon.colcon_core.package_identification:_identify(rob498_drone) by extension 'ros'
[2.767s] DEBUG:colcon.colcon_core.package_identification:Package 'rob498_drone' with type 'ros.ament_python' and name 'rob498_drone'
[2.767s] Level 1:colcon.colcon_core.package_identification:_identify(src) by extensions ['ignore', 'ignore_ament_install']
[2.768s] Level 1:colcon.colcon_core.package_identification:_identify(src) by extension 'ignore'
[2.768s] Level 1:colcon.colcon_core.package_identification:_identify(src) by extension 'ignore_ament_install'
[2.768s] Level 1:colcon.colcon_core.package_identification:_identify(src) by extensions ['colcon_pkg']
[2.769s] Level 1:colcon.colcon_core.package_identification:_identify(src) by extension 'colcon_pkg'
[2.769s] Level 1:colcon.colcon_core.package_identification:_identify(src) by extensions ['colcon_meta']
[2.769s] Level 1:colcon.colcon_core.package_identification:_identify(src) by extension 'colcon_meta'
[2.769s] Level 1:colcon.colcon_core.package_identification:_identify(src) by extensions ['ros']
[2.769s] Level 1:colcon.colcon_core.package_identification:_identify(src) by extension 'ros'
[2.770s] Level 1:colcon.colcon_core.package_identification:_identify(src) by extensions ['cmake', 'python']
[2.770s] Level 1:colcon.colcon_core.package_identification:_identify(src) by extension 'cmake'
[2.770s] Level 1:colcon.colcon_core.package_identification:_identify(src) by extension 'python'
[2.770s] Level 1:colcon.colcon_core.package_identification:_identify(src) by extensions ['python_setup_py']
[2.771s] Level 1:colcon.colcon_core.package_identification:_identify(src) by extension 'python_setup_py'
[2.771s] Level 1:colcon.colcon_core.package_identification:_identify(src/px4_autonomy_modules) by extensions ['ignore', 'ignore_ament_install']
[2.771s] Level 1:colcon.colcon_core.package_identification:_identify(src/px4_autonomy_modules) by extension 'ignore'
[2.772s] Level 1:colcon.colcon_core.package_identification:_identify(src/px4_autonomy_modules) by extension 'ignore_ament_install'
[2.772s] Level 1:colcon.colcon_core.package_identification:_identify(src/px4_autonomy_modules) by extensions ['colcon_pkg']
[2.772s] Level 1:colcon.colcon_core.package_identification:_identify(src/px4_autonomy_modules) by extension 'colcon_pkg'
[2.772s] Level 1:colcon.colcon_core.package_identification:_identify(src/px4_autonomy_modules) by extensions ['colcon_meta']
[2.772s] Level 1:colcon.colcon_core.package_identification:_identify(src/px4_autonomy_modules) by extension 'colcon_meta'
[2.773s] Level 1:colcon.colcon_core.package_identification:_identify(src/px4_autonomy_modules) by extensions ['ros']
[2.773s] Level 1:colcon.colcon_core.package_identification:_identify(src/px4_autonomy_modules) by extension 'ros'
[2.778s] DEBUG:colcon.colcon_core.package_identification:Package 'src/px4_autonomy_modules' with type 'ros.ament_python' and name 'px4_autonomy_modules'
[2.778s] Level 1:colcon.colcon_core.package_identification:_identify(src/scripts) by extensions ['ignore', 'ignore_ament_install']
[2.779s] Level 1:colcon.colcon_core.package_identification:_identify(src/scripts) by extension 'ignore'
[2.779s] Level 1:colcon.colcon_core.package_identification:_identify(src/scripts) by extension 'ignore_ament_install'
[2.779s] Level 1:colcon.colcon_core.package_identification:_identify(src/scripts) by extensions ['colcon_pkg']
[2.779s] Level 1:colcon.colcon_core.package_identification:_identify(src/scripts) by extension 'colcon_pkg'
[2.780s] Level 1:colcon.colcon_core.package_identification:_identify(src/scripts) by extensions ['colcon_meta']
[2.780s] Level 1:colcon.colcon_core.package_identification:_identify(src/scripts) by extension 'colcon_meta'
[2.780s] Level 1:colcon.colcon_core.package_identification:_identify(src/scripts) by extensions ['ros']
[2.780s] Level 1:colcon.colcon_core.package_identification:_identify(src/scripts) by extension 'ros'
[2.781s] Level 1:colcon.colcon_core.package_identification:_identify(src/scripts) by extensions ['cmake', 'python']
[2.781s] Level 1:colcon.colcon_core.package_identification:_identify(src/scripts) by extension 'cmake'
[2.781s] Level 1:colcon.colcon_core.package_identification:_identify(src/scripts) by extension 'python'
[2.781s] Level 1:colcon.colcon_core.package_identification:_identify(src/scripts) by extensions ['python_setup_py']
[2.781s] Level 1:colcon.colcon_core.package_identification:_identify(src/scripts) by extension 'python_setup_py'
[2.782s] Level 1:colcon.colcon_core.package_identification:_identify(src/srv) by extensions ['ignore', 'ignore_ament_install']
[2.782s] Level 1:colcon.colcon_core.package_identification:_identify(src/srv) by extension 'ignore'
[2.782s] Level 1:colcon.colcon_core.package_identification:_identify(src/srv) by extension 'ignore_ament_install'
[2.782s] Level 1:colcon.colcon_core.package_identification:_identify(src/srv) by extensions ['colcon_pkg']
[2.783s] Level 1:colcon.colcon_core.package_identification:_identify(src/srv) by extension 'colcon_pkg'
[2.783s] Level 1:colcon.colcon_core.package_identification:_identify(src/srv) by extensions ['colcon_meta']
[2.783s] Level 1:colcon.colcon_core.package_identification:_identify(src/srv) by extension 'colcon_meta'
[2.783s] Level 1:colcon.colcon_core.package_identification:_identify(src/srv) by extensions ['ros']
[2.783s] Level 1:colcon.colcon_core.package_identification:_identify(src/srv) by extension 'ros'
[2.784s] Level 1:colcon.colcon_core.package_identification:_identify(src/srv) by extensions ['cmake', 'python']
[2.784s] Level 1:colcon.colcon_core.package_identification:_identify(src/srv) by extension 'cmake'
[2.784s] Level 1:colcon.colcon_core.package_identification:_identify(src/srv) by extension 'python'
[2.784s] Level 1:colcon.colcon_core.package_identification:_identify(src/srv) by extensions ['python_setup_py']
[2.784s] Level 1:colcon.colcon_core.package_identification:_identify(src/srv) by extension 'python_setup_py'
[2.785s] Level 1:colcon.colcon_core.package_discovery:discover_packages(recursive) using defaults
[2.785s] Level 1:colcon.colcon_core.package_discovery:discover_packages(ignore) discover
[2.785s] Level 1:colcon.colcon_core.package_discovery:discover_packages(ignore) using defaults
[2.785s] Level 1:colcon.colcon_core.package_discovery:discover_packages(path) discover
[2.785s] Level 1:colcon.colcon_core.package_discovery:discover_packages(path) using defaults
[2.869s] INFO:colcon.colcon_core.package_selection:Skipping not selected package 'px4_autonomy_modules' in 'src/px4_autonomy_modules'
[2.872s] Level 1:colcon.colcon_core.package_discovery:discover_packages(prefix_path) check parameters
[2.872s] Level 1:colcon.colcon_core.package_discovery:discover_packages(prefix_path) discover
[2.877s] WARNING:colcon.colcon_ros.prefix_path.ament:The path '/home/jetson/capstone_ws/install/px4_autonomy_modules' in the environment variable AMENT_PREFIX_PATH doesn't exist
[2.877s] WARNING:colcon.colcon_ros.prefix_path.catkin:The path '/home/jetson/capstone_ws/install/rob498_drone' in the environment variable CMAKE_PREFIX_PATH doesn't exist
[2.878s] WARNING:colcon.colcon_ros.prefix_path.catkin:The path '/home/jetson/capstone_ws/install/px4_autonomy_modules' in the environment variable CMAKE_PREFIX_PATH doesn't exist
[2.882s] DEBUG:colcon.colcon_installed_package_information.package_discovery:Found 0 installed packages in /home/jetson/capstone_ws/install
[2.890s] DEBUG:colcon.colcon_installed_package_information.package_discovery:Found 266 installed packages in /opt/ros/foxy
[2.905s] Level 1:colcon.colcon_core.package_discovery:discover_packages(prefix_path) using defaults
[3.261s] Level 5:colcon.colcon_core.verb:set package 'rob498_drone' build argument 'cmake_args' from command line to 'None'
[3.262s] Level 5:colcon.colcon_core.verb:set package 'rob498_drone' build argument 'cmake_target' from command line to 'None'
[3.262s] Level 5:colcon.colcon_core.verb:set package 'rob498_drone' build argument 'cmake_target_skip_unavailable' from command line to 'False'
[3.262s] Level 5:colcon.colcon_core.verb:set package 'rob498_drone' build argument 'cmake_clean_cache' from command line to 'False'
[3.262s] Level 5:colcon.colcon_core.verb:set package 'rob498_drone' build argument 'cmake_clean_first' from command line to 'False'
[3.263s] Level 5:colcon.colcon_core.verb:set package 'rob498_drone' build argument 'cmake_force_configure' from command line to 'False'
[3.263s] Level 5:colcon.colcon_core.verb:set package 'rob498_drone' build argument 'ament_cmake_args' from command line to 'None'
[3.263s] Level 5:colcon.colcon_core.verb:set package 'rob498_drone' build argument 'catkin_cmake_args' from command line to 'None'
[3.264s] Level 5:colcon.colcon_core.verb:set package 'rob498_drone' build argument 'catkin_skip_building_tests' from command line to 'False'
[3.264s] DEBUG:colcon.colcon_core.verb:Building package 'rob498_drone' with the following arguments: {'ament_cmake_args': None, 'build_base': '/home/jetson/capstone_ws/build/rob498_drone', 'catkin_cmake_args': None, 'catkin_skip_building_tests': False, 'cmake_args': None, 'cmake_clean_cache': False, 'cmake_clean_first': False, 'cmake_force_configure': False, 'cmake_target': None, 'cmake_target_skip_unavailable': False, 'install_base': '/home/jetson/capstone_ws/install/rob498_drone', 'merge_install': False, 'path': '/home/jetson/capstone_ws/rob498_drone', 'symlink_install': False, 'test_result_base': None}
[3.265s] INFO:colcon.colcon_core.executor:Executing jobs using 'parallel' executor
[3.271s] DEBUG:colcon.colcon_parallel_executor.executor.parallel:run_until_complete
[3.272s] INFO:colcon.colcon_ros.task.ament_python.build:Building ROS package in '/home/jetson/capstone_ws/rob498_drone' with build type 'ament_python'
[3.273s] Level 1:colcon.colcon_core.shell:create_environment_hook('rob498_drone', 'ament_prefix_path')
[3.292s] INFO:colcon.colcon_core.plugin_system:Skipping extension 'colcon_core.shell.bat': Not used on non-Windows systems
[3.293s] INFO:colcon.colcon_core.shell:Creating environment hook '/home/jetson/capstone_ws/install/rob498_drone/share/rob498_drone/hook/ament_prefix_path.ps1'
[3.298s] INFO:colcon.colcon_core.shell:Creating environment descriptor '/home/jetson/capstone_ws/install/rob498_drone/share/rob498_drone/hook/ament_prefix_path.dsv'
[3.301s] INFO:colcon.colcon_core.shell:Creating environment hook '/home/jetson/capstone_ws/install/rob498_drone/share/rob498_drone/hook/ament_prefix_path.sh'
[3.306s] INFO:colcon.colcon_core.shell:Skip shell extension 'powershell' for command environment: Not usable outside of PowerShell
[3.306s] DEBUG:colcon.colcon_core.shell:Skip shell extension 'dsv' for command environment
[5.492s] INFO:colcon.colcon_core.task.python.build:Building Python package in '/home/jetson/capstone_ws/rob498_drone'
[5.495s] INFO:colcon.colcon_core.shell:Skip shell extension 'powershell' for command environment: Not usable outside of PowerShell
[5.496s] DEBUG:colcon.colcon_core.shell:Skip shell extension 'dsv' for command environment
[8.760s] DEBUG:colcon.colcon_core.event_handler.log_command:Invoking command in '/home/jetson/capstone_ws/rob498_drone': PYTHONPATH=/home/jetson/capstone_ws/build/rob498_drone/prefix_override:/usr/lib/python3/dist-packages/colcon_core/task/python/colcon_distutils_commands:/home/jetson/capstone_ws/install/rob498_drone/lib/python3.8/site-packages:${PYTHONPATH} /usr/bin/python3 -W ignore:setup.py install is deprecated -W ignore:easy_install command is deprecated setup.py egg_info --egg-base ../build/rob498_drone build --build-base /home/jetson/capstone_ws/build/rob498_drone/build install --record /home/jetson/capstone_ws/build/rob498_drone/install.log --install-scripts $base/lib/rob498_drone --single-version-externally-managed install_data
[10.818s] DEBUG:colcon.colcon_core.event_handler.log_command:Invoked command in '/home/jetson/capstone_ws/rob498_drone' returned '0': PYTHONPATH=/home/jetson/capstone_ws/build/rob498_drone/prefix_override:/usr/lib/python3/dist-packages/colcon_core/task/python/colcon_distutils_commands:/home/jetson/capstone_ws/install/rob498_drone/lib/python3.8/site-packages:${PYTHONPATH} /usr/bin/python3 -W ignore:setup.py install is deprecated -W ignore:easy_install command is deprecated setup.py egg_info --egg-base ../build/rob498_drone build --build-base /home/jetson/capstone_ws/build/rob498_drone/build install --record /home/jetson/capstone_ws/build/rob498_drone/install.log --install-scripts $base/lib/rob498_drone --single-version-externally-managed install_data
[10.845s] Level 1:colcon.colcon_core.environment:checking '/home/jetson/capstone_ws/install/rob498_drone' for CMake module files
[10.849s] Level 1:colcon.colcon_core.environment:checking '/home/jetson/capstone_ws/install/rob498_drone' for CMake config files
[10.852s] Level 1:colcon.colcon_core.environment:checking '/home/jetson/capstone_ws/install/rob498_drone/lib'
[10.854s] Level 1:colcon.colcon_core.environment:checking '/home/jetson/capstone_ws/install/rob498_drone/bin'
[10.854s] Level 1:colcon.colcon_core.environment:checking '/home/jetson/capstone_ws/install/rob498_drone/lib/pkgconfig/rob498_drone.pc'
[10.857s] Level 1:colcon.colcon_core.environment:checking '/home/jetson/capstone_ws/install/rob498_drone/lib/python3.8/site-packages'
[10.857s] Level 1:colcon.colcon_core.shell:create_environment_hook('rob498_drone', 'pythonpath')
[10.859s] INFO:colcon.colcon_core.shell:Creating environment hook '/home/jetson/capstone_ws/install/rob498_drone/share/rob498_drone/hook/pythonpath.ps1'
[10.861s] INFO:colcon.colcon_core.shell:Creating environment descriptor '/home/jetson/capstone_ws/install/rob498_drone/share/rob498_drone/hook/pythonpath.dsv'
[10.864s] INFO:colcon.colcon_core.shell:Creating environment hook '/home/jetson/capstone_ws/install/rob498_drone/share/rob498_drone/hook/pythonpath.sh'
[10.871s] Level 1:colcon.colcon_core.environment:checking '/home/jetson/capstone_ws/install/rob498_drone/bin'
[10.872s] Level 1:colcon.colcon_core.environment:create_environment_scripts_only(rob498_drone)
[10.874s] INFO:colcon.colcon_core.shell:Creating package script '/home/jetson/capstone_ws/install/rob498_drone/share/rob498_drone/package.ps1'
[10.880s] INFO:colcon.colcon_core.shell:Creating package descriptor '/home/jetson/capstone_ws/install/rob498_drone/share/rob498_drone/package.dsv'
[10.885s] INFO:colcon.colcon_core.shell:Creating package script '/home/jetson/capstone_ws/install/rob498_drone/share/rob498_drone/package.sh'
[10.890s] INFO:colcon.colcon_core.shell:Creating package script '/home/jetson/capstone_ws/install/rob498_drone/share/rob498_drone/package.bash'
[10.895s] INFO:colcon.colcon_core.shell:Creating package script '/home/jetson/capstone_ws/install/rob498_drone/share/rob498_drone/package.zsh'
[10.899s] Level 1:colcon.colcon_core.environment:create_file_with_runtime_dependencies(/home/jetson/capstone_ws/install/rob498_drone/share/colcon-core/packages/rob498_drone)
[10.901s] DEBUG:colcon.colcon_parallel_executor.executor.parallel:closing loop
[10.902s] DEBUG:colcon.colcon_parallel_executor.executor.parallel:loop closed
[10.903s] DEBUG:colcon.colcon_parallel_executor.executor.parallel:run_until_complete finished with '0'
[10.903s] DEBUG:colcon.colcon_core.event_reactor:joining thread
[10.949s] INFO:colcon.colcon_core.plugin_system:Skipping extension 'colcon_notification.desktop_notification.terminal_notifier': Not used on non-Darwin systems
[10.950s] INFO:colcon.colcon_core.plugin_system:Skipping extension 'colcon_notification.desktop_notification.win32': Not used on non-Windows systems
[10.950s] INFO:colcon.colcon_notification.desktop_notification:Sending desktop notification using 'notify2'
[11.065s] DEBUG:colcon.colcon_core.event_reactor:joined thread
[11.067s] INFO:colcon.colcon_core.shell:Creating prefix script '/home/jetson/capstone_ws/install/local_setup.ps1'
[11.074s] INFO:colcon.colcon_core.shell:Creating prefix util module '/home/jetson/capstone_ws/install/_local_setup_util_ps1.py'
[11.082s] INFO:colcon.colcon_core.shell:Creating prefix chain script '/home/jetson/capstone_ws/install/setup.ps1'
[11.091s] INFO:colcon.colcon_core.shell:Creating prefix script '/home/jetson/capstone_ws/install/local_setup.sh'
[11.095s] INFO:colcon.colcon_core.shell:Creating prefix util module '/home/jetson/capstone_ws/install/_local_setup_util_sh.py'
[11.097s] INFO:colcon.colcon_core.shell:Creating prefix chain script '/home/jetson/capstone_ws/install/setup.sh'
[11.102s] INFO:colcon.colcon_core.shell:Creating prefix script '/home/jetson/capstone_ws/install/local_setup.bash'
[11.107s] INFO:colcon.colcon_core.shell:Creating prefix chain script '/home/jetson/capstone_ws/install/setup.bash'
[11.112s] INFO:colcon.colcon_core.shell:Creating prefix script '/home/jetson/capstone_ws/install/local_setup.zsh'
[11.117s] INFO:colcon.colcon_core.shell:Creating prefix chain script '/home/jetson/capstone_ws/install/setup.zsh'
