[4.417s] Invoking command in '/home/jetson/capstone_ws/rob498_drone': PYTHONPATH=/home/jetson/capstone_ws/build/rob498_drone/prefix_override:/usr/lib/python3/dist-packages/colcon_core/task/python/colcon_distutils_commands:/home/jetson/capstone_ws/install/rob498_drone/lib/python3.8/site-packages:${PYTHONPATH} /usr/bin/python3 -W ignore:setup.py install is deprecated -W ignore:easy_install command is deprecated setup.py egg_info --egg-base ../build/rob498_drone build --build-base /home/jetson/capstone_ws/build/rob498_drone/build install --record /home/jetson/capstone_ws/build/rob498_drone/install.log --install-scripts $base/lib/rob498_drone --single-version-externally-managed
[5.745s] /usr/local/lib/python3.8/dist-packages/setuptools/dist.py:717: UserWarning: Usage of dash-separated 'script-dir' will not be supported in future versions. Please use the underscore name 'script_dir' instead
[5.746s]   warnings.warn(
[5.915s] running egg_info
[5.919s] writing ../build/rob498_drone/rob498_drone.egg-info/PKG-INFO
[5.922s] writing dependency_links to ../build/rob498_drone/rob498_drone.egg-info/dependency_links.txt
[5.924s] writing entry points to ../build/rob498_drone/rob498_drone.egg-info/entry_points.txt
[5.925s] writing requirements to ../build/rob498_drone/rob498_drone.egg-info/requires.txt
[5.925s] writing top-level names to ../build/rob498_drone/rob498_drone.egg-info/top_level.txt
[5.947s] reading manifest file '../build/rob498_drone/rob498_drone.egg-info/SOURCES.txt'
[5.952s] writing manifest file '../build/rob498_drone/rob498_drone.egg-info/SOURCES.txt'
[5.952s] running build
[5.953s] running build_py
[5.955s] copying rob498_drone/comm_node.py -> /home/jetson/capstone_ws/build/rob498_drone/build/lib/rob498_drone
[5.957s] running install
[5.961s] running install_lib
[5.966s] copying /home/jetson/capstone_ws/build/rob498_drone/build/lib/rob498_drone/comm_node.py -> /home/jetson/capstone_ws/install/rob498_drone/lib/python3.8/site-packages/rob498_drone
[5.970s] byte-compiling /home/jetson/capstone_ws/install/rob498_drone/lib/python3.8/site-packages/rob498_drone/comm_node.py to comm_node.cpython-38.pyc
[5.977s] running install_egg_info
[5.988s] removing '/home/jetson/capstone_ws/install/rob498_drone/lib/python3.8/site-packages/rob498_drone-0.0.1-py3.8.egg-info' (and everything under it)
[5.989s] Copying ../build/rob498_drone/rob498_drone.egg-info to /home/jetson/capstone_ws/install/rob498_drone/lib/python3.8/site-packages/rob498_drone-0.0.1-py3.8.egg-info
[5.994s] running install_scripts
[6.085s] Installing comm_node script to /home/jetson/capstone_ws/install/rob498_drone/lib/rob498_drone
[6.091s] writing list of installed files to '/home/jetson/capstone_ws/build/rob498_drone/install.log'
[6.207s] Invoked command in '/home/jetson/capstone_ws/rob498_drone' returned '0': PYTHONPATH=/home/jetson/capstone_ws/build/rob498_drone/prefix_override:/usr/lib/python3/dist-packages/colcon_core/task/python/colcon_distutils_commands:/home/jetson/capstone_ws/install/rob498_drone/lib/python3.8/site-packages:${PYTHONPATH} /usr/bin/python3 -W ignore:setup.py install is deprecated -W ignore:easy_install command is deprecated setup.py egg_info --egg-base ../build/rob498_drone build --build-base /home/jetson/capstone_ws/build/rob498_drone/build install --record /home/jetson/capstone_ws/build/rob498_drone/install.log --install-scripts $base/lib/rob498_drone --single-version-externally-managed
