[1.971s] Invoking command in '/home/autoronto/capstone_ws/rob498_drone': PYTHONPATH=/home/autoronto/capstone_ws/build/rob498_drone/prefix_override:/usr/lib/python3/dist-packages/colcon_core/task/python/colcon_distutils_commands:/home/autoronto/capstone_ws/install/rob498_drone/lib/python3.8/site-packages:${PYTHONPATH} /usr/bin/python3 -W ignore:setup.py install is deprecated -W ignore:easy_install command is deprecated setup.py egg_info --egg-base ../build/rob498_drone build --build-base /home/autoronto/capstone_ws/build/rob498_drone/build install --record /home/autoronto/capstone_ws/build/rob498_drone/install.log --install-scripts $base/lib/rob498_drone --single-version-externally-managed
[2.956s] /home/autoronto/.local/lib/python3.8/site-packages/setuptools/dist.py:495: SetuptoolsDeprecationWarning: Invalid dash-separated options
[2.956s] !!
[2.956s] 
[2.957s]         ********************************************************************************
[2.957s]         Usage of dash-separated 'script-dir' will not be supported in future
[2.957s]         versions. Please use the underscore name 'script_dir' instead.
[2.957s] 
[2.957s]         By 2025-Mar-03, you need to update your project and remove deprecated calls
[2.957s]         or your builds will no longer be supported.
[2.957s] 
[2.958s]         See https://setuptools.pypa.io/en/latest/userguide/declarative_config.html for details.
[2.958s]         ********************************************************************************
[2.958s] 
[2.958s] !!
[2.958s]   opt = self.warn_dash_deprecation(opt, section)
[2.992s] /home/autoronto/.local/lib/python3.8/site-packages/setuptools/_distutils/dist.py:261: UserWarning: Unknown distribution option: 'tests_require'
[2.992s]   warnings.warn(msg)
[3.631s] running egg_info
[4.086s] writing ../build/rob498_drone/rob498_drone.egg-info/PKG-INFO
[4.086s] writing dependency_links to ../build/rob498_drone/rob498_drone.egg-info/dependency_links.txt
[4.087s] writing entry points to ../build/rob498_drone/rob498_drone.egg-info/entry_points.txt
[4.087s] writing requirements to ../build/rob498_drone/rob498_drone.egg-info/requires.txt
[4.087s] writing top-level names to ../build/rob498_drone/rob498_drone.egg-info/top_level.txt
[4.139s] reading manifest file '../build/rob498_drone/rob498_drone.egg-info/SOURCES.txt'
[4.140s] Traceback (most recent call last):
[4.140s]   File "setup.py", line 5, in <module>
[4.140s]     setup(
[4.140s]   File "/home/autoronto/.local/lib/python3.8/site-packages/setuptools/__init__.py", line 117, in setup
[4.140s]     return distutils.core.setup(**attrs)
[4.140s]   File "/home/autoronto/.local/lib/python3.8/site-packages/setuptools/_distutils/core.py", line 183, in setup
[4.141s]     return run_commands(dist)
[4.141s]   File "/home/autoronto/.local/lib/python3.8/site-packages/setuptools/_distutils/core.py", line 199, in run_commands
[4.141s]     dist.run_commands()
[4.141s]   File "/home/autoronto/.local/lib/python3.8/site-packages/setuptools/_distutils/dist.py", line 954, in run_commands
[4.141s]     self.run_command(cmd)
[4.141s]   File "/home/autoronto/.local/lib/python3.8/site-packages/setuptools/dist.py", line 999, in run_command
[4.141s]     super().run_command(command)
[4.142s]   File "/home/autoronto/.local/lib/python3.8/site-packages/setuptools/_distutils/dist.py", line 973, in run_command
[4.142s]     cmd_obj.run()
[4.142s]   File "/home/autoronto/.local/lib/python3.8/site-packages/setuptools/command/egg_info.py", line 312, in run
[4.142s]     self.find_sources()
[4.142s]   File "/home/autoronto/.local/lib/python3.8/site-packages/setuptools/command/egg_info.py", line 320, in find_sources
[4.142s]     mm.run()
[4.142s]   File "/home/autoronto/.local/lib/python3.8/site-packages/setuptools/command/egg_info.py", line 546, in run
[4.142s]     self.prune_file_list()
[4.143s]   File "/home/autoronto/.local/lib/python3.8/site-packages/setuptools/command/sdist.py", line 162, in prune_file_list
[4.143s]     super().prune_file_list()
[4.143s]   File "/home/autoronto/.local/lib/python3.8/site-packages/setuptools/_distutils/command/sdist.py", line 380, in prune_file_list
[4.143s]     base_dir = self.distribution.get_fullname()
[4.143s]   File "/home/autoronto/.local/lib/python3.8/site-packages/setuptools/_core_metadata.py", line 267, in get_fullname
[4.143s]     return _distribution_fullname(self.get_name(), self.get_version())
[4.143s]   File "/home/autoronto/.local/lib/python3.8/site-packages/setuptools/_core_metadata.py", line 285, in _distribution_fullname
[4.143s]     canonicalize_version(version, strip_trailing_zero=False),
[4.143s] TypeError: canonicalize_version() got an unexpected keyword argument 'strip_trailing_zero'
[4.214s] Invoked command in '/home/autoronto/capstone_ws/rob498_drone' returned '1': PYTHONPATH=/home/autoronto/capstone_ws/build/rob498_drone/prefix_override:/usr/lib/python3/dist-packages/colcon_core/task/python/colcon_distutils_commands:/home/autoronto/capstone_ws/install/rob498_drone/lib/python3.8/site-packages:${PYTHONPATH} /usr/bin/python3 -W ignore:setup.py install is deprecated -W ignore:easy_install command is deprecated setup.py egg_info --egg-base ../build/rob498_drone build --build-base /home/autoronto/capstone_ws/build/rob498_drone/build install --record /home/autoronto/capstone_ws/build/rob498_drone/install.log --install-scripts $base/lib/rob498_drone --single-version-externally-managed
