[0.947s] Invoking command in '/home/autoronto/capstone_ws/rob498_drone': PYTHONPATH=/home/autoronto/capstone_ws/build/rob498_drone/prefix_override:/usr/lib/python3/dist-packages/colcon_core/task/python/colcon_distutils_commands:/home/autoronto/capstone_ws/install/rob498_drone/lib/python3.8/site-packages:${PYTHONPATH} /usr/bin/python3 -W ignore:setup.py install is deprecated -W ignore:easy_install command is deprecated setup.py egg_info --egg-base ../build/rob498_drone build --build-base /home/autoronto/capstone_ws/build/rob498_drone/build install --record /home/autoronto/capstone_ws/build/rob498_drone/install.log --install-scripts $base/lib/rob498_drone --single-version-externally-managed
[1.095s] /home/autoronto/.local/lib/python3.8/site-packages/setuptools/dist.py:495: SetuptoolsDeprecationWarning: Invalid dash-separated options
[1.096s] !!
[1.096s] 
[1.096s]         ********************************************************************************
[1.096s]         Usage of dash-separated 'script-dir' will not be supported in future
[1.096s]         versions. Please use the underscore name 'script_dir' instead.
[1.096s] 
[1.096s]         By 2025-Mar-03, you need to update your project and remove deprecated calls
[1.096s]         or your builds will no longer be supported.
[1.096s] 
[1.096s]         See https://setuptools.pypa.io/en/latest/userguide/declarative_config.html for details.
[1.096s]         ********************************************************************************
[1.096s] 
[1.096s] !!
[1.096s]   opt = self.warn_dash_deprecation(opt, section)
[1.121s] /home/autoronto/.local/lib/python3.8/site-packages/setuptools/_distutils/dist.py:261: UserWarning: Unknown distribution option: 'tests_require'
[1.121s]   warnings.warn(msg)
[1.235s] running egg_info
[1.256s] creating ../build/rob498_drone/rob498_drone.egg-info
[1.348s] writing ../build/rob498_drone/rob498_drone.egg-info/PKG-INFO
[1.349s] writing dependency_links to ../build/rob498_drone/rob498_drone.egg-info/dependency_links.txt
[1.349s] writing entry points to ../build/rob498_drone/rob498_drone.egg-info/entry_points.txt
[1.349s] writing requirements to ../build/rob498_drone/rob498_drone.egg-info/requires.txt
[1.349s] writing top-level names to ../build/rob498_drone/rob498_drone.egg-info/top_level.txt
[1.349s] writing manifest file '../build/rob498_drone/rob498_drone.egg-info/SOURCES.txt'
[1.396s] reading manifest file '../build/rob498_drone/rob498_drone.egg-info/SOURCES.txt'
[1.396s] Traceback (most recent call last):
[1.397s]   File "setup.py", line 5, in <module>
[1.397s]     setup(
[1.397s]   File "/home/autoronto/.local/lib/python3.8/site-packages/setuptools/__init__.py", line 117, in setup
[1.397s]     return distutils.core.setup(**attrs)
[1.398s]   File "/home/autoronto/.local/lib/python3.8/site-packages/setuptools/_distutils/core.py", line 183, in setup
[1.398s]     return run_commands(dist)
[1.398s]   File "/home/autoronto/.local/lib/python3.8/site-packages/setuptools/_distutils/core.py", line 199, in run_commands
[1.398s]     dist.run_commands()
[1.398s]   File "/home/autoronto/.local/lib/python3.8/site-packages/setuptools/_distutils/dist.py", line 954, in run_commands
[1.398s]     self.run_command(cmd)
[1.398s]   File "/home/autoronto/.local/lib/python3.8/site-packages/setuptools/dist.py", line 999, in run_command
[1.398s]     super().run_command(command)
[1.398s]   File "/home/autoronto/.local/lib/python3.8/site-packages/setuptools/_distutils/dist.py", line 973, in run_command
[1.398s]     cmd_obj.run()
[1.398s]   File "/home/autoronto/.local/lib/python3.8/site-packages/setuptools/command/egg_info.py", line 312, in run
[1.399s]     self.find_sources()
[1.399s]   File "/home/autoronto/.local/lib/python3.8/site-packages/setuptools/command/egg_info.py", line 320, in find_sources
[1.399s]     mm.run()
[1.399s]   File "/home/autoronto/.local/lib/python3.8/site-packages/setuptools/command/egg_info.py", line 546, in run
[1.399s]     self.prune_file_list()
[1.399s]   File "/home/autoronto/.local/lib/python3.8/site-packages/setuptools/command/sdist.py", line 162, in prune_file_list
[1.399s]     super().prune_file_list()
[1.399s]   File "/home/autoronto/.local/lib/python3.8/site-packages/setuptools/_distutils/command/sdist.py", line 380, in prune_file_list
[1.399s]     base_dir = self.distribution.get_fullname()
[1.399s]   File "/home/autoronto/.local/lib/python3.8/site-packages/setuptools/_core_metadata.py", line 267, in get_fullname
[1.399s]     return _distribution_fullname(self.get_name(), self.get_version())
[1.399s]   File "/home/autoronto/.local/lib/python3.8/site-packages/setuptools/_core_metadata.py", line 285, in _distribution_fullname
[1.399s]     canonicalize_version(version, strip_trailing_zero=False),
[1.400s] TypeError: canonicalize_version() got an unexpected keyword argument 'strip_trailing_zero'
[1.422s] Invoked command in '/home/autoronto/capstone_ws/rob498_drone' returned '1': PYTHONPATH=/home/autoronto/capstone_ws/build/rob498_drone/prefix_override:/usr/lib/python3/dist-packages/colcon_core/task/python/colcon_distutils_commands:/home/autoronto/capstone_ws/install/rob498_drone/lib/python3.8/site-packages:${PYTHONPATH} /usr/bin/python3 -W ignore:setup.py install is deprecated -W ignore:easy_install command is deprecated setup.py egg_info --egg-base ../build/rob498_drone build --build-base /home/autoronto/capstone_ws/build/rob498_drone/build install --record /home/autoronto/capstone_ws/build/rob498_drone/install.log --install-scripts $base/lib/rob498_drone --single-version-externally-managed
