[1.946s] DEBUG:colcon:Command line arguments: ['/usr/bin/colcon', 'build', '--packages-select', 'rob498_drone']
[1.947s] DEBUG:colcon:Parsed command line arguments: Namespace(allow_overriding=[], ament_cmake_args=None, base_paths=['.'], build_base='build', catkin_cmake_args=None, catkin_skip_building_tests=False, cmake_args=None, cmake_clean_cache=False, cmake_clean_first=False, cmake_force_configure=False, cmake_target=None, cmake_target_skip_unavailable=False, continue_on_error=False, event_handlers=None, executor='parallel', ignore_user_meta=False, install_base='install', log_base=None, log_level=None, main=<bound method BuildVerb.main of <colcon_core.verb.build.BuildVerb object at 0x7f7a400430>>, merge_install=False, metas=['./colcon.meta'], packages_above=None, packages_above_and_dependencies=None, packages_above_depth=None, packages_end=None, packages_ignore=None, packages_ignore_regex=None, packages_select=['rob498_drone'], packages_select_build_failed=False, packages_select_by_dep=None, packages_select_regex=None, packages_select_test_failures=False, packages_skip=None, packages_skip_build_finished=False, packages_skip_by_dep=None, packages_skip_regex=None, packages_skip_test_passed=False, packages_skip_up_to=None, packages_start=None, packages_up_to=None, packages_up_to_regex=None, parallel_workers=4, paths=None, symlink_install=False, test_result_base=None, verb_extension=<colcon_core.verb.build.BuildVerb object at 0x7f7a400430>, verb_name='build', verb_parser=<colcon_defaults.argument_parser.defaults.DefaultArgumentsDecorator object at 0x7f7a386ca0>)
[3.485s] Level 1:colcon.colcon_core.package_discovery:discover_packages(colcon_meta) check parameters
[3.486s] Level 1:colcon.colcon_core.package_discovery:discover_packages(recursive) check parameters
[3.486s] Level 1:colcon.colcon_core.package_discovery:discover_packages(ignore) check parameters
[3.487s] Level 1:colcon.colcon_core.package_discovery:discover_packages(path) check parameters
[3.487s] Level 1:colcon.colcon_core.package_discovery:discover_packages(colcon_meta) discover
[3.487s] Level 1:colcon.colcon_core.package_discovery:discover_packages(recursive) discover
[3.487s] INFO:colcon.colcon_core.package_discovery:Crawling recursively for packages in '/home/jetson/capstone_ws'
[3.488s] Level 1:colcon.colcon_core.package_identification:_identify(.) by extensions ['ignore', 'ignore_ament_install']
[3.489s] Level 1:colcon.colcon_core.package_identification:_identify(.) by extension 'ignore'
[3.489s] Level 1:colcon.colcon_core.package_identification:_identify(.) by extension 'ignore_ament_install'
[3.489s] Level 1:colcon.colcon_core.package_identification:_identify(.) by extensions ['colcon_pkg']
[3.490s] Level 1:colcon.colcon_core.package_identification:_identify(.) by extension 'colcon_pkg'
[3.490s] Level 1:colcon.colcon_core.package_identification:_identify(.) by extensions ['colcon_meta']
[3.490s] Level 1:colcon.colcon_core.package_identification:_identify(.) by extension 'colcon_meta'
[3.490s] Level 1:colcon.colcon_core.package_identification:_identify(.) by extensions ['ros']
[3.491s] Level 1:colcon.colcon_core.package_identification:_identify(.) by extension 'ros'
[3.610s] Level 1:colcon.colcon_core.package_identification:_identify(.) by extensions ['cmake', 'python']
[3.610s] Level 1:colcon.colcon_core.package_identification:_identify(.) by extension 'cmake'
[3.611s] Level 1:colcon.colcon_core.package_identification:_identify(.) by extension 'python'
[3.611s] Level 1:colcon.colcon_core.package_identification:_identify(.) by extensions ['python_setup_py']
[3.611s] Level 1:colcon.colcon_core.package_identification:_identify(.) by extension 'python_setup_py'
[3.612s] Level 1:colcon.colcon_core.package_identification:_identify(build) by extensions ['ignore', 'ignore_ament_install']
[3.612s] Level 1:colcon.colcon_core.package_identification:_identify(build) by extension 'ignore'
[3.612s] Level 1:colcon.colcon_core.package_identification:_identify(build) ignored
[3.613s] Level 1:colcon.colcon_core.package_identification:_identify(install) by extensions ['ignore', 'ignore_ament_install']
[3.613s] Level 1:colcon.colcon_core.package_identification:_identify(install) by extension 'ignore'
[3.614s] Level 1:colcon.colcon_core.package_identification:_identify(install) ignored
[3.614s] Level 1:colcon.colcon_core.package_identification:_identify(log) by extensions ['ignore', 'ignore_ament_install']
[3.614s] Level 1:colcon.colcon_core.package_identification:_identify(log) by extension 'ignore'
[3.615s] Level 1:colcon.colcon_core.package_identification:_identify(log) ignored
[3.615s] Level 1:colcon.colcon_core.package_identification:_identify(rob498_drone) by extensions ['ignore', 'ignore_ament_install']
[3.615s] Level 1:colcon.colcon_core.package_identification:_identify(rob498_drone) by extension 'ignore'
[3.616s] Level 1:colcon.colcon_core.package_identification:_identify(rob498_drone) by extension 'ignore_ament_install'
[3.616s] Level 1:colcon.colcon_core.package_identification:_identify(rob498_drone) by extensions ['colcon_pkg']
[3.616s] Level 1:colcon.colcon_core.package_identification:_identify(rob498_drone) by extension 'colcon_pkg'
[3.616s] Level 1:colcon.colcon_core.package_identification:_identify(rob498_drone) by extensions ['colcon_meta']
[3.617s] Level 1:colcon.colcon_core.package_identification:_identify(rob498_drone) by extension 'colcon_meta'
[3.617s] Level 1:colcon.colcon_core.package_identification:_identify(rob498_drone) by extensions ['ros']
[3.617s] Level 1:colcon.colcon_core.package_identification:_identify(rob498_drone) by extension 'ros'
[3.631s] DEBUG:colcon.colcon_core.package_identification:Package 'rob498_drone' with type 'ros.ament_python' and name 'rob498_drone'
[3.631s] Level 1:colcon.colcon_core.package_identification:_identify(src) by extensions ['ignore', 'ignore_ament_install']
[3.632s] Level 1:colcon.colcon_core.package_identification:_identify(src) by extension 'ignore'
[3.632s] Level 1:colcon.colcon_core.package_identification:_identify(src) by extension 'ignore_ament_install'
[3.632s] Level 1:colcon.colcon_core.package_identification:_identify(src) by extensions ['colcon_pkg']
[3.633s] Level 1:colcon.colcon_core.package_identification:_identify(src) by extension 'colcon_pkg'
[3.633s] Level 1:colcon.colcon_core.package_identification:_identify(src) by extensions ['colcon_meta']
[3.633s] Level 1:colcon.colcon_core.package_identification:_identify(src) by extension 'colcon_meta'
[3.633s] Level 1:colcon.colcon_core.package_identification:_identify(src) by extensions ['ros']
[3.633s] Level 1:colcon.colcon_core.package_identification:_identify(src) by extension 'ros'
[3.634s] Level 1:colcon.colcon_core.package_identification:_identify(src) by extensions ['cmake', 'python']
[3.634s] Level 1:colcon.colcon_core.package_identification:_identify(src) by extension 'cmake'
[3.634s] Level 1:colcon.colcon_core.package_identification:_identify(src) by extension 'python'
[3.634s] Level 1:colcon.colcon_core.package_identification:_identify(src) by extensions ['python_setup_py']
[3.635s] Level 1:colcon.colcon_core.package_identification:_identify(src) by extension 'python_setup_py'
[3.635s] Level 1:colcon.colcon_core.package_identification:_identify(src/px4_autonomy_modules) by extensions ['ignore', 'ignore_ament_install']
[3.635s] Level 1:colcon.colcon_core.package_identification:_identify(src/px4_autonomy_modules) by extension 'ignore'
[3.636s] Level 1:colcon.colcon_core.package_identification:_identify(src/px4_autonomy_modules) by extension 'ignore_ament_install'
[3.636s] Level 1:colcon.colcon_core.package_identification:_identify(src/px4_autonomy_modules) by extensions ['colcon_pkg']
[3.636s] Level 1:colcon.colcon_core.package_identification:_identify(src/px4_autonomy_modules) by extension 'colcon_pkg'
[3.636s] Level 1:colcon.colcon_core.package_identification:_identify(src/px4_autonomy_modules) by extensions ['colcon_meta']
[3.636s] Level 1:colcon.colcon_core.package_identification:_identify(src/px4_autonomy_modules) by extension 'colcon_meta'
[3.637s] Level 1:colcon.colcon_core.package_identification:_identify(src/px4_autonomy_modules) by extensions ['ros']
[3.637s] Level 1:colcon.colcon_core.package_identification:_identify(src/px4_autonomy_modules) by extension 'ros'
[3.643s] DEBUG:colcon.colcon_core.package_identification:Package 'src/px4_autonomy_modules' with type 'ros.ament_python' and name 'px4_autonomy_modules'
[3.643s] Level 1:colcon.colcon_core.package_identification:_identify(src/rob498_drone) by extensions ['ignore', 'ignore_ament_install']
[3.644s] Level 1:colcon.colcon_core.package_identification:_identify(src/rob498_drone) by extension 'ignore'
[3.645s] Level 1:colcon.colcon_core.package_identification:_identify(src/rob498_drone) by extension 'ignore_ament_install'
[3.645s] Level 1:colcon.colcon_core.package_identification:_identify(src/rob498_drone) by extensions ['colcon_pkg']
[3.645s] Level 1:colcon.colcon_core.package_identification:_identify(src/rob498_drone) by extension 'colcon_pkg'
[3.645s] Level 1:colcon.colcon_core.package_identification:_identify(src/rob498_drone) by extensions ['colcon_meta']
[3.646s] Level 1:colcon.colcon_core.package_identification:_identify(src/rob498_drone) by extension 'colcon_meta'
[3.646s] Level 1:colcon.colcon_core.package_identification:_identify(src/rob498_drone) by extensions ['ros']
[3.646s] Level 1:colcon.colcon_core.package_identification:_identify(src/rob498_drone) by extension 'ros'
[3.647s] Level 1:colcon.colcon_core.package_identification:_identify(src/rob498_drone) by extensions ['cmake', 'python']
[3.647s] Level 1:colcon.colcon_core.package_identification:_identify(src/rob498_drone) by extension 'cmake'
[3.647s] Level 1:colcon.colcon_core.package_identification:_identify(src/rob498_drone) by extension 'python'
[3.648s] Level 1:colcon.colcon_core.package_identification:_identify(src/rob498_drone) by extensions ['python_setup_py']
[3.648s] Level 1:colcon.colcon_core.package_identification:_identify(src/rob498_drone) by extension 'python_setup_py'
[3.649s] Level 1:colcon.colcon_core.package_identification:_identify(src/scripts) by extensions ['ignore', 'ignore_ament_install']
[3.649s] Level 1:colcon.colcon_core.package_identification:_identify(src/scripts) by extension 'ignore'
[3.649s] Level 1:colcon.colcon_core.package_identification:_identify(src/scripts) by extension 'ignore_ament_install'
[3.650s] Level 1:colcon.colcon_core.package_identification:_identify(src/scripts) by extensions ['colcon_pkg']
[3.650s] Level 1:colcon.colcon_core.package_identification:_identify(src/scripts) by extension 'colcon_pkg'
[3.650s] Level 1:colcon.colcon_core.package_identification:_identify(src/scripts) by extensions ['colcon_meta']
[3.651s] Level 1:colcon.colcon_core.package_identification:_identify(src/scripts) by extension 'colcon_meta'
[3.651s] Level 1:colcon.colcon_core.package_identification:_identify(src/scripts) by extensions ['ros']
[3.651s] Level 1:colcon.colcon_core.package_identification:_identify(src/scripts) by extension 'ros'
[3.652s] Level 1:colcon.colcon_core.package_identification:_identify(src/scripts) by extensions ['cmake', 'python']
[3.652s] Level 1:colcon.colcon_core.package_identification:_identify(src/scripts) by extension 'cmake'
[3.652s] Level 1:colcon.colcon_core.package_identification:_identify(src/scripts) by extension 'python'
[3.653s] Level 1:colcon.colcon_core.package_identification:_identify(src/scripts) by extensions ['python_setup_py']
[3.653s] Level 1:colcon.colcon_core.package_identification:_identify(src/scripts) by extension 'python_setup_py'
[3.654s] Level 1:colcon.colcon_core.package_identification:_identify(src/srv) by extensions ['ignore', 'ignore_ament_install']
[3.654s] Level 1:colcon.colcon_core.package_identification:_identify(src/srv) by extension 'ignore'
[3.654s] Level 1:colcon.colcon_core.package_identification:_identify(src/srv) by extension 'ignore_ament_install'
[3.655s] Level 1:colcon.colcon_core.package_identification:_identify(src/srv) by extensions ['colcon_pkg']
[3.655s] Level 1:colcon.colcon_core.package_identification:_identify(src/srv) by extension 'colcon_pkg'
[3.655s] Level 1:colcon.colcon_core.package_identification:_identify(src/srv) by extensions ['colcon_meta']
[3.656s] Level 1:colcon.colcon_core.package_identification:_identify(src/srv) by extension 'colcon_meta'
[3.656s] Level 1:colcon.colcon_core.package_identification:_identify(src/srv) by extensions ['ros']
[3.656s] Level 1:colcon.colcon_core.package_identification:_identify(src/srv) by extension 'ros'
[3.657s] Level 1:colcon.colcon_core.package_identification:_identify(src/srv) by extensions ['cmake', 'python']
[3.657s] Level 1:colcon.colcon_core.package_identification:_identify(src/srv) by extension 'cmake'
[3.657s] Level 1:colcon.colcon_core.package_identification:_identify(src/srv) by extension 'python'
[3.658s] Level 1:colcon.colcon_core.package_identification:_identify(src/srv) by extensions ['python_setup_py']
[3.658s] Level 1:colcon.colcon_core.package_identification:_identify(src/srv) by extension 'python_setup_py'
[3.658s] Level 1:colcon.colcon_core.package_discovery:discover_packages(recursive) using defaults
[3.659s] Level 1:colcon.colcon_core.package_discovery:discover_packages(ignore) discover
[3.659s] Level 1:colcon.colcon_core.package_discovery:discover_packages(ignore) using defaults
[3.659s] Level 1:colcon.colcon_core.package_discovery:discover_packages(path) discover
[3.659s] Level 1:colcon.colcon_core.package_discovery:discover_packages(path) using defaults
[3.795s] INFO:colcon.colcon_core.package_selection:Skipping not selected package 'px4_autonomy_modules' in 'src/px4_autonomy_modules'
[3.798s] Level 1:colcon.colcon_core.package_discovery:discover_packages(prefix_path) check parameters
[3.799s] Level 1:colcon.colcon_core.package_discovery:discover_packages(prefix_path) discover
[3.817s] DEBUG:colcon.colcon_installed_package_information.package_discovery:Found 1 installed packages in /home/jetson/capstone_ws/install
[3.826s] DEBUG:colcon.colcon_installed_package_information.package_discovery:Found 266 installed packages in /opt/ros/foxy
[3.841s] Level 1:colcon.colcon_core.package_discovery:discover_packages(prefix_path) using defaults
[4.397s] Level 5:colcon.colcon_core.verb:set package 'rob498_drone' build argument 'cmake_args' from command line to 'None'
[4.398s] Level 5:colcon.colcon_core.verb:set package 'rob498_drone' build argument 'cmake_target' from command line to 'None'
[4.398s] Level 5:colcon.colcon_core.verb:set package 'rob498_drone' build argument 'cmake_target_skip_unavailable' from command line to 'False'
[4.398s] Level 5:colcon.colcon_core.verb:set package 'rob498_drone' build argument 'cmake_clean_cache' from command line to 'False'
[4.399s] Level 5:colcon.colcon_core.verb:set package 'rob498_drone' build argument 'cmake_clean_first' from command line to 'False'
[4.399s] Level 5:colcon.colcon_core.verb:set package 'rob498_drone' build argument 'cmake_force_configure' from command line to 'False'
[4.399s] Level 5:colcon.colcon_core.verb:set package 'rob498_drone' build argument 'ament_cmake_args' from command line to 'None'
[4.399s] Level 5:colcon.colcon_core.verb:set package 'rob498_drone' build argument 'catkin_cmake_args' from command line to 'None'
[4.399s] Level 5:colcon.colcon_core.verb:set package 'rob498_drone' build argument 'catkin_skip_building_tests' from command line to 'False'
[4.399s] DEBUG:colcon.colcon_core.verb:Building package 'rob498_drone' with the following arguments: {'ament_cmake_args': None, 'build_base': '/home/jetson/capstone_ws/build/rob498_drone', 'catkin_cmake_args': None, 'catkin_skip_building_tests': False, 'cmake_args': None, 'cmake_clean_cache': False, 'cmake_clean_first': False, 'cmake_force_configure': False, 'cmake_target': None, 'cmake_target_skip_unavailable': False, 'install_base': '/home/jetson/capstone_ws/install/rob498_drone', 'merge_install': False, 'path': '/home/jetson/capstone_ws/rob498_drone', 'symlink_install': False, 'test_result_base': None}
[4.400s] INFO:colcon.colcon_core.executor:Executing jobs using 'parallel' executor
[4.404s] DEBUG:colcon.colcon_parallel_executor.executor.parallel:run_until_complete
[4.405s] INFO:colcon.colcon_ros.task.ament_python.build:Building ROS package in '/home/jetson/capstone_ws/rob498_drone' with build type 'ament_python'
[4.406s] Level 1:colcon.colcon_core.shell:create_environment_hook('rob498_drone', 'ament_prefix_path')
[4.424s] INFO:colcon.colcon_core.plugin_system:Skipping extension 'colcon_core.shell.bat': Not used on non-Windows systems
[4.425s] INFO:colcon.colcon_core.shell:Creating environment hook '/home/jetson/capstone_ws/install/rob498_drone/share/rob498_drone/hook/ament_prefix_path.ps1'
[4.429s] INFO:colcon.colcon_core.shell:Creating environment descriptor '/home/jetson/capstone_ws/install/rob498_drone/share/rob498_drone/hook/ament_prefix_path.dsv'
[4.432s] INFO:colcon.colcon_core.shell:Creating environment hook '/home/jetson/capstone_ws/install/rob498_drone/share/rob498_drone/hook/ament_prefix_path.sh'
[4.436s] INFO:colcon.colcon_core.shell:Skip shell extension 'powershell' for command environment: Not usable outside of PowerShell
[4.437s] DEBUG:colcon.colcon_core.shell:Skip shell extension 'dsv' for command environment
[6.509s] WARNING:colcon.colcon_ros.task.ament_python.build:Package 'rob498_drone' doesn't explicitly install a marker in the package index (colcon-ros currently does it implicitly but that fallback will be removed in the future)
[6.510s] WARNING:colcon.colcon_ros.task.ament_python.build:Package 'rob498_drone' doesn't explicitly install the 'package.xml' file (colcon-ros currently does it implicitly but that fallback will be removed in the future)
[6.513s] INFO:colcon.colcon_core.task.python.build:Building Python package in '/home/jetson/capstone_ws/rob498_drone'
[6.514s] INFO:colcon.colcon_core.shell:Skip shell extension 'powershell' for command environment: Not usable outside of PowerShell
[6.515s] DEBUG:colcon.colcon_core.shell:Skip shell extension 'dsv' for command environment
[9.546s] DEBUG:colcon.colcon_core.event_handler.log_command:Invoking command in '/home/jetson/capstone_ws/rob498_drone': PYTHONPATH=/home/jetson/capstone_ws/build/rob498_drone/prefix_override:/usr/lib/python3/dist-packages/colcon_core/task/python/colcon_distutils_commands:/home/jetson/capstone_ws/install/rob498_drone/lib/python3.8/site-packages:${PYTHONPATH} /usr/bin/python3 -W ignore:setup.py install is deprecated -W ignore:easy_install command is deprecated setup.py egg_info --egg-base ../build/rob498_drone build --build-base /home/jetson/capstone_ws/build/rob498_drone/build install --record /home/jetson/capstone_ws/build/rob498_drone/install.log --install-scripts $base/lib/rob498_drone --single-version-externally-managed
[12.255s] DEBUG:colcon.colcon_core.event_handler.log_command:Invoked command in '/home/jetson/capstone_ws/rob498_drone' returned '0': PYTHONPATH=/home/jetson/capstone_ws/build/rob498_drone/prefix_override:/usr/lib/python3/dist-packages/colcon_core/task/python/colcon_distutils_commands:/home/jetson/capstone_ws/install/rob498_drone/lib/python3.8/site-packages:${PYTHONPATH} /usr/bin/python3 -W ignore:setup.py install is deprecated -W ignore:easy_install command is deprecated setup.py egg_info --egg-base ../build/rob498_drone build --build-base /home/jetson/capstone_ws/build/rob498_drone/build install --record /home/jetson/capstone_ws/build/rob498_drone/install.log --install-scripts $base/lib/rob498_drone --single-version-externally-managed
[12.277s] Level 1:colcon.colcon_core.environment:checking '/home/jetson/capstone_ws/install/rob498_drone' for CMake module files
[12.279s] Level 1:colcon.colcon_core.environment:checking '/home/jetson/capstone_ws/install/rob498_drone' for CMake config files
[12.283s] Level 1:colcon.colcon_core.environment:checking '/home/jetson/capstone_ws/install/rob498_drone/lib'
[12.284s] Level 1:colcon.colcon_core.environment:checking '/home/jetson/capstone_ws/install/rob498_drone/bin'
[12.284s] Level 1:colcon.colcon_core.environment:checking '/home/jetson/capstone_ws/install/rob498_drone/lib/pkgconfig/rob498_drone.pc'
[12.285s] Level 1:colcon.colcon_core.environment:checking '/home/jetson/capstone_ws/install/rob498_drone/lib/python3.8/site-packages'
[12.286s] Level 1:colcon.colcon_core.shell:create_environment_hook('rob498_drone', 'pythonpath')
[12.287s] INFO:colcon.colcon_core.shell:Creating environment hook '/home/jetson/capstone_ws/install/rob498_drone/share/rob498_drone/hook/pythonpath.ps1'
[12.290s] INFO:colcon.colcon_core.shell:Creating environment descriptor '/home/jetson/capstone_ws/install/rob498_drone/share/rob498_drone/hook/pythonpath.dsv'
[12.291s] INFO:colcon.colcon_core.shell:Creating environment hook '/home/jetson/capstone_ws/install/rob498_drone/share/rob498_drone/hook/pythonpath.sh'
[12.294s] Level 1:colcon.colcon_core.environment:checking '/home/jetson/capstone_ws/install/rob498_drone/bin'
[12.295s] Level 1:colcon.colcon_core.environment:create_environment_scripts_only(rob498_drone)
[12.297s] INFO:colcon.colcon_core.shell:Creating package script '/home/jetson/capstone_ws/install/rob498_drone/share/rob498_drone/package.ps1'
[12.302s] INFO:colcon.colcon_core.shell:Creating package descriptor '/home/jetson/capstone_ws/install/rob498_drone/share/rob498_drone/package.dsv'
[12.306s] INFO:colcon.colcon_core.shell:Creating package script '/home/jetson/capstone_ws/install/rob498_drone/share/rob498_drone/package.sh'
[12.313s] INFO:colcon.colcon_core.shell:Creating package script '/home/jetson/capstone_ws/install/rob498_drone/share/rob498_drone/package.bash'
[12.318s] INFO:colcon.colcon_core.shell:Creating package script '/home/jetson/capstone_ws/install/rob498_drone/share/rob498_drone/package.zsh'
[12.325s] Level 1:colcon.colcon_core.environment:create_file_with_runtime_dependencies(/home/jetson/capstone_ws/install/rob498_drone/share/colcon-core/packages/rob498_drone)
[12.327s] DEBUG:colcon.colcon_parallel_executor.executor.parallel:closing loop
[12.330s] DEBUG:colcon.colcon_parallel_executor.executor.parallel:loop closed
[12.330s] DEBUG:colcon.colcon_parallel_executor.executor.parallel:run_until_complete finished with '0'
[12.331s] DEBUG:colcon.colcon_core.event_reactor:joining thread
[12.376s] INFO:colcon.colcon_core.plugin_system:Skipping extension 'colcon_notification.desktop_notification.terminal_notifier': Not used on non-Darwin systems
[12.377s] INFO:colcon.colcon_core.plugin_system:Skipping extension 'colcon_notification.desktop_notification.win32': Not used on non-Windows systems
[12.378s] INFO:colcon.colcon_notification.desktop_notification:Sending desktop notification using 'notify2'
[12.541s] DEBUG:colcon.colcon_core.event_reactor:joined thread
[12.542s] INFO:colcon.colcon_core.shell:Creating prefix script '/home/jetson/capstone_ws/install/local_setup.ps1'
[12.549s] INFO:colcon.colcon_core.shell:Creating prefix util module '/home/jetson/capstone_ws/install/_local_setup_util_ps1.py'
[12.557s] INFO:colcon.colcon_core.shell:Creating prefix chain script '/home/jetson/capstone_ws/install/setup.ps1'
[12.566s] INFO:colcon.colcon_core.shell:Creating prefix script '/home/jetson/capstone_ws/install/local_setup.sh'
[12.570s] INFO:colcon.colcon_core.shell:Creating prefix util module '/home/jetson/capstone_ws/install/_local_setup_util_sh.py'
[12.573s] INFO:colcon.colcon_core.shell:Creating prefix chain script '/home/jetson/capstone_ws/install/setup.sh'
[12.579s] INFO:colcon.colcon_core.shell:Creating prefix script '/home/jetson/capstone_ws/install/local_setup.bash'
[12.584s] INFO:colcon.colcon_core.shell:Creating prefix chain script '/home/jetson/capstone_ws/install/setup.bash'
[12.599s] INFO:colcon.colcon_core.shell:Creating prefix script '/home/jetson/capstone_ws/install/local_setup.zsh'
[12.604s] INFO:colcon.colcon_core.shell:Creating prefix chain script '/home/jetson/capstone_ws/install/setup.zsh'
