[5.139s] Invoking command in '/home/jetson/capstone_ws/rob498_drone': PYTHONPATH=/home/jetson/capstone_ws/build/rob498_drone/prefix_override:/usr/lib/python3/dist-packages/colcon_core/task/python/colcon_distutils_commands:/home/jetson/capstone_ws/install/rob498_drone/lib/python3.8/site-packages:${PYTHONPATH} /usr/bin/python3 -W ignore:setup.py install is deprecated -W ignore:easy_install command is deprecated setup.py egg_info --egg-base ../build/rob498_drone build --build-base /home/jetson/capstone_ws/build/rob498_drone/build install --record /home/jetson/capstone_ws/build/rob498_drone/install.log --install-scripts $base/lib/rob498_drone --single-version-externally-managed
[7.156s] /usr/local/lib/python3.8/dist-packages/setuptools/dist.py:717: UserWarning: Usage of dash-separated 'script-dir' will not be supported in future versions. Please use the underscore name 'script_dir' instead
[7.160s]   warnings.warn(
[7.503s] running egg_info
[7.507s] writing ../build/rob498_drone/rob498_drone.egg-info/PKG-INFO
[7.510s] writing dependency_links to ../build/rob498_drone/rob498_drone.egg-info/dependency_links.txt
[7.512s] writing entry points to ../build/rob498_drone/rob498_drone.egg-info/entry_points.txt
[7.513s] writing requirements to ../build/rob498_drone/rob498_drone.egg-info/requires.txt
[7.513s] writing top-level names to ../build/rob498_drone/rob498_drone.egg-info/top_level.txt
[7.535s] reading manifest file '../build/rob498_drone/rob498_drone.egg-info/SOURCES.txt'
[7.540s] writing manifest file '../build/rob498_drone/rob498_drone.egg-info/SOURCES.txt'
[7.541s] running build
[7.542s] running build_py
[7.542s] copying rob498_drone/comm_node.py -> /home/jetson/capstone_ws/build/rob498_drone/build/lib/rob498_drone
[7.545s] running install
[7.548s] running install_lib
[7.552s] copying /home/jetson/capstone_ws/build/rob498_drone/build/lib/rob498_drone/comm_node.py -> /home/jetson/capstone_ws/install/rob498_drone/lib/python3.8/site-packages/rob498_drone
[7.554s] byte-compiling /home/jetson/capstone_ws/install/rob498_drone/lib/python3.8/site-packages/rob498_drone/comm_node.py to comm_node.cpython-38.pyc
[7.558s] running install_egg_info
[7.569s] removing '/home/jetson/capstone_ws/install/rob498_drone/lib/python3.8/site-packages/rob498_drone-0.0.1-py3.8.egg-info' (and everything under it)
[7.570s] Copying ../build/rob498_drone/rob498_drone.egg-info to /home/jetson/capstone_ws/install/rob498_drone/lib/python3.8/site-packages/rob498_drone-0.0.1-py3.8.egg-info
[7.577s] running install_scripts
[7.705s] Installing comm_node script to /home/jetson/capstone_ws/install/rob498_drone/lib/rob498_drone
[7.708s] writing list of installed files to '/home/jetson/capstone_ws/build/rob498_drone/install.log'
[7.848s] Invoked command in '/home/jetson/capstone_ws/rob498_drone' returned '0': PYTHONPATH=/home/jetson/capstone_ws/build/rob498_drone/prefix_override:/usr/lib/python3/dist-packages/colcon_core/task/python/colcon_distutils_commands:/home/jetson/capstone_ws/install/rob498_drone/lib/python3.8/site-packages:${PYTHONPATH} /usr/bin/python3 -W ignore:setup.py install is deprecated -W ignore:easy_install command is deprecated setup.py egg_info --egg-base ../build/rob498_drone build --build-base /home/jetson/capstone_ws/build/rob498_drone/build install --record /home/jetson/capstone_ws/build/rob498_drone/install.log --install-scripts $base/lib/rob498_drone --single-version-externally-managed
